100
0 2 3 1412 1541 8 2825 236 16 6915 1558 2841 22 155 6045 624 32 3489 2978 35 36 1702 935 552 426 1583 5448 309 5046 1847 5561 442 1725 288 451 3652 2849 4040 1227 2509 717 720 7013 210 2045 3160 1884 5469 2526 8549 96 5136 995 4048 3045 615 107 4460 3053 110 1137 2288 625 882 42 756 6134 72 33 2428 3069 120
1 0 1 2 5 7 8 9 138 396 13 14 17 19 21 22 26 27 30 159 180 1572 549 38 40 425 815 176 72 946 52 56 436 61 62 63 65 3912 461 398 57 88 164 92 37 1189 123 869 742 231 4589 238 240 126 251 3198 85
2 0 1 2 3 4 5 7 8 9 11 14 16 146 148 152 25 282 27 28 33 155 156 3244 45 44 49 179 132 65 66 69 940 81 210 83 214 94 96 355 102 103 236 751 637 264
3 256 8704 903 2696 4361 10 907 1549 2191 67 4630 2992 419 4009 42 46 1456 9138 698 60 447 8643 1734 33 73 3659 141 725 271 92 8295 235 5519 2805 809 298 253 126 426
4 6913 6147 2052 3975 908 1679 7313 2706 3033 671 552 3420 7687 941 433 1843 308 3767 1336 3769 1387 4157 8901 3654 5196 4791 3404 9017 335 8401 4178 2132 3860 1623 1881 7287 1628 3293 862 993 229 102 2791 1257 3946 7275 2413 3056 3689 9464 3348 2431 511
5 1541 390 650 11 269 15 195 20 21 24 25 1437 158 31 161 4258 36 933 168 41 299 240 686 76 53 316 62 193 2627 73 716 8270 90 93 94 97 98 611 869 2918 9447 747 8044 496 3057 2163 500 119 249 1274 255
6 1 5634 133 135 137 13 19 2196 21 280 26 926 1184 164 40 41 172 46 175 176 178 51 30 442 188 53 1476 197 72 129 75 1281 1871 86 89 954 95 99 44 112 634 1310
7 0 2 4 8 9 11 12 1805 142 145 21 153 47 157 37 40 1452 46 55 184 316 195 198 201 459 461 79 2768 9425 139 2169 1496 89 93 229 96 355 102 60 1770 7508 250 124 277
8 0 2 3 4 6 8 9 10 11 524 15 8215 28 8734 35 1572 41 2608 50 54 58 1597 1089 12 74 596 2140 4703 1632 2148 7269 3179 2158 8819 631 120 121 7292 3198 5247 135 2700 1679 110 151 158 3747 1735 684 178 6837 5313 3266 709 1734 199 1225 735 3302 7915 5367 252 253 4864 261 1287 1290 4885 280 290 3389 3467 9030 1365 2902 8080 1388 7537 7033 2430 899 5515 2960 404 1434 1440 940 4525 1468 3517 2572 4554 484 485 487
9 0 1 2 899 4 6 7 8 9 138 11 2700 142 15 16 18 19 20 25 27 28 158 31 176 155 164 7878 4390 1510 44 47 432 115 55 2616 58 650 35 65 2955 69 70 199 72 6729 204 78 5200 2258 163 468 725 2820 727 2136 1881 2140 2735 84 1122 2726 5862 103 232 873 7147 110 83 126 4308 403 510
10 0 513 2 6 4609 8 9 10 11 12 15 16 18 20 21 22 23 24 27 28 30 35 36 37 38 7 47 60 61 62 63 65 72 78 80 5725 1131 624 4210 120 123 2701 145 5276 4266 1707 176 1 193 1737 290 4317 6379 638 256 268 7959 2848 1826 5926 1327 2871 824 332 1506 4432 9047 859 4978 372 914 915 3477 6049 5031 940 948 442 957 455 468 482 1447
11 0 1 2 4 5 902 7 8 9 11 13 142 272 1566 41 136 51 181 55 245 64 139 327 75 206 653 248 6656 87 79 93 236 111 112 117 125
12 0 1 2 3 4 5 6 7 8 9 138 11 13 14 16 17 1298 19 20 23 155 28 29 1310 69 34 3483 390 168 554 43 175 176 52 1077 54 1591 184 316 10 62 65 2371 2116 2757 290 120 82 803 84 121 221 1502 421 2148 231 2153 1263 27 595 117 632 7929 252 126
13 4864 1793 4994 1686 2049 44 10 909 5902 3600 3700 1042 2579 2198 7325 1438 9888 240 2852 1959 1452 429 1967 1979 8116 503 393 3257 2491 572 1981 1087 1988 3525 5834 567 2509 4482 976 3706 3284 57 5336 3676 2653 2142 3041 8802 611 1128 7658 29 7918 8688 6131 6644 885 1271 249 7162 2922 4350 3839
14 128 3457 130 6 3591 8 650 9559 398 143 3182 708 2205 161 290 1122 3239 680 7 1324 45 303 49 948 94 185 186 224 450 6979 196 456 1097 825 807 1104 14 343 5721 5850 92 442 734 992 482 104 362 749 1902 8168 4594 7155 349 252
15 0 1 2 3 4 5 6 513 8 9 138 139 13 15 18 147 9365 23 280 2818 32 545 41 42 43 561 309 182 1161 3082 3774 63 67 69 33 968 977 84 87 7 92 1401 391 9957 1495 107 113 72 468 125 126
16 256 1027 9225 762 6031 659 3950 151 5791 288 4848 418 1315 933 2983 681 170 3500 303 948 5429 1590 1207 2744 191 1985 331 7367 4371 3054 4023 1100 5069 2767 848 722 3715 725 1754 207 2268 506 6565 1762 611 5222 6630 999 3689 167 4974 7791 1136 3698 19 249 634
17 0 1 2 1667 797 5893 1030 7 8 9 138 1420 9927 4497 1554 19 2905 536 665 879 5404 29 5278 1352 6049 2981 2342 2145 28 3243 694 46 1185 1584 561 1330 435 1077 5558 3977 2232 4807 273 510 69 454 583 329 4167 4813 8015 3923 3540 2809 8152 345 346 4443 199 4063 6369 5218 356 485 17 9351 6378 494 4335 2033 1524 9470 1270 4343 2296 84 763 252 3306 1743 4607
18 2688 68 5634 5381 4102 135 9 1930 139 8334 15 1171 878 280 25 26 1052 157 389 161 546 35 4388 37 38 42 647 301 686 48 3121 50 1395 393 355 60 138 267 3983 118 910 583 439 204 646 9611 3053 3410 339 2138 4302 598 836 728 1369 6234 979 731 1546 229 6756 613 747 365 750 879 2416 7984 1604 245 114 4089 1251 123 3158 2523 8703
19 1 9732 1548 17 2079 32 545 3106 1572 3621 38 9768 1587 55 56 5182 3142 1612 86 92 1119 612 1128 1468 625 122 131 134 139 1171 1689 3741 2208 2214 168 681 9081 1244 1762 8933 746 243 764 1284 1799 812 778 6930 5395 5910 285 800 298 2348 303 309 2872 2374 4430 849 2391 346 1376 2403 5990 871 1896 1900 3447 3448 5497 3455 1437 3514 2492 1184 3203 980 981 4063 480 995 1702 3046 1524 1529
20 0 1 2 1027 5 7 8 9 11 140 13 15 16 1169 19 148 21 5526 280 1052 159 32 33 35 36 37 4225 42 43 44 48 49 436 57 442 907 709 2849 1225 74 75 849 20 176 1117 199 102 2150 2153 1771 125 119 120 249 2298 4605 3198
21 1 2 3 4 5 6 7 8 9 4247 12 13 14 15 16 18 19 20 494 22 23 25 27 2848 33 35 134 38 176 47 48 32 325 1350 199 74 78 207 594 84 3158 2264 96 131 103 233 107 236 878 403 117
22 0 1 2 3 4 5 6 7 8 9 10 11 13 14 15 16 17 18 19 20 21 23 26 27 28 44 45 57 58 62 63 69 70 583 72 74 78 97 107 1132 114 117 121 126 138 3211 148 1173 155 161 164 166 184 193 197 207 731 224 236 240 8955 253 2304 2818 1290 301 1310 299 9517 303 3379 650 331 342 859 3424 2402 355 356 389 1930 6035 404 442 843 7624 977 468 2045
23 3 4 7 138 139 17 131 20 1429 152 414 671 34 35 678 426 71 172 253 52 54 55 56 58 95 1351 7607 482 462 83 86 343 250 1119 226 228 869 230 110 1277 42 2169 3066 1450 126 1407
24 128 1 2 388 0 769 8 9 2060 15 16 2264 18 22 644 27 28 31 34 39 42 7086 175 305 184 57 708 12 74 7373 80 977 82 725 185 88 2168 91 1629 103 104 105 231 236 115 120 382 1151
25 0 1667 4100 389 390 8 9 11 140 4397 17 1554 147 20 21 1174 919 26 3483 28 542 1184 161 3747 164 37 166 3880 425 45 1200 50 8243 342 54 40 56 1524 2106 316 1482 3262 63 64 3139 69 3398 72 7242 9677 112 82 83 301 7382 2264 36 602 7354 9054 1888 252 1222 6115 1610 101 1478 3196 5482 850 1134 2685 880 8360 595 4724 62 120 3964 3251 1645
26 0 1 2 3 4 7 8 138 267 1420 258 14 16 131 25 24 409 27 415 161 164 3110 5041 168 554 44 45 2073 948 1333 329 313 446 66 5959 210 526 342 185 91 234 370 2195 1656 890 1019 126
27 0 1 2 3 646 7 8 44 395 6668 909 16 17 18 22 23 24 409 27 157 4510 901 1954 35 164 552 300 45 47 176 172 52 9 57 443 411 343 2116 70 77 206 849 82 211 84 855 739 228 107 112 1522 115 121 122 2171
28 2048 258 132 264 15 144 148 791 4 414 35 164 552 42 44 432 51 55 60 63 64 67 836 70 73 77 78 81 1494 860 478 224 272 232 107 253 4596 1788 1917 1150 383
29 3201 5 7 393 1803 2700 962 270 16 274 21 281 793 31 1697 2726 881 44 177 2099 442 62 65 321 66 417 329 330 206 8911 1669 337 594 595 84 526 3158 223 97 1378 231 360 490 236 109 496 1000
30 2688 1026 1132 9360 274 275 149 150 537 410 2076 9246 31 1904 162 8740 8875 8365 3502 687 8241 6450 1332 56 1210 187 1596 61 4801 6097 968 2274 1610 332 3149 2385 602 2735 7774 992 610 1979 612 465 8938 8427 5484 110 4797 3943 625 372 4597 1401 2427 234
31 0 1 2 3 4 5 7 8 9 138 11 13 14 16 24 19 20 21 280 27 28 7454 31 197 82 37 881 1320 1065 554 4487 6572 4397 776 30 55 2360 58 1093 53 3008 65 1106 69 1734 199 119 79 184 4818 211 596 1989 249 152 1793 735 96 408 867 102 273 105 468 621 1052 8707 6385 915 117 1911 84 6141 126
32 0 1 2 131 5 6 7 8 9 10 663 12 14 18 23 25 27 2076 797 709 5921 34 37 554 47 176 178 128 2614 184 186 60 321 11 69 968 74 975 339 91 97 101 104 1771 5615 374 120
33 0 6 7 8 9 11 12 13 14 20 21 22 3097 27 5150 176 554 8751 51 54 3639 58 574 63 4676 69 73 4172 78 83 84 598 1114 609 102 1667 659 149 25 665 2717 158 679 9896 3248 180 193 33 204 9933 4820 2425 7387 2274 229 252 6698 1793 7437 1807 3119 2848 2849 8488 299 1365 9572 1384 1387 377 1917 8853 900 1930 2444 404 3483 1954 940 432 3514 961 4040 973 2521 990 482 995 3563 3053 1011 503
34 0 1 2 900 7 9 1290 11 268 1679 16 152 18 19 20 1173 3097 24 2713 27 2076 926 33 35 164 549 1575 168 28 171 4142 6577 178 52 137 216 57 58 138 62 73 1737 4023 6604 305 2126 333 1665 15 1756 442 95 96 391 102 1809 1263 40 25 91 4
35 2 899 388 4613 4358 5895 9 8450 2576 914 9957 277 26 7709 1440 653 7970 675 454 5158 1186 1065 1799 300 301 5552 72 6962 566 4410 316 829 190 3011 4164 3126 198 1607 1352 969 4435 503 6059 3662 8973 120 594 3923 344 90 1883 4710 8030 5221 1122 763 2148 7718 4551 444 108 7537 1604 9713 6644 3190 1506 1016 6137 8315 975
36 3586 27 9246 2591 549 4662 1080 61 4171 4688 84 88 4704 2659 1638 616 107 624 114 1656 3194 1151 2180 3718 647 137 1168 149 669 163 1702 712 184 198 1736 206 5329 725 733 737 751 1783 2296 252 8454 1290 8465 797 9521 1332 4919 1850 9542 1351 9040 9562 859 1388 2930 4984 1412 5526 7048 396 1936 406 408 3483 3996 7069 2979 3497 5959 1966 6577 434 967 969 979 469 80 4067 1508 1005 9710 7081 1528 6137 4090
37 0 129 2 3 5 6 7 8 10 395 12 14 17 18 19 21 22 23 3097 410 27 28 26 30 31 155 1 37 166 41 175 176 158 54 56 159 444 1089 69 327 968 1737 1482 587 332 77 2513 4310 88 356 2147 228 869 1256 107 371 126 681 121 4347 253 2430
38 768 3478 364 906 6284 3471 125 2067 6166 2840 3097 1434 4507 346 3359 549 585 7975 7977 5329 5803 9906 6702 815 304 4018 8948 1334 2738 7924 7776 2371 54 2572 7373 590 2047 2385 1362 853 3926 1370 3676 7253 165 5472 8801 3299 1765 3025 1772 7677 4221 3493 3444 3455 507 253 9138
39 0 1 2 3 4 5 1671 8 9 138 11 12 17 18 1667 148 21 22 88 797 158 4768 5921 896 166 40 5546 5895 46 176 7048 273 51 55 56 57 3389 62 7104 32 69 2503 968 2889 74 162 207 184 335 468 1520 7 2383 97 356 33 102 977 107 3182 1292 79 615 119
40 0 1 2 299 388 7 8 3849 2442 907 2316 143 3345 3858 20 1263 538 155 265 797 1184 34 1571 5668 549 1958 3879 284 6698 2475 777 7727 243 9208 7734 439 184 7481 1468 928 2372 566 211 1153 5931 715 972 5326 977 210 803 1880 160 859 6831 621 480 7777 482 3044 231 3561 5778 879 497 183 595 2423 3704 9593 9 1275 4849
41 1408 3 516 389 6 1287 8 10 268 13 14 1168 17 21 22 23 665 157 5 37 12 554 3884 50 59 73 56 1723 60 62 63 64 196 197 737 329 205 3790 9039 120 82 910 476 229 224 97 611 166 145 2079 1262 253 625 371 117 4364 4728 121 3135 42 382
42 0 1 2 3 4 5 6 7 8 9 11 14 15 3600 17 18 19 27 28 29 30 37 39 561 57 58 62 65 69 74 1611 90 3172 2153 1643 1656 121 123 3198 7360 132 138 146 151 155 1184 161 170 8364 7347 4288 708 632 3286 6362 224 5860 6373 1768 1263 2291 126 252 1789 9517 2862 9519 4408 843 332 5973 356 1387 3441 5514 935 968 3533 1495 482 487 1001 1522 1019 2047
43 257 9478 7559 2313 1894 9359 785 6035 664 1434 2844 6045 3358 3231 7712 1571 7589 1958 412 8309 299 1068 2094 1967 2480 3016 7986 5150 7862 1721 8629 800 3395 1988 54 4040 1353 1483 6092 77 6094 1876 5205 1495 219 3532 3038 98 1509 1510 1128 1513 67 2029 6126 4977 755 7797 502 1274
44 2563 1033 12 21 24 6169 1052 8739 2091 1070 54 2106 587 78 595 5210 1651 120 132 2698 146 2707 2196 1173 9886 671 681 3246 1204 187 708 1221 712 201 4817 211 1236 1753 2785 742 750 9459 1270 2298 256 6402 1283 2823 3849 1290 5395 789 2841 3870 389 8480 1826 3363 301 1674 327 3913 331 339 1878 3927 1881 348 8541 7518 1376 8034 1379 869 880 3443 4982 3970 1413 907 1933 404 7594 2291 4532 4023 1183 4551 3065 1002 498 5621 4089 5626
45 0 1 2 171 6 135 8 9 10 23 4226 19 151 26 156 29 30 33 290 37 38 40 41 43 45 176 52 309 6459 138 193 69 330 332 162 1360 85 984 225 108 114 147 120 252 170
46 0 1 2 4372 5 6 7 8 9 138 1679 1168 145 1298 19 20 22 23 152 1502 795 1692 218 33 27 2950 294 681 1324 7854 206 3378 7151 4148 5429 824 6459 1597 4288 65 199 329 6092 205 8654 156 979 468 6222 983 5720 1369 346 93 2816 224 16 2659 4568 485 102 97 9572 5482 1771 236 289 7918 1903 7408 884 501 1270 489 120 4985 634
47 0 129 2 517 135 8 9 138 5 2264 659 22 1434 27 6684 158 31 3106 1307 36 244 7 3887 1073 3635 1 57 58 188 309 192 992 6178 130 583 375 224 82 339 85 598 1495 344 90 861 480 737 484 614 5990 109 110 751 4336 1521 2902 1327 382 383
48 0 2 1283 389 8 9 138 2955 8334 4497 1554 19 404 21 665 26 28 30 1312 545 34 164 37 1575 41 274 583 300 176 3684 10 53 2825 184 1593 1809 4157 62 63 1344 11 69 198 71 841 330 79 211 398 2905 335 348 3 148 227 356 914 1510 17 1384 39 3692 146 110 751 7569 114 147 5843 119 120 55 4799 252
49 0 3457 171 3332 1671 8 137 907 14 16 1937 20 8342 2717 415 32 37 519 1452 1325 29 49 94 1334 641 186 59 61 708 69 74 484 78 80 212 6656 473 350 96 994 996 102 999 106 231 110 496 114 84 1530 1151
50 0 4864 9346 4995 900 5 390 647 776 3244 4619 2444 148 2453 3222 919 2073 155 3869 34 82 198 38 5084 42 44 45 46 303 48 817 2612 236 2292 60 1482 1343 65 70 71 2248 330 76 2513 2787 4347 8702 2688 1891 2780 734 485 1089 1921 6755 1446 5862 5295 63 6762 8044 594 240 9467 83 1524 1269 233 968 6523 2941 126 1599
51 0 1 2818 3 4 5 6 7 8 9 2826 11 12 2 14 15 16 17 18 19 20 9365 22 23 24 665 27 28 30 197 1826 35 5031 1692 1159 45 1224 10 2613 1225 58 187 63 1989 198 72 329 78 13 977 3923 910 6877 5659 5603 2148 3046 102 1745 1387 146 371 2420 117 268 41 121 21 5501 725
52 1153 4611 4869 8955 1417 7307 397 2190 7055 2577 786 4130 7959 410 1950 901 2721 1954 2523 6180 2162 296 5034 5555 7895 5936 1096 1714 5299 365 4277 1591 4025 3999 7869 1088 961 1476 4421 2886 2112 1482 5175 1186 5069 593 850 6228 1805 1465 6744 1469 9946 5851 476 2164 4834 2275 868 485 9832 105 1643 4589 3182 239 5616 6001 6514 1395 1012 2293 1401 1853 6376 2175
53 385 898 899 2052 6 8 138 1035 524 909 14 15 1296 20 534 7064 1434 32 1313 1315 1704 3243 302 48 1077 73 74 63 1056 1931 325 289 968 2249 1866 82 8660 4478 215 176 218 118 99 1495 110 886 246 760 1277 382
54 0 4 243 393 10 12 15 273 18 149 22 663 5020 797 928 164 1321 45 29 1330 2291 52 55 180 954 61 830 193 451 3141 198 2316 78 288 2000 1489 4881 346 5982 96 482 81 104 110 2612 624 115 628 1568 1272 636 509
55 0 1 2 3 4 5 6 7 8 9 10 11 13 14 15 16 17 18 19 20 21 26 27 28 30 549 45 4148 55 57 63 2112 65 80 84 88 2651 103 115 117 121 637 126 1151 650 145 146 662 155 1184 166 3244 176 187 189 3774 193 199 1737 725 37 6887 1263 1270 1334 867 900 1089 7293 404 410 1434 8094 443 957 3008 978 468 1495 1502 5603 485 510
56 145 2451 789 24 154 5276 1690 160 1697 4514 35 36 805 38 1194 3756 3631 1840 1457 50 181 825 2746 9915 1600 707 196 880 33 4452 7499 78 8402 211 3796 3416 203 2264 100 90 223 481 59 868 485 108 878 624 3057 370 2943 2431
57 0 1156 11 19 20 154 4 2330 27 28 26 176 1442 296 43 2348 48 243 30 54 53 448 197 70 75 76 212 7 218 349 480 1506 484 358 566 111 114 2291 116 118 404
58 513 3 1284 2955 8076 909 144 4390 4672 666 7279 285 4895 289 8355 7460 4133 550 3441 1065 684 429 1583 4104 434 1587 1077 1334 3768 3514 4667 6604 3773 245 5312 4417 1521 2593 1612 859 1228 5838 4493 720 254 850 2659 342 89 3110 621 990 869 1627 3131 6756 294 1768 2153 6379 1132 1106 8430 1597 396 4977 370 9894 244 6005 7548 745 121 114 3516 2300 1149 1534
59 8450 1412 646 8 8969 5643 2060 1805 621 914 494 535 8601 3101 542 1187 2980 933 4646 167 554 1966 1480 434 243 1972 6238 1334 2231 2104 189 702 6335 2187 3908 70 1096 585 8138 8139 1100 1745 2692 5459 725 203 857 2948 6138 979 2783 225 123 6246 871 873 746 8146 1134 881 114 1011 204 2956 6134 1385 121 762 2043 252 5333
60 130 390 1927 1161 11 143 17 21 22 4247 24 409 28 219 297 1131 53 54 951 65 194 310 3319 82 1017 216 1807 1756 95 101 235 238 111 113 4837 1909 119 2169 122 123 3839
61 131 135 266 24 4099 89 408 285 2976 422 1137 3624 5801 429 815 52 566 9311 444 574 2759 1352 3661 8272 211 468 213 215 984 2649 1754 221 2014 351 609 2147 38 230 105 208 365 40 5751 7672 553 252 126
62 0 2 3 4 5 6 7 8 9 138 151 14 15 404 662 919 24 22 27 2076 29 9502 31 672 155 28 2858 45 1583 5296 7624 236 7966 1591 2616 5876 58 117 10 62 309 69 3270 583 3400 356 439 7117 56 1187 382 982 87 2521 495 2143 1122 3428 4841 363 3052 111 112 6379 7454 1012 4413 118 120 5887
63 0 1 2 1283 900 5 7 8 9 138 395 4364 399 4880 145 18 5779 660 3349 22 1303 4 155 3100 285 1054 8355 3622 557 1967 3248 968 8947 2359 184 3642 3423 63 4672 4801 1223 5448 715 1869 206 976 6481 8402 1495 475 8543 1104 2158 1745 1554 971 401 4336 1779 56 506 2683 3222 255
64 0 1 2 1283 4 5 6 7 8 9 778 3211 158 399 784 2705 146 3 6165 27 28 157 542 977 3317 805 166 296 301 46 7837 30 265 1745 187 60 10 2238 63 193 962 69 1737 1482 2126 465 3032 9305 90 731 2145 100 145 1384 873 621 1930 6767 9584 6769 62 120 505 5055 1404 126
65 1412 389 390 135 10 11 396 13 14 21 2200 25 410 37 166 679 2780 41 299 1476 429 47 432 434 4403 841 184 8761 59 62 7753 2180 1732 73 183 482 1491 568 1721 88 604 1117 734 165 1921 4962 103 1385 196 39 1004 112 4978 83 117 119 2296 1017 764 5482 3582 277
66 6656 0 2 132 1413 7 8 9 138 6539 524 13 45 1424 3096 18 3477 23 24 1583 1564 158 1951 288 2593 1 549 39 684 301 3631 136 947 309 31 316 63 65 395 3142 457 77 87 4953 101 5754 293 485 3205 236 146 356 3572 7674 1019 636
67 0 387 5 6 519 8 10 14 15 536 19 20 149 152 26 155 28 157 30 160 34 35 37 38 284 3975 46 29 48 51 138 60 61 65 195 71 331 78 79 216 1290 1506 323 3692 27 118 120 126
68 384 132 517 134 647 264 12 18 1428 22 279 155 1436 5661 5667 39 424 554 7 47 1078 183 314 194 324 715 76 81 83 725 604 3293 1888 1122 612 357 5350 2513 2152 487 509 112 243 756 631 377 4347 6698 255
69 516 11 13 19 21 22 24 2085 41 42 43 44 2100 55 56 1593 572 63 2112 2120 73 77 8271 82 83 88 1119 117 2177 3204 139 142 6290 659 4276 2744 3266 4301 211 216 1757 224 4834 3299 751 240 4342 3831 249 762 778 3853 1294 6452 309 2359 824 2371 6986 335 2616 4436 1883 356 2919 7827 388 6543 2448 410 1446 426 1468 3520 9665 4035 971 3561 1005 1522 501
70 1 1412 7303 650 13 14 4919 2836 2837 1881 666 2973 410 7584 545 36 2216 7850 176 46 48 253 2487 56 6459 7546 63 577 880 32 840 4859 203 5580 1122 79 2513 1491 1537 3158 4266 1113 90 378 1506 59 5990 231 762 362 1387 367 240 1320 4724 887 468 2298 298 2090
71 0 1 2 34 150 6 7 8 9 138 523 268 14 655 5447 4881 534 4632 3097 5 161 546 35 36 37 176 4656 1334 439 1721 445 446 66 331 68 69 1607 968 6668 859 5195 204 290 335 120 210 83 727 728 2212 143 549 3424 609 355 1384 252 225 4044 4088 2684
72 1408 2433 515 388 261 0 5038 1558 798 1183 803 70 1190 679 2218 2859 174 243 9613 543 1215 6082 69 1478 71 72 397 84 1621 2262 4630 216 475 476 477 1758 356 4838 103 1384 750 6258 371 8184 121 6655 124 42 2261
73 1 5124 6 520 2060 13 2063 1558 1562 5659 1571 6188 7218 574 63 9794 72 1611 6735 1106 596 597 5209 1114 92 3166 609 1122 1128 7798 3706 3708 126 131 2700 2703 2198 2201 155 1195 686 2741 3774 703 6337 2244 4726 1232 1756 4320 1251 1256 3818 3824 3826 8438 250 252 8454 776 267 1307 1311 2857 2869 1339 309 320 325 3403 333 8528 3923 867 1386 919 6057 4524 6589 1472 1484 1494 1495 8156 485 5627
74 0 3 4609 137 10 139 268 2573 14 621 16 145 914 19 4373 5526 23 280 26 3759 30 2848 37 38 1447 168 41 199 431 5554 4021 1583 443 4413 446 53 2112 1089 66 1604 9543 4429 13 80 5011 468 1038 6379 88 6848 2526 5985 131 747 109 5616 242 243 501 169 2296 121 126 3455
75 257 132 1671 12 15 17 147 23 409 26 155 8734 5284 679 41 170 3244 173 174 1841 50 52 61 63 64 245 1604 325 454 583 72 587 77 209 356 222 97 98 100 101 489 107 4725
76 0 1 2 3 4 5 6 7 8 9 10 11 2060 13 14 15 16 17 19 20 21 22 23 24 26 27 28 30 35 549 39 62 63 65 1604 88 107 3182 112 114 2168 121 126 2177 139 2700 6288 145 148 152 155 157 164 166 681 542 184 5313 197 199 3279 728 236 1780 6402 3849 4364 2844 1315 3379 1344 3398 332 3408 867 869 4977 371 372 404 900 389 3470 4500 3992 8095 957 999
77 896 513 4098 899 3591 651 8332 144 5848 8466 6163 1300 533 6745 25 8733 5350 35 2942 5286 8241 1577 3884 7342 6961 1395 52 1593 59 330 68 1352 2378 75 403 5582 720 2258 4430 343 3160 2265 90 5872 4959 1888 2657 1251 2533 1638 103 1258 9710 7792 1393 3603 372 501 4347 254
78 2818 261 391 1801 269 654 7055 252 27 285 32 731 292 37 680 2858 171 1581 48 8114 307 1591 58 443 70 1597 3006 245 64 5472 67 325 3014 1482 183 1613 78 87 5566 859 122 1502 352 587 361 2282 318 375 1913 2810 119 2044 8702
79 1 131 8 87 140 13 782 3983 18 25 4122 28 157 159 34 291 164 1959 156 51 52 4281 58 68 71 76 98 57 89 476 485 97 484 2533 103 39 238 112 115 500 119 121
80 0 1152 4 5 3975 8 137 4618 2060 782 655 145 659 148 1173 1174 3807 3613 542 31 1572 6565 422 6616 1321 426 1195 4241 1454 3831 1584 948 372 2614 2780 641 7 287 316 138 3089 65 9678 6979 7559 197 1862 968 1911 224 4942 164 81 14 1877 2134 2136 1497 1626 9947 5724 3706 990 95 8672 7908 4950 8040 15 1153 619 971 3281 496 726 1012 6347 9335 1065 4858 2683 1386 149
81 131 22 138 267 12 194 17 147 21 662 156 133 32 161 164 37 166 167 554 355 300 173 56 57 59 829 193 451 68 329 1738 209 83 727 345 1627 95 5091 273 259 359 110 1135 240 19 375 120 1017 277
82 128 1665 516 1671 335 7433 138 1303 5773 1294 3215 914 1171 1300 2967 536 25 155 3102 927 2592 6051 36 9542 3097 348 199 4525 432 2739 310 1591 184 58 1546 2538 1218 6467 1606 583 841 1227 163 9294 6029 82 339 578 341 342 9551 1628 1274 225 355 360 873 2282 494 879 112 113 114 2114 374 247 5882 7291 252 7677
83 1 2 3 6 7 8 9 11 140 7315 21 28 797 670 162 35 39 49 179 319 267 199 1932 970 589 3406 84 86 859 2654 227 998 3175 779 105 106 235 19 119 891
84 3 4 5 138 599 140 13 14 17 131 132 155 29 32 289 135 49 50 51 54 55 440 61 64 321 4291 69 455 74 204 653 1232 3412 86 356 123 3008 229 102 487 106 363 621 451 515 114 117 1236 1275 125 127
85 2432 2562 3 516 5 5641 138 139 524 14 1554 1667 6304 73 3224 2052 4421 1312 417 166 1393 552 1756 938 299 626 1757 3569 201 184 442 187 74 6718 1344 193 715 836 1222 2730 1292 970 75 3024 120 1106 9086 782 121 88 6234 2652 2397 5349 4962 355 5605 6729 615 7401 106 1388 850 229 1137 183 7876 574 1398 1001 62 249 2170 636 42 4606 3071
86 0 3 4 5 7 44 10 267 14 271 16 145 19 277 23 152 538 154 30 35 37 1702 6698 300 47 48 50 310 9657 60 61 62 1601 66 67 138 79 599 96 227 100 107 625 235 245 126
87 4738 4 9 138 130 1041 20 152 281 538 29 2334 159 1862 166 679 2088 1073 371 949 55 31 62 323 197 70 71 454 177 331 909 81 82 598 377 293 353 108 115 116 632 1273
88 0 3457 2 1027 51 135 8 9 907 13 9358 6160 914 4500 278 26 27 282 410 290 1 1189 1958 1447 1704 554 896 1263 2739 52 30 54 1583 8381 190 146 65 130 1223 330 4171 76 2552 2899 85 2212 90 4829 9054 1808 869 1384 4329 2322 18 238 957 501 361 120 660 5546 510
89 2 6 9 4618 11 268 5773 15 17 8978 532 21 23 24 26 27 7584 545 1954 155 36 1734 210 424 41 9514 199 1020 943 726 2120 178 436 53 73 4537 3137 139 3526 6087 968 841 206 81 594 2019 596 8790 1495 218 348 1757 2377 4962 867 32 5350 102 1896 161 583 146 110 240 40 372 233 72 636
90 3 5 6 7 3977 138 139 12 8461 14 15 17 19 23 24 25 7707 28 158 31 155 646 38 679 424 425 171 45 686 27 184 10 449 2371 140 331 716 3022 83 1678 1110 88 218 655 92 638 9824 98 3299 2020 229 5905 1256 1260 751 372 131 118 382 4479
91 2304 0 6018 1155 5 1671 8 1016 651 1090 8334 2033 4370 387 663 5659 2972 1437 414 2591 5275 4131 421 9127 680 43 3244 2477 1070 3229 7600 3684 4148 2741 7607 1287 825 3003 2492 2238 2020 8992 962 1091 1221 585 183 4962 1691 1746 339 14 4289 216 5850 881 4581 8438 67 612 2513 151 948 2685 4081 8019 6005 1227 375 654 426 7167
92 1799 1673 11 1804 397 142 15 144 659 789 24 25 27 28 38 551 41 299 45 49 1714 179 137 57 316 75 327 74 459 205 80 611 216 1123 1958 106 107 9199 169 248 121 122
93 1152 128 1155 144 147 276 150 152 1948 2205 1951 160 422 555 49 50 310 59 585 1098 845 1103 3025 597 3535 915 866 99 4070 871 107 2285 750 1010 275 187 122 4219
94 6785 3458 2819 900 861 1031 2185 268 653 782 655 2576 4625 402 2965 2329 1412 282 7708 544 5921 619 1387 262 7590 2601 1223 8492 301 686 3631 1200 946 180 2486 824 4281 5051 572 4157 830 1344 2882 325 3398 5447 4425 812 1783 2402 206 3428 7971 1750 857 218 557 1506 612 1000 1001 5483 697 1008 757 4364 681 632 4857 5626 123 764 8993 5909
95 641 1387 2820 7173 392 2185 395 652 7234 5390 271 144 402 9493 329 3995 2460 8094 1183 8992 929 1956 1575 1564 813 8243 55 1339 316 3646 321 5442 3751 8518 1863 200 5516 9290 9039 594 85 1112 1113 2138 2143 228 742 487 6951 2668 2670 3441 2852 7081 217 3199
96 2818 131 11 12 15 17 1429 24 25 28 542 163 1862 38 3953 2088 42 199 301 178 158 54 184 57 58 189 63 2240 196 709 198 455 968 201 74 715 80 56 82 2003 90 219 737 229 1766 1361 1001 106 108 40 140 504 249 123 127
97 0 1 2 3 4 5 6 7 8 9 138 12 13 14 15 16 18 19 20 21 22 23 132 1434 27 28 285 9630 5381 34 168 5276 426 46 815 1200 178 53 2889 671 63 65 197 72 329 1868 4301 78 86 6379 6102 1881 9691 92 2653 148 187 102 103 4142 29 624 3441 114 1395 69 120 249 4266 126
98 0 1 2 3 4 5 6 7 8 9 10 11 12 14 15 16 17 5394 19 20 23 3097 410 27 28 797 30 927 38 40 41 44 2478 157 72 7347 52 55 1161 6201 58 62 63 65 139 69 198 1736 7753 82 121 285 26 5084 224 2148 229 5350 236 18 114 915 329 2039 120 249 7173
99 0 1 2 6 7 8 9 138 139 12 15 17 18 2478 22 23 68 27 29 32 33 155 36 70 3110 1756 199 178 175 2504 7218 180 1334 56 61 62 63 539 7234 69 198 583 1352 74 303 135 224 609 482 101 10 166 253 503 38 252 637 1023
