500
0 3261 2892 5005 1791 9807 148 7474 7452 9021 2545 7561 6472 1645 3469 1207 8413 2404 1981 3354 3964 979 4020
1 2349 8987 4324 205 1924 548 6054 8699 6205 4010 1375 5790 2207 2816 621 978 5489 4526
2 7 1216 3963 5085 4092 7405 5244 949 5706 7182 5272 9231 457 3608 7308 9580 1081 9632 7864
3 7296 4230 3453 8251 4541 2784 6613 1476 5340 1098 5300 6956 5622 5827 1665 5775 2258 4076 795 7575 3936 2
4 2413 3950 9993 5232 9878 9721 3802 8832 6389 1973 8768 9577 4319 4994 8618 1126 2555 5962 8484 199 6467 4314
5 6676 2760 3731 9169 8217 5258 6986 4439 7467 6915 6617 8343 3087 4589 7753 7992 9093 6577 2006 7206 7361 155 4168 2114
6 2555 4958 3012 1625 2028 5948 6061 5979 5621 2640 117 7808 5199 1087 705 4412 2460 27 5887 7413 2288 3304 2704 6534
7 8284 8726 9205 4223 6653 6598 4029 4744 2152 9075 6325 8962 9564 8979 7820 1900 2288 8212 4176 3758
8 8994 8125 7997 5783 8487 9733 8696 569 5748 7842 5228 3188 1452 1615 1472 654 8279 1084 5259 1943 3925 3828 8778 30 4930 9244
9 8498 3113 1822 3723 8352 8683 6692 622 7463 7266 4226 837 3176 5977 196 7414 8495 9733 7873 8528 1797 7553 8043
10 5981 6762 697 5323 6170 4569 1303 5131 2480 4851 7672 1299 4985 4074 2175 2067 2510 9900 6945 2643 7438
11 4170 5072 1728 7026 9745 889 1064 1477 5652 4875 128 1617 8580 8637 8561 9023 871 8812
12 2555 3073 2577 828 8677 2262 6831 389 8569 9706 4626 8355 4500 720 7916 4454 2288
13 1343 8089 210 5188 253 311 3394 7837 490 4662 4448 1346 9948 1956 4314 2892 6067 5413 6196 4855 8644 8125
14 88 4348 4352 252 2342 5171 1535 700 780 304 1159 71 493 8364 9914 1591 1833 7457 5458 8663 7699
15 935 321 7782 2182 5451 4151 2240 4907 5946 8874 2326 8028 7829 7772 6651 2320 3214 602 2934 9019 2959 560 4957 1916 3982 90 8343 1668 8994
16 3673 7888 4216 4071 9244 2499 9511 1556 9014 4336 4921 7014 4904 3339 4776 3310 7652 8406 5880 1774
17 1123 950 7431 5907 7643 8068 9194 3836 105 6989 2904 8235 947 3038 2243 1467 1774 3824 6744 9008
18 8005 8332 9465 2146 6502 7120 3268 5064 9047 4596 7000 4213 7815 5307 9202 9976 7299 4728 6054 5237 1989 7148 2558 4539
19 4326 3371 4060 3835 8858 5155 8221 6696 1212 1133 5269 2782 976 3884 2663 5739 9601 9007 3026 6334 6030
20 3320 1031 3877 836 5368 4126 6032 8639 3377 7296 9698 2272 6694 4547 4597 8007 4070 738 5880 1534
21 1580 5509 8017 6400 1796 8455 2986 5126 4954 4855 4816 7372 2324 6233 5226 2501 5310 583 1391 8176 5607 925 2327
22 9545 7165 3173 5679 1848 7605 6461 4237 8186 1766 6665 7825
23 7153 9689 4397 5409 8754 5101 4306 2595 9125 9386 6337 8193 2451 200 5750 2025 6139 8841 8387
24 454 4176 2123 1528 4945 1259 2071 1867 7469 9835 2937 4664 9532 2984 7437 9829 1125
25 3584 9008 6652 8863 7 1282 8959 2037 624 5721 1408 4687 3913 4666 3719 3097 8707 8644 1984 9244 935 2340
26 3836 732 6785 5064 2143 8636 1697 4556 689 2445 5303 3872 2245 4841 1420 9952 2155 1774 6360
27 5412 7055 4027 8830 5643 9496 9982 5069 3174 8268 2597 5834 3089 728 3122 5572 2531 2297 5532 7017 3022 76 7296 4311
28 1429 9968 5341 5412 2858 8344 8531 4784 8931 834 9435 1917 4844 4486 455 6281 9443 5632 685 822 3827 8937 6466 2195 2886 6049 3964 116 7120 2670
29 8293 6920 2842 7167 6438 6702 3355 6787 2234 5275 1601 9 4136 7134 9881 2437 64 7216 7883 5064 9968
30 3612 139 9742 9505 3762 8538 1661 1307 1083 7849 4314 2930 2373 9768 9744 4149 2 6855 1496 569 1774
31 7710 5887 774 6421 307 3110 7563 115 4551 1230 6101 2555 7890 8897 591 4107 9249 7759 1495 1139 9903
32 4985 4626 8174 2970 7335 8040 7664 3498 6330 9838 84 1871 5108 3705 9832 5903 936 8307 6776 1431 847 8812 1763 2902 9043 4341
33 8396 200 3393 176 4086 1737 7883 2014 4651 3008 6187 8864 3032 7281 5664 94 5242 3438 5999 6029 3463 399
34 9930 4176 3077 1799 5413 151 2392 5735 2077 9241 6485 4513 8792 3360 3986 106 5939 3073 4506 8495 1083 2052 7874 6537 1343 2013
35 5156 221 2741 5866 699 1205 4635 6993 8970 8139 7251 7083 8511 2835 6561 9573 2752 6470
36 9144 9187 9409 6467 5912 5505 2240 2322 571 6373 5491 2361 3585 8689 9413 5822 5307 4377 8125
37 2962 9640 802 7744 7296 5408 5982 7155 981 7716 3687 5022 9664 755 5882 2402 6026 4314 374 6134 3316
38 2475 7162 872 678 838 9235 6795 7626 5338 4325 7235 8680 8065 1090 6109 2763
39 1534 7751 476 6060 4717 1642 6699 1953 2016 4726 7980 8716 9707 1763 9674 41 2205 6827 6146 4377 8835 6258 5762 6021 1774 238
40 8293 979 3684 989 5219 873 9602 5922 5658 7681 3167 1966 2809 9459 8781 2471 2617 6281 4517 8248 8994 8105
41 574 557 5548 2958 9522 5523 1491 5060 2570 3982 5186 8812 1397 3286 6085 6753 3686 7220 7722 9004 4909 3758
42 1534 4834 8593 2653 6193 2411 8905 8345 6154 5009 3348 555 8954 988 3045 5524 3547 8896 7426 4199 9301
43 199 2895 9846 7920 9719 8179 3728 4100 2973 7680 5594 9685 2188 2705 7311 6652 1430 7864 2058 5880 7519 1560 6986 3584 3758
44 9780 4985 2431 6964 3523 7581 1045 9212 7870 9129 8382 3487 6447 9968 9931 4199
45 9834 6492 2019 9199 9829 9414 7060 3588 4583 6506 8125 7422 4931 1440 2628 6235 3047 5807 2666 2 7949 9040 5962
46 8990 8605 9124 4858 9152 823 3807 3526 8866 9266 5008 7471 5656 5322 1774
47 6285 6495 8470 3679 3349 861 6582 7408 7828 7962 3279 148 20 6951 7736 7361 8005
48 8325 6071 131 7938 3814 2871 9968 9063 5180 8095 9367 5744 3028 4482 5435 6147 139 7124 7230 6327 2662 3064 3752 9453 8994
49 6270 5880 7434 4214 1702 3843 523 4939 6587 9605 1789 5195 1577 2240 2511 4290 4297 9639 9600 8284 8387
50 2613 8223 6639 502 9528 5350 4352 5845 6497 1162 6901 1691 9822 3401 7213 9036 259 6044 5748
51 5762 7992 2768 9191 7485 4401 6301 1439 9407 647 626 6992 5557 408 5920 5748 8941 1102 9155 8378 6938 8671
52 6938 9244 7699 5038 7742 6100 7755 1740 6925 82 8114 6248 6456 5106 1582 4761 3751 5778 516 7280 935
53 7699 2383 8414 960 8549 1666 8168 3416 5113 1874 8310 9028 6363 2755 9903 443 2838 8880 5014 6270 1607 227 7456 6938
54 2892 4765 5885 9623 9836 8579 6101 5440 9535 3461 2206 7438 5985 6492 4624 2530 1954 9915 8354 2867 2383 935 9007
55 9120 1110 4804 2070 7855 427 2384 3156 1919 8144 356 4796 7488 9016 198 2929 6797 5477 7147 2128 7732
56 9443 6447 5492 3012 3047 3745 8702 8090 6662 7874 5615 5564 9921 3418 2429 2420 5902 3342 8625 5917 7880 7044 4199
57 4539 993 7350 9716 7473 2731 5119 4865 7333 3972 3660 9038 1557 8199 5326 1206 8994 3894 2288 5412 6101
58 8756 6137 1770 469 8300 7864 2544 2677 8734 3732 3565 4140 9450 6275 7153 8428 5654 6980 4311 7026 6074 1479
59 443 1774 9545 22 3811 9007 1370 600 7989 6812 6897 9840 8368 941 8828 1727 2659 9374 625 2842 8005 3012
60 8883 9892 3386 6197 8523 7637 7508 6800 8083 412 9110 3281 7479 2457 7929 7646 8491 4527 8293
61 2900 5301 6623 4972 1122 6241 9530 5157 1813 364 4419 1979 5606 1638 3894 5340 7762
62 3232 1900 6509 6727 5224 2240 7965 2662 1682 6381 451 8102 8346 9682 7413 1225 7835 407 5412 1121 1642 4170 4035 4314 3163 427
63 250 6054 9518 1175 5390 4966 6541 5497 5804 1785 4624 2802 8953 3452 5988 7619 2125 79 4527 1668
64 3144 560 7802 2712 5110 7442 4802 2868 3115 2626 6162 9547 9587 1283 6054 8431 8848
65 1546 2422 6144 842 9582 6539 1574 8582 5135 7782 4219 8813 2508 2430 3424 1584 8728 3783 6547
66 6074 413 2147 1414 4156 7447 4549 773 497 696 6458 935 7269 607 1543 2914 5677
67 3651 2319 3549 9848 6168 715 605 7636 5428 4849 5561 3548 7740 5277 7795 7630 7296 5748 7652
68 3961 2764 7115 2340 4080 2551 1892 5251 5617 7718 8305 9282 186 9933 6672 3936 935
69 8134 3964 1430 3195 2910 8894 4951 8684 8729 7669 8663 1400 3210 7530 6801 3992 5493 4174 7710 1812 1343 75 8174 2327 5962 7949
70 5386 116 4367 6292 3505 6625 8522 1586 439 1119 3525 2534 2987 7433 8349 338 2702 9842 4350 2422 4855
71 1668 7949 8209 921 8887 2897 286 793 2863 9330 7131 4362 7806 2432 6978 136 8183 326 5393 1429 1730 7289 4082 3467 1872 3074 3830 5412 9968
72 9270 4457 5698 6102 7135 3540 6491 4281 9299 8338 4209 4869 4459 5544 856 4376 9993 7713 2203 3285 8431 9129 7055
73 6889 4079 4985 8053 7771 2184 1081 8812 75 3969 3584 4995 6370 5053 168 3263 2788 9732 6595 2981 1801 4073 8994 6044 6547 7219
74 478 6499 164 8358 8243 1776 5923 7006 5631 3573 2065 9877 2085 7181 7517 7438 3163 3982 9533
75 8722 6817 1734 6482 8309 9498 5777 9961 4271 6213 3428 6192 7593 6232 1787 9678 2629 557 261 6537 4985 7652
76 9848 1763 1083 1515 3841 9470 8498 3882 7762 8491 3120 6718 7018 76 8365 1788 7679 9736 3721 2796 6003 7292 1962 850 8920 132 7153 1750 2904 3074 2240 5715
77 8671 84 4168 4890 8193 6962 284 8784 2 8589 8151 8529 7432 8238 4399 5449 3213 6642 9959 4121 1249 3836 8396 6327 5862 3371 6404
78 247 8776 3049 8986 7004 5762 1678 3071 9557 9387 6316 5470 5173 7119 7968 2013 9806 8125
79 374 1140 7429 2057 585 3220 9317 9075 7205 4801 5302 6346 2417 4403 2252 5347 2723 4189 3352 3074
80 8169 1319 9722 8810 4831 4654 214 3166 8761 352 3285 4315 6710 9088 4027 300 8491 6011 8209 4765 1043 1299 3012
81 7153 133 9677 7615 7606 3048 9055 1860 804 9667 3747 6640 9239 655 9823 5193 7368 3011 7304 3936 5848 4069 7429 2240
82 2662 5869 6963 3946 9798 5124 4514 9872 3398 3457 6658 2048 7453 7786 7072 1534 6895 8994
83 7709 9299 8022 1780 9548 6615 7078 72 6952 4320 7585 7601 2179 9111 5266 1358 4533 8740 7097 8167 847 1524 2643
84 2615 3022 9025 6863 4035 1710 1044 9636 9188 9040 983 3689 6280 4852 7 7459 8613 5053 9962 1995 5962 5715 2962 979
85 1625 8248 4350 2485 1106 2032 1757 1040 7590 5554 5004 7443 6210 736 2470 4184 5029 5219
86 4385 6797 6734 9704 5117 2568 2516 2892 3958 7574 6110 6237 3282 9944 7418 1914 7783 1429 1105 1984
87 3586 496 5871 2307 5825 8493 2496 9741 7968 3316 2295 8736 1003 6052 8804 1028 7176 1238 9301
88 5780 5097 8031 4641 8145 9953 3662 6730 996 6850 4229 3059 1597 3326 2240 5788
89 2263 9293 8831 8306 9461 8373 9820 2468 7545 7707 6196 1428 2340 2408 9422 4953 5485 9397 1625 625
90 6547 9483 860 1554 8904 7752 5555 4847 1208 2266 9852 4244 4175 9771 4377 2611 8000 1308 9289 199 2564 1074 9834 148 9160 6938
91 447 5547 3053 2600 8836 3092 3545 2128 6403 8586 2121 6975 9761 4147 6221 8110 7240 8976 4094 3854 5660 5821 2175 712 7001 8716 9615 6482 3077
92 9265 4180 6101 9464 4971 3553 4699 6551 4629 8516 6035 9129 165 3529 1199 5371 1232 1823 7699 9669 6021 321
93 6187 183 485 9185 3278 6622 787 517 3717 6393 3783 4160 7924 8277 9421 4182 2242 1963 9007 5149 1710 8495 6327
94 2052 4056 2112 7090 1356 9292 135 1470 6038 6611 1093 1379 839 8401 9687 3371 7538 2662 2555 7949
95 7233 4264 6148 8794 7203 5287 788 5451 5856 3943 9850 3781 2648 6547 8547 8417 6677 3020 5775 5341
96 4414 7971 366 7024 1901 5176 3643 547 7880 8620 6259 2916 9979 7240
97 5715 477 8267 7183 4224 1267 6674 2962 5078 2860 3741 9584 1723 9193 3489 6675 8692 7883 6584 3533 8495 2128 6613 9545
98 876 6631 8671 9692 2865 257 7429 8129 567 7164 3192 3716 153 2754 5520 5295 9800 9713 7997
99 188 8104 4423 5639 3727 734 299 152 4330 4648 6185 36 5483 7915 4639 9852 5401 2121
100 4501 5194 1739 1498 3144 2212 1192 4280 34 5708 7241 4364 9500 6125 8722 4050 6488 249 2209 6020 7992 5341 2569 4020 5437
101 8307 1295 7276 2615 5800 2604 6083 6849 7329 7550 1492 3276 9567 724 6231 4346 3018
102 4679 6630 2647 9271 8074 8329 4871 8653 7312 9857 486 6286 3516 2003 5815 4907 6778 7438
103 3936 7234 6347 3932 8005 3567 3241 9787 7556 9141 1411 969 4710 6157 4986 2605 241 565 2555 7699
104 6537 2652 5933 3909 9357 8939 9943 1289 5240 1149 3522 2998 2293 5421 8158 4438 3891 4558 2413 7569 8994 9007 1668
105 7240 7586 4957 8722 7670 5862 7975 9312 3290 5334 122 6030 1829 2635 309 1908 2118 9702 7320 5580 3207 3453 427 3376 9075 6101
106 3303 7902 7079 1117 3678 360 6894 1357 1767 2582 9514 3936 3379 5323 7234 5412 5715
107 1831 9137 9632 3254 6175 8071 9606 2961 8391 7358 9183 6471 3838 9086 1950 8702 8830 5326 1299
108 5006 5704 7759 1971 6126 529 540 6160 1810 9977 7531 8125 6380 9644 3070 7267 9852
109 7709 9031 7351 3718 3222 716 4793 7858 5396 6122 6805 9444 7486 958 9199 7925 4538 3032 8169 935 5715 9007
110 5053 5141 3504 1581 8598 6881 1213 5584 7967 1145 7284 9411 8351 3490 6200 462 9179 4340 4855 7429 7392 5899 1752 7240 9265 5458 6608 8387
111 5458 2422 7481 3102 3101 738 9593 9449 4679 8019 7228 4474 113 2644 2472 8374 4199 7641 6100 6503 5043 1429 2962
112 6949 6331 8932 2176 4823 2634 2278 2018 9610 7621 246 4304 7575 1503 9512 9184 5715 7906 8387 6538 8830 2121 79 9968
113 6251 1071 1839 278 2433 4102 882 3145 6573 2061 5049 3950 5121 6962 4531 6376 46 4352 4035 4326 935
114 79 7762 7874 5063 8167 9723 5412 1633 6323 8700 9616 5399 7310 504 2803 1539 9683 3130 3887 3601 2 3877 9545 979
115 5966 8146 538 1204 8441 9515 8652 8870 7889 3813 1631 54 2290 1818 1386 9703 1429 4909 9545 8491
116 1134 4314 285 3147 3530 259 9746 5788 396 5152 5156 9161 3501 5492 6672 7797 2267 8982 8883 9013 2346 6054
117 935 7120 2013 4558 6030 5014 4341 3024 9912 6516 8573 6789 5115 776 2734 5918 6878 2724 8601 1164 3103 1534 8134 9842 6258
118 3894 9086 1904 4317 1479 5636 6261 8027 7896 6643 2318 4840 3058 8295 100 904 3031 7988 9363 1345 5003 7438
119 2537 2739 2876 6496 4873 5466 505 9034 6977 5233 1298 604 2922 5094 399 8125
120 1668 6369 3184 4326 9075 2340 6155 9065 2982 3538 134 9244 7633 9494 2226 7758 2443 7742 8725 8749 3081 3376 8841 3146 3758 2643 8994
121 1984 5247 9192 1265 4720 4277 6566 4285 178 7860 2571 8750 3521 491 4167 4423 9083 1763 5762 5507
122 4311 5917 7669 468 3543 2932 5245 668 7912 4633 5318 6560 3451 7501 7558 927 8159 434 2494 3362 6360 4913 5340
123 7133 5788 1476 300 3158 4526 2857 9988 7706 1593 8891 6578 1478 9431 6313 2279 5929 24 6258 80 9784 7321 2818 1358 7732 2327
124 3981 7072 7037 5917 7665 1933 4774 1722 6896 2058 79 1444 8951 3701 811 1999 3350 5762
125 9545 9040 5662 7699 5052 4314 2344 9786 8154 43 6900 8674 5374 2889 1362 8848 6875 9923 1871
126 552 4941 4780 2171 5500 2643 5762 1454 7684 2165 1290 5442 9042 4649 2657 3017 2418 2052 4220 6226 520 2699 6130 450 6258 1625 9533 1774
127 9244 4035 6376 5138 9073 9451 6613 5746 7071 7991 1368 7482 1724 4883 8241 4020 3993 2517 1542 523
128 6827 4948 1223 7698 2607 1850 6262 3631 6954 4813 3157 8977 8834 3790 8811 5595 4363 7133 4009 7883 6778
129 9404 8233 385 965 4757 1904 1988 1738 2638 7021 9694 3243 5073 9665 2
130 4901 6978 5198 9089 9533 5316 1112 9904 5330 9174 487 4481 8969 9327 8644 3578 1289 6463 1468 9280 3728 3195 8125 3102 2555 9615 2962 9842
131 8423 9989 4450 447 4977 5519 6282 2926 4573 7367 9679 1 8617 8718 84 9345 4540 6827
132 259 9380 7579 1585 4188 5593 4087 2808 6223 8724 4375 1144 8827 1911 4830 4859 3720 5412 3111 6613
133 8062 9129 545 2150 1105 9576 1939 9323 7425 7997 3365 1896 2227 7439 4835 2815 1261 4490 5608 9230 325 5286 3050 1121 979
134 6115 3528 7513 9540 2088 5742 7639 6358 3481 7157 6134 2777 6514 3622 9693 177 7751 4901 3894
135 9461 7820 3653 1387 1075 9861 7769 1317 3568 2034 25 9839 7624 7166 308 1573 8832 2 3521 6938 9007
136 4107 9440 1721 4777 7930 8515 6935 5934 2155 781 2196 4535 3143 7602 7123 4664 5340 8406
137 3521 4880 3894 6960 4714 9911 2466 5367 9462 2761 423 8587 8253 4008 1195 6613 105 4011 5507
138 3074 8193 8710 4107 8056 3233 8181 4211 9114 8843 647 2103 5559 1516 2142 7649 201 7153 7699 5359 4855 321 2986
139 5748 8609 5909 6062 4470 3557 6937 929 7628 2952 581 7917 1968 2733 2407 2121
140 3664 6434 3590 1907 7093 1129 1469 7792 3280 818 2848 8722 6830 3043
141 2491 7069 6048 5715 5637 8012 1186 5002 7114 6766 5346 6916 7995 2184 7438 4151 427
142 4639 6387 2736 7728 5459 4614 6089 4731 7472 1667 9517 6428 8470 4112 6271 7201 7852 4170 6030 5411 552 4107 4314 412 1343
143 7179 7180 7647 7936 2013 8452 6303 6724 5293 2773 3862 8476 2098 5144 8335 3499 1465 6790 2740
144 2555 2 6982 7082 3476 881 7461 3758 270 8585 3858 7714 5949 4328 4116 2533 7956 4442 4728 8491
145 4647 6139 7101 6750 5607 6961 2393 5687 7708 3411 4099 5028 2960 5055 1693 6204 1868 3795 6692
146 6355 5846 3077 7153 3831 8172 8410 3084 8092 8408 2249 8543 1562 1490 9673 2493 5156 7454 7880 5064 412
147 9968 1042 782 7694 2288 5605 1963 820 8554 6744 6113 1461 9207 3753 4521 891 5112 5013 5263 2229 5322 5340 7699
148 2240 1383 2183 1085 9652 7438 3054 1696 5206 4707 2215 7325 4991 5612 778 9844 2028 9714 4077 7153 5400 2288 2
149 2670 6592 7599 4407 7631 4803 8766 9710 3060 8646 229 9156 6537 800 961 2986
150 8910 6744 5401 3061 4624 7536 6523 6778 3580 2697 8263 8025 887 2169 8228 7741 9990 359 1589 7762 5412
151 2962 9649 9615 3672 6321 3261 5558 6919 9102 2007 2908 1546 2805 6807 6276 4941 7587 1524 4108 5003 7087 3753 7932
152 7379 5660 1912 8775 4043 8043 1335 4347 9538 9675 2785 2289 8845 3512 6778 6910 1454 108 7153 3936
153 7001 367 8386 6547 9777 6470 8425 8862 9831 4669 9164 9374 7946 8298 2365 7854 2421 3907 2979 5401 5761 1121 2109 8284 3877 7709 7949
154 2414 9795 7822 9316 5840 5086 3158 4735 7591 6291 3012 8433 1663 5858 4312 9506 2666
155 7517 4923 4093 7610 7960 6305 1142 2855 6404 8980 6283 321 281 3776 2933 5023 5908 7734 3074 3744 8621 7438 3877 2962 9533
156 569 8092 6895 3885 9351 3629 5280 5068 7979 7993 2614 9424 3482 8597 9418 3065 2074 2158 84 3958 5248 8134 3521
157 135 5467 6401 4674 926 6360 9591 316 1188 2869 9112 2800 1105 1134 4352 9244
158 6044 7759 3869 7688 1950 5989 3012 7961 1301 6752 9094 1049 3021 4908 854 1138 8208 236 1396 3783 3074 7153
159 5784 6460 5477 871 5674 5335 7673 3036 5038 1756 8197 3739 374 7428 1600 741 2182 8858 2260 9669 979
160 3521 2962 9013 8780 6327 8552 4241 1471 729 365 1531 4903 8085 3810 6379 6351 8805 9562 5419 238
161 7367 1195 7652 5713 2190 1056 2341 3259 69 4284 1039 914 6715 2100 7225 9510 4357 6253 7511 2962 9273 6547 3830 9545 7699 2327
162 4378 718 272 9404 1169 472 7652 5649 7800 8821 7481 3600 7790 9011 1830 374 3936 7762 3371
163 1299 2630 6020 9398 3935 8998 3830 8803 7127 3634 7173 7413 9408 6888 8387 6688 2943 7609 256 5059 8134 1134 7179 321 8193
164 1871 3326 9132 7932 7365 7163 7410 9476 1987 5465 9048 6680 5688 4960 888 7249 3108 6949 8050 447 1383 1707 3395 9013 2155 9842
165 2240 9270 5326 4433 3432 2463 2682 3998 1394 637 1683 8297 4206 3920 766 427 5229 7756
166 3926 3383 8716 5867 945 5732 5134 9300 4948 3338 6088 3966 2716 6756 3033 6946 7759 2288
167 5775 7519 7213 6359 9463 6377 3772 4983 684 3880 6 1708 777 4588 348 382 6671 8022 2943 3982
168 2437 7087 438 9671 6254 2792 6567 7541 2962 427 6087 1608 1873 973 3641 4914 6609 1576 7940 2986 3905 4664 9461 7845 8293 7133 4199 3936
169 1868 8431 2676 1918 9791 7807 9015 1363 2049 569 291 8227 6742 5099 984 5381 8492 8406 5916 3982 238 5762 7296
170 5251 3089 2752 397 7733 9619 1042 8387 5164 650 7193 1695 8850 9549 2204 260 8272 1453 2859 5830 2171
171 7652 3163 9036 5609 4622 3374 4797 58 6861 1341 6092 1731 3015 9501 9789 7237 5814 4791 4723 9227 1353 2945 5962 7210 7153 5219 7949
172 3012 6374 2299 7156 5964 6002 3161 8992 2004 2974 717 5954 8933 3113 3377
173 3050 4354 7736 4698 2696 9843 5552 79 9858 8773 5647 4712 1160 7826 369 5326 2766 1634 1625 8173 7029 5704 901 2019
174 3316 9621 2698 1619 2446 6134 5911 1972 4311 6131 9483 2036 3606 2918 5077 4770 5261 8579 3074 3117 9842 1534 7652
175 8528 2595 9970 6409 321 7737 952 6843 8416 8103 6176 2515 4604 3536 3850 3271 3468 9178
176 1343 2898 5961 1800 3429 4487 3990 4532 9862 193 5582 809 2193 4789 9228 2288 321
177 4232 4359 4610 7075 8829 835 7795 4379 3584 4882 7294 8130 867 8860 8155 1196 510 5715
178 3240 1246 2693 643 1869 8133 1606 4975 2699 2329 1960 6145 5538 7341 9759 9113 4323 1710 8293 5412 8387 2
179 7456 5715 1898 6258 2247 8989 5831 5308 7197 3116 6706 2453 8731 4004 3534 4923 199 1986 955 9443 3023 3144 5437 5307
180 7968 650 5520 6188 6416 4337 8442 7859 3079 3602 5321 9659 9392 5331 4228 1782 8490 3194 6886 6071
181 2288 3665 2444 8462 1845 8254 2008 6834 5969 6735 8676 3904 393 1760 3502 3796 6170 5869
182 2643 719 5921 1741 4033 7560 5260 7675 9139 203 9825 2529 2377 1134 7806 7688 1250 6460 2527 5048 1927 5029 8445 979 3408 4385 5962 3012 6613
183 2 3432 2732 9991 1043 1134 3820 3812 5494 8824 3309 5153 7630 9484 3329 2522 7352 2087 8048 1256 6938
184 7902 1276 8947 6808 499 642 8021 2096 7547 5345 2467 6094 5445 9812 1161 5783 3894 3249 1515 7788 1668
185 2818 1641 7146 2349 355 174 2795 2114 6981 2519 431 1393 8376 1596 9650 9196 6646 8386
186 5553 1607 1658 857 4974 6867 2343 8502 8464 1587 5796 2857 4708 1626 2557 5879 1105 9848 8043 2288 3936
187 6161 7950 6454 2404 866 6616 6798 2630 794 2505 6920 3910 8230 4242 9661 7689 435 2314 17 2643 1571 925 7902 427 9533
188 4362 139 9444 7023 5030 321 7040 925 8714 66 2116 7110 1550 1127 7678 6386 5196 3632 1993 6332 9720 6095 9270 1134 427 3074
189 412 7652 1583 6326 7683 3783 6334 1367 8313 4253 7775 53 4795 9347 9448 6151 1371 4781 4276 1058 3103
190 9800 3942 4866 9573 221 1332 3269 7489 4949 5215 2621 8200 4956 7277 7534 7653 7219 2437 1984 7438
191 7864 6613 2223 7136 3666 6519 5651 9841 4155 5255 2874 2503 7076 4430 205 3111 9545
192 1986 8078 7476 9313 6417 3497 1463 771 9186 7983 6902 2119 905 1875 5064 5095 6938
193 4624 6687 3207 7454 7788 1383 3072 6538 3766 5863 5481 9379 7385 154 7449 9492 2387 247 1058 6621 321 7762 8812 2288
194 9219 8008 8029 6222 5666 2858 8484 6123 1814 992 9643 7727 5490 5854 9968 7944 7652 4647 9990 4326 3877 2986
195 2904 9615 625 1552 6554 1495 6453 9311 3981 8711 4963 8966 9656 1774 7496 8487 2804 8402 5864 1104 6227 3261 9965 4528 1534 7413
196 6201 9703 5386 3314 3853 417 2612 9896 8496 3771 7061 939 3676 1700 8344 5141 6014 2704 9483 8711 780 321
197 1353 7474 3936 7622 2396 2010 6412 343 5151 2308 6348 6528 1482 4690 4259 2579 6912 1085 259 1153 4909 3894
198 9842 1601 4828 7153 8930 3226 1932 732 3726 7409 3897 3109 1067 2186 5581 7407 3756 6224 7627 9342 7132 8406
199 1375 7526 8533 6186 1154 9657 9558 9416 2237 5517 1390 1146 6369 7565 5968 2970 673 7699
200 420 6875 5383 7055 3789 3135 2745 3100 8556 3240 362 2353 5142 6058 3061 483 7666 6545 7524 7411 183 1216 6938 79 935 7762 2555 9007
201 8140 2611 8235 9580 7602 8342 7570 8973 3379 2539 1179 7686 3427 2141 1125 4489 8389 1473 826 2577 5772 7699 6101
202 6584 10 2423 1060 519 3609 5313 9701 3775 3735 1193 4594 2346 4679 2183 2704 4356 896 1336 4199
203 3376 2005 7296 7933 1150 7419 2894 2424 4878 9279 819 2562 8871 4686 1656 7434 5041 2768 4488 5147 6454 9551 6554 6306 511 569 259
204 2735 177 8220 1705 3403 6869 9918 6051 4468 2062 1623 4909 6933 7596 7676 3323 1559 9637 6115 7474 200 1979 979
205 8599 8507 9493 4431 8431 4693 6258 7030 1847 3857 6641 8751 6153 5327 1035 466 5529 7933 9199 5848
206 9374 2533 4520 3080 4037 5391 7219 4210 450 4534 9992 7217 1893 19 1109 8494 2213 4928 6613
207 4035 8121 2668 4020 3982 1668 2740 4709 9236 7364 985 4289 4564 8672 4177 9353 6558 7945 1484 5412 5340 2986
208 5322 1149 4034 726 2707 7929 269 4418 4377 5566 4065 4544 6302 4060 2827 1590 9104 3635 9062 7105 906 9075 3543 3783 7762
209 7254 5218 1835 8798 488 2709 2491 8527 4496 5328 2715 627 8531 6020 3877
210 3877 7439 1611 5304 3842 8982 4313 6020 9633 7618 3012 6477 9668 4084 3291 8481 9412 2375 3410 8041 357 6405 9930 7153
211 6054 8284 8994 8881 2125 3885 2781 6627 8069 4680 7564 8491 1529 9247 2026 7458 8785 3363 8332 8819 3435
212 1153 8814 9248 8287 7904 6295 6479 6860 5861 3777 8705 9393 7743 5769 7606 5645 4199
213 1784 2603 7007 9238 5719 2305 5848 5894 9405 4236 3543 8615 5217 2104 5360 6202 5066 8647 2414 2327 2155 2666
214 9453 7509 7318 3581 613 244 4162 4737 8985 6659 26 6494 3241 5070 8643 3513 5383 2414 9265 3885 3160 5412
215 475 9579 2713 7613 5953 5179 2167 1191 4151 3703 9466 7907 3784 6378 9777 3376
216 4855 7038 2624 1877 5445 4110 3506 1985 4782 9168 5685 2722 9098 6344 8438 3513 6547
217 6049 7266 9586 4308 883 3729 1775 9029 625 880 9618 9559 3847 8474 7370 4760 2469 5859 2128 2322 3586 79 1117 6986 8293
218 8069 4967 9050 8185 6913 8733 3362 5773 5061 2327 8673 3129 1197 7397 6289 2935 6531 4362 8741 1555 921 3586 2643 8644 9007 7949 79 3877
219 412 9075 7790 5239 2666 9283 4636 6635 4007 3758 8571 157 4192 2055 2668 138 1564 3652 5873 598 1190 7053 3711 7756 6236 1979 3012
220 4129 8125 1401 6621 745 5962 3750 4402 9395 6451 3681 4548 5775 6365 6042 8209 1864 1216 9533 7342 2157 7682 7638 8539 6013 9374 3543 2288 5880
221 4786 6415 3128 4916 3165 9400 5454 4989 6581 698 5080 9286 3779 4128 3626 2610 2732 4199
222 8601 3305 9172 616 2072 9750 6364 7909 9119 312 6505 5841 245 205 9299 7919
223 6391 4494 394 8807 1097 6418 8205 7406 4025 2214 4792 6733 875 9975 131 2306 4958 979 2555
224 5445 7426 6767 5095 6544 1059 4857 6077 7617 7813 9783 5020 5764 1116 7091 2962 5548 8634 220 7899 79
225 1405 6673 5044 713 3856 140 6693 5560 480 4368 4740 986 5662 5005 2240 1668 8332 8227 1731 4539 7883
226 2264 8832 3905 850 7142 5756 1763 3088 4238 2275 211 4015 6124 542 8327 8867 1347 4326 3759 3936 1668
227 4824 1560 8484 4077 207 1566 8859 3753 5088 2797 4179 1255 3894 9359 3866 7886 6557 9402 6870 1979 6161 2240 7429 3877 8387 8644 2340
228 267 7786 2990 4349 402 1793 8429 2903 9291 6141 4096 5563 6357 3833 8149 5099
229 8685 425 1562 9646 9666 9377 5143 767 1826 2244 5412 2199 6716 1201 9215 1828 9001 1047 2679 6778 2304 5715 9199 7949
230 6465 949 4561 8375 3023 7396 606 1670 7970 5904 6161 5962 8098 8975 2059 6584 5283 265 1415 1280 4222 7 5457 5507 6672 352 9007 9545
231 2699 5543 8728 8418 1329 6398 5693 3702 8670 805 3023 5248 1014 9826 7270 1406 4623 2623 3757 1942 6391 4901 238 7709 2986
232 6922 6613 6320 5526 3186 6880 7677 9369 9163 5869 3433 9926 5120 155 5539 7298 5537 9003 5445 2340 3032 9013
233 9138 1101 946 8377 2414 2454 1383 1980 2681 5592 2576 5680 4746 7817 4187 640 1246 828 3937 2895
234 5099 9533 4199 3700 9215 2650 9758 238 5604 5700 8052 9264 8419 9384 6687 4421 1442 415 5203 8559 4660 1668 2856 5437 935 6170 9654 9138 6785 2595 259 5880 6827
235 8994 5583 4959 8015 8532 9816 3817 2185 5865 2553 3341 3053 7274 791 7224 9699 7569 6509 9244 5898 6613 2240 7120 2790
236 8491 8912 3219 2750 7099 1327 8406 900 3875 1234 7507 8608 6510 1754 49 7867 4341 3521 6327
237 4020 5295 7949 3830 2340 9010 8693 5801 3603 4057 8203 441 5541 8037 8498 1017 4563 2173 8521 9891 3232 8907 4855
238 8227 3801 5429 3543 9071 5348 752 609 4358 7247 55 3764 404 8152 1480 5190 833 2121 3700 6082 3103
239 843 8848 5129 8361 4150 9302 4984 8057 7120 4031 3500 7943 401 8160 980 8671 545 5715 3792
240 4199 7575 7088 3006 3827 8580 239 5525 9115 4416 5192 9997 1560 1256 3859 1750 6799 5042 5677 9979 7883 9237 9937 3583 9757 1105 7 8406 7949
241 7204 1287 863 5277 2113 9273 1905 796 6604 3715 2047 9845 5986 1410 1670 52 3902 8958 6029 3877 79
242 7880 2972 1281 1032 5813 1343 916 8964 9627 5522 9847 9304 3877 9108 4919 8831 776 6584
243 703 3297 7754 9305 2481 8528 9772 4278 1890 6470 65 968 3733 3750 2240 7240 2288 4377
244 1524 3343 4531 5471 6244 170 8400 1674 5395 2718 8324 7354 2220 7215 1328 9854 935 79
245 7333 1979 3758 6082 5099 5322 489 2753 9341 7451 9964 1944 3034 6565 1063 7366 9788 4779 7254 5288
246 4909 5715 7240 1183 6459 5241 7353 1849 8214 6018 9032 1654 1215 9603 6483 8075 2106 1375 3074 8212 447
247 7392 2412 9735 295 3153 3454 9871 6530 8260 3392 5448 8046 7697 4750 4388 4717 116 2962
248 6067 3249 3547 412 4282 7221 5839 9990 1441 9324 330 2790 5983 7949 8898 2359 4161 9151 9213 4020 9615 3012 9968 935
249 5003 9139 9337 9181 4333 8212 666 4123 964 3151 8968 7389 1226 9319 3277 6310 1803 7899 9453 1871 6712
250 6511 3441 997 2177 8051 8477 1270 4089 2574 8703 5930 6585 9933 7285 5762
251 3543 7545 901 279 9521 5531 4372 3313 9734 3696 7955 2685 2807 3242 2413 1065 5683 9797 663 6827 4985 9533 7413
252 1058 6428 5339 8844 2345 7709 5329 9080 1457 7160 477 3977 9809 6440 8444 813 4234 6426 7845 9889 979 4345 5509 2986 843 6938 8994
253 2986 780 1984 7756 3203 8934 9133 528 9523 5818 3106 6153 6300 3648 6309 2064 442 2251 8269 4810 7200 4463 427 199
254 6082 761 3561 399 90 6469 7977 9253 3114 928 8390 2883 7383 6480 6606 3377 632 1050 8812 4923 2986
255 1934 9995 798 8570 3270 1041 5783 7059 3563 6425 2669 7377 6654 9545 4443 76 7048 3792 7861 745 6537
256 7791 1137 3380 5849 6129 1644 4697 9830 2992 8876 3620 943 735 3127 7776 8276 8711
257 2240 6029 9947 2203 1242 4822 264 7170 4898 2590 1952 6256 5163 8026 8066 4874 8510 7762 3894 9129 3982 4020 8134
258 1790 7922 3229 5589 8105 2690 3839 6140 5351 3035 3985 2852 6164 4809 3671 6621 3837 438 5848 7575
259 5507 7856 5286 1273 1979 3103 5536 400 6759 1879 250 7020 29 876 6036 8796 682 5437 352 148
260 6458 6675 8406 5896 2002 2489 4574 9917 1330 4901 3046 6996 7499 5893 2128 9793 1053 8902 5958 3783 8212 4399 1353
261 2704 4400 2 5149 1429 5771 7012 765 3755 5696 6685 8744 6290 9527 3043 450 3737 2779 9766 110 6635 8780 6054 5762
262 2340 8600 8566 2902 4011 5794 8109 590 2474 7881 5630 9200 757 9160 9265 5824 4472 7306 1288 5504 8462 4943 1496 447
263 2962 9197 7289 1079 4870 7240 9965 9957 6445 6691 8236 3700 7779 6647 9275 6341 3846 5862 4456 4367 216 5484 9244 3877
264 7355 2189 1931 8239 9939 3984 9628 7730 7703 1224 2288 4896 6242 9589 6817 4091 3320 1299 7842 2013 2643 5715 5962
265 4377 3757 930 9325 3989 1613 8503 6938 14 9655 552 8830 8320 3877 2323 9935 2415 6707 924 954 8686 9836 8470 4985 7883
266 1121 3304 2927 2555 340 444 9428 2578 5910 199 7692 4958 9135 8198 3691 8471 8460 3945 9403 226 5495 3894
267 1496 7883 9968 7762 2288 3714 9764 8111 141 8058 6670 2962 6195 1247 8427 3414 32 7654 4045 4314 6349 4135 5762 184 2240 7153
268 9940 730 8506 3539 8131 3199 5816 4819 7732 3579 1632 406 1455 2717 710 2541 7762 3602 9404 7101 8267 6374 7652
269 6613 4909 8183 4071 5821 9510 7198 8770 8290 5913 4811 7517 9635 5407 5437 1413 6267 8265 7042 7258 9811 2645 9457 569 1668
270 4069 8130 8014 3074 4361 2968 7504 6608 7884 9781 5265 5657 5398 6655 4344 3981 5507
271 3751 4988 1339 3354 3582 3637 4002 6057 5567 2966 7921 4900 7687 2687 1742 7031 2898 7267 2565 4660 6938
272 352 2260 2856 9654 8257 1923 6084 8708 2298 3163 9101 7487 4935 3105 3288 6489 4097 5766 3144 9265
273 5064 1710 9114 332 1496 3936 2240 3099 3510 4571 9178 6219 9223 8447 7043 6620 5667 4653 9467 2790 5504 6584 1668 7652
274 3491 8782 2666 39 202 9030 4837 5569 1361 6212 6239 7186 831 7699 6308 4020 3982
275 5248 3043 9898 790 5798 4727 83 8247 8514 6905 8220 4469 1458 9406 2427 8644 7948 8881 447 951 8994 2962
276 148 7413 311 6306 8651 3172 5019 8486 9252 2358 2288 8530 9932 3184 8448 2495 4539 630 1103 6700 9765 4958 3383 9414 935 8387 1125
277 1348 6613 686 6258 5373 8087 2164 5998 2105 9175 3322 5799 4625 9739 6181 9902 4692 6326
278 3758 5504 3706 2904 9583 6537 898 6838 3748 5703 7789 1299 5957 4592 9585 9730 5017 9039 3521 4362
279 3012 7868 6021 3965 9116 9938 9336 4807 8709 7161 2627 6692 8013 644 8091 6987 6469 6464 8140 7652 2005 6258 79 7883 9199
280 3023 7105 3125 7542 6924 6999 234 4704 503 6942 5187 1614 9219 9541 1821 2024 8491 772 7252 8994 3877
281 3004 991 5810 6765 7553 219 8134 1058 4243 5352 2837 4527 9383 169 8961 6698 7875 6826 7543 5181 3584 4035 5448 9453 2555 3012 6101
282 2121 5097 3837 2598 145 8495 7821 5125 6287 8123 8153 7506 5219 5673 7640 1861 2340
283 2346 1358 4356 912 610 5501 3543 9581 159 2201 5 1048 3554 748 1598 3918 5709 5898 5625 6073 8210 1260 1145 4035 8125
284 4345 7077 7314 7740 2191 5172 4929 6507 1809 4254 925 8148 1489 3470 8534 6402 4838 1136 2349 9842 5219 9107 1625 6534 8125 9968
285 3331 7653 1248 7762 3493 6105 8042 3215 7262 2005 9245 3650 692 2593 1150 2976 420 7413
286 5899 8068 6390 7423 7369 3262 3113 9624 4295 1238 9738 4396 9190 7248 8018 8645 1299 8912 7736 2121
287 7438 9852 6216 4619 7713 3823 3044 1051 2416 2355 2882 78 2875 4432 1840 1309 4665 799 89 1025 7949 135 8005
288 5772 1542 1665 5502 9865 7400 8592 4815 411 2031 5860 3273 1499 797 2497 7833 3855 2060 2240 7240 7545 7153
289 79 6464 3405 1916 5942 8612 7834 6619 7747 4258 6190 6568 8211 7187 3624 7576 6296 930 5038 7669 1734 2643 9244 9842
290 7285 8920 7029 5838 5767 8142 5062 4245 3804 8302 7894 2238 6599 7516 769 6431 5090 8116 4670 4784 2650 9244
291 2304 9565 1534 3104 437 2791 3836 9056 935 4937 667 4703 3625 149 9358 6781 7954 2555 7883
292 4326 6525 554 1004 2127 9994 578 9842 5369 5870 6556 9057 448 5010 412 9160 321
293 9007 4531 6424 4063 1352 6851 1841 6191 4944 2936 7559 1720 8215 6575 5629 4884 9244 4967 8125 7413 2666 5437
294 6712 5964 4342 5740 1095 5482 5257 3808 9153 4385 5478 577 3445 3941 6540 2140 9436 9294 7880
295 6296 369 7036 9007 2917 6547 6656 8488 2160 8920 421 2124 368 8348 6958 5727 6847 9731 199 8134 3758
296 5448 2192 2538 61 3708 3178 287 6112 9335 7096 2399 8312 5050 6209 4484 5984 8130 9968
297 7696 4106 1930 4391 9173 4559 8505 4272 9371 1681 8411 810 9465 9139 5869 7652 4985 6613
298 8269 9533 2198 8618 2288 9563 3265 2923 5430 8885 4117 3840 7848 4475 6000 7415 2439 1287 8489 1648 6922 5340 7183 2239 8716 9007 3032
299 1668 838 647 8450 5211 2790 2526 6921 182 6672 101 271 8762 5096 7363 492 4976 6515 3006 6240 4056 2412 719 3521 3894
300 8145 4962 2617 639 4691 6022 8499 1423 6865 7086 2210 4942 205 712 2332 5885 4979 6635 3665 3251 9518 4402 2904 9224 7266 9930 1105 3982
301 3146 1638 7050 971 9109 1533 5034 7577 8668 3334 9818 2236 7798 2989 6069 7296 9270 6458 5437
302 6351 4212 8981 8842 1315 8137 5075 7533 688 9533 73 2284 4864 8484 745 1979
303 7762 1670 7267 7787 1761 2256 4719 8340 3312 1445 5200 425 9873 8434 2915 2850 3668 5610 4965 6889 9968 5412
304 79 8495 847 8345 5175 7956 1762 1534 8688 13 1360 9362 2555 9285 3327 7455 5386 9578 4587 8449 8359 2986
305 6635 5880 9259 9478 9645 6044 1929 1984 1786 8837 5751 6457 8466 5535 9049 3253 3316 3125 5212 2693 1289 3885 8722
306 2870 5645 5212 6748 8816 5748 1380 1218 2986 420 8004 3754 5507 1647 9622 4197 5097 1187 3488 6318 2774 9089 8722 5677
307 707 9349 2486 4507 2810 9757 9755 5901 5294 6743 172 7331 9481 9928 4967 2893 6264 7360 6312 4352 1385 6687 7762 183 6327 1625
308 3103 4286 3032 6385 1711 3160 5802 1125 6526 18 8331 2601 5268 7456 862 6270 63 8341 518 7288 3550 5006 9827 5083 569 2537
309 1105 5340 8918 2866 336 8789 3642 4950 6936 5011 9107 1672 5160 9209 9533 5423 9991 6054 6547
310 4855 2643 4442 8125 7438 3376 6298 3227 6406 7399 2401 7054 5596 1625 4132 3111 3572 8840 8357 9260 3968 7440 2304 935 9842
311 8711 1260 1336 695 3319 5869 8878 2884 1348 4845 7770 8275 8720 3852 7153 3074 8467 7066 9120 7600 8566 8599 2898 3836 9533
312 6014 321 6547 9968 6336 130 4429 3231 9834 5534 6695 3016 8190 5528 5339 2277 6452 3320 8316 586 574
313 8462 7486 2929 2074 663 895 7525 463 2787 847 4584 6979 535 6482 6967 1622 2079 8162 8483 6114 7699 5543 4071 6538 9947 4855 238
314 6030 6538 30 2867 1940 2721 3669 3535 5514 2925 7582 9495 8624 5072 617 4400 4892 1355 3586
315 6666 8282 3284 745 120 6586 4814 3994 7172 2819 9524 4194 8104 774 1504 8431 3074
316 7795 5962 2107 9740 603 5587 8067 5456 4933 7309 5412 6572 8678 9960 8431 863 5553 527 1454 5064 6613
317 8687 4970 5737 79 5875 5950 1964 6777 7344 9474 7839 3633 2725 9217 60 7082 4340 8233 6611 3012 3074
318 2480 2983 1364 4879 7657 1978 2168 2639 5388 8518 7001 9866 4688 468 6590 6938 9378 4079 9898 8711 3012
319 2327 1238 220 376 1858 4081 9159 310 6512 8294 9255 742 1745 1865 8594 7355 7159 2315 1637 8895 6285 7736 2538 3509 1339 7438 2058 2121 4855 7296 79
320 7713 9347 8797 1465 4616 1425 3743 2737 2591 4832 2391 851 7551 3983 305 8557 3914 7919 9688 7055 2518 8142 2962 8145 5643
321 2407 5234 8363 4695 5150 1220 9376 379 2240 7393 8163 4309 6465 7557 897 2063 3204 7949 6635 4901 7652 2288 6054
322 979 5848 6909 6827 482 935 4274 9306 4453 5947 9526 6811 4109 4846 9970 7997 541 395 925 3936 9968 4035 7883
323 76 5111 7013 3607 7725 3308 118 9676 2101 8795 8143 6725 2092 9625 1403 2983 4728 3944 405 2288 745 6054
324 9211 7154 4170 7027 1389 4028 8635 7238 7062 2486 4590 8603 9000 9613 5219 4176 9007 1299
325 4352 1289 1091 6671 1668 1779 9453 2464 5785 137 6352 5098 4256 5876 9969 3208 4144 9012 9607 4360 5962 6407 6101 3567 2555 647
326 183 6354 3916 8583 7293 5623 6997 4778 1552 1640 5446 4510 6890 8952 3075 2310 525
327 5340 1125 105 4884 8539 5193 3230 2029 1798 1557 9199 8403 5342 6266 8910 2985 9372 1253 7379 1815 6775 9276 5372 6547 6938
328 427 6538 9551 9848 709 2771 9499 1859 3864 3485 6543 5843 4955 5359 6397 9537 566 2145 6631 8235 6001 1042
329 4783 6166 6991 843 2302 9051 5375 1838 608 3041 1753 6664 1625 311
330 2288 2978 5580 6770 1365 8698 4997 9930 2000 5027 5479 3298 5432 9232 9103 9763 6686 3758 1042 9659 4134 8920 7413
331 2155 3032 6771 8614 3238 7191 2232 3003 9262 662 7831 908 6211 4767 1934 1655 6135 1739 9988 9548 5446 2480 5962 8293
332 9013 7210 6550 5758 3111 358 1625 7199 1523 255 8044 1627 9090 2683 8086 7074 5684 7805 2975 8130 1601 4199 5445 4909 2986
333 2439 1206 9775 9804 3494 4924 390 8122 2390 1772 6019 3527 3586 5512 970 750 7733 6827 6458
334 3885 3877 5848 7833 3675 7064 569 8234 3699 7435 3066 1105 2211 2197 476 9340 9007 7865 5803 7623 6269 6982 1668 8651 7586 3830 5341 2892
335 8470 8135 5384 5690 2264 559 4026 5169 8150 2594 9401 2440 1731 7498 1324 475 2986 1822 3584 7379 1227 9075
336 1752 8218 374 7719 7137 7841 6712 751 4787 2833 23 3373 5366 8631 8520 5871 4340 1020 838 7153 6538 2
337 7699 5437 6423 6343 575 4667 722 380 2051 4409 3533 727 8832 4772 4638 5653 3005 3830 6280 412 6547
338 7200 3408 5992 6465 9261 7185 3381 9717 1746 7663 3835 8997 2962 4982 1073 5364 7126 1580 2274 8690
339 7044 5112 9436 4517 4664 5797 3275 6436 5973 8758 1903 9077 1148 2822 3138 3235 3982 4350 3604 7880 6044 7153 8125
340 3363 9027 1686 9598 6149 8910 8888 3889 8572 5379 760 3086 6741 7232 6852 6947 398 2340 8293 9615
341 9160 8663 583 7895 2962 4670 5661 4497 564 4575 116 2616 9984 1717 7846 2027 2488 7104 8118 6482 9050 4494 3521 1774
342 5898 7285 4310 8136 4327 9197 465 2149 1567 1092 3532 1398 45 2770 6396 7513 5636 4176 1774
343 6482 3555 7143 546 6010 3193 9884 5781 8671 5926 4292 6824 9807 3427 2858 7615
344 9301 4901 8896 8856 1807 1521 7796 4051 4672 7746 6574 5170 7338 1588 3218
345 5677 5715 3051 4070 5546 2951 354 8465 446 812 7065 4736 558 7709 6170 2126 2473 4483 3528 1761 4035
346 3720 9301 6534 225 7041 6747 7291 5724 8249 3189 7567 574 2285 4605 1038 8844 7438 4561 5122 5860 9197 7713 3074
347 1454 1396 5996 3870 935 8524 3256 9876 631 5431 3388 665 8372 7695 4552 3434 3723 847 9545
348 7652 951 9908 6827 56 2465 81 7851 9096 1351 3818 4053 1271 5880 9705 6177 2834 4855 3182 8049 7698 367 4340
349 7012 2114 511 5726 3 9026 9370 9874 303 3344 7395 8278 1091 3803 5511 7844 1435 951 2741 1117 3936 6021
350 321 238 9968 3456 2483 4546 410 215 7691 3997 1395 3397 2618 4334 1137 9018 6564 4398 7652 2001 3371
351 5869 3064 8405 1610 4765 8333 874 4171 8662 7055 3391 4577 9060 8591 868 9747 2881 3794 9903 9968
352 6534 8812 9955 5572 6903 896 3163 6705 7598 5385 1009 6490 2325 2456 3431 3959 5600 9284 6263 2500 9968 4507 7517 5715
353 712 4628 6143 8765 3697 6758 4129 8242 4613 6498 3027 5779 5997 8595 3245 3380 8893 7438 321
354 9990 7438 2518 3944 5163 4269 1505 6945 4661 3883 9936 9045 4677 2120 4745 2033 6959 2757 1925 5007 2790 704 4034 5880 3074
355 3537 6681 977 4249 7632 9044 1743 9749 3137 2560 8957 5298 4978 569 6296
356 8907 3509 3463 7278 5980 9385 3798 6893 2704 966 8659 1451 9708 8666 4404 541 3873 3274 4988 8078 2630 1534
357 3982 1299 8908 6810 4788 8938 7045 1501 9182 5941 8421 6628 1508 1349 8942 3630 412 7413 7732
358 3894 9218 1141 5755 8293 4133 212 5634 7981 6076 8757 3805 2673 3542 5053 8644 4035 9244
359 7732 6986 9713 2064 6458 9160 6953 1219 8852 5670 3736 3832 2269 5578 8599 2708 7762 2839 5601 7194 9968 8711
360 6178 2209 9244 5925 4946 2767 4739 6709 8661 9426 8171 7974 2999 6550 351 6382 9677 3006
361 9979 2085 5503 6955 708 3876 7739 8296 4579 3888 6238 6481 454 6597 4141 8832 1668
362 6946 4104 7260 2403 1086 6618 7095 3524 1231 758 2728 6005 3082 2317 3561 4734 6404 3074 925 7762 321
363 1145 467 8362 656 5105 7611 296 5035 4127 5951 1240 2825 1998 6413 4705 1149
364 979 1157 4842 4311 3447 5278 6230 8936 1373 4145 4743 51 6462 4225 7804 2735 824 9160 732
365 4045 6772 8927 1920 7239 5678 3661 8555 7668 3152 223 3155 6020 1778 9356 6796 8887 3158 9533 7713
366 8922 4437 8081 1628 5434 8124 8838 8473 8883 5597 8706 4415 5309 1611 6661 7892 1443 6882 4764 9290 3393 7204
367 6413 8713 7243 9669 238 1147 2407 9303 9946 8988 2041 8003 1294 4153 8384 4230 259 8406
368 2774 6028 7413 8106 6815 3345 324 1866 2333 9491 8045 3304 3404 8126 8950 1257 3728 5880
369 9903 4004 4607 2965 7972 2550 2398 1843 2254 8446 7546 213 37 2114 707 761 8994
370 2128 4260 7116 6189 1884 3566 5787 1481 8948 7324 5168 9808 1802 1699 979 3602 3877
371 2058 541 2875 3020 3704 8030 5067 2286 5628 6614 4993 7313 2840 5945 5436 7934 6986 4261 843 9848
372 3111 9688 640 5387 7607 5292 1297 6844 7616 2559 5201 1055 4808 8882 2447 768 1181 7545 3004 321 9075
373 9129 6001 7998 5855 8562 494 9368 4836 7323 5295 7174 8468 5852 5508 8667 8910 3023 9354 5966 7419 7568 8125 4624 3982 79
374 3513 7732 6130 6914 8319 2885 1344 3148 830 3593 8138 7130 2475 6832 8418 6613 8470
375 5219 1956 5862 2583 6099 7811 5230 5868 815 5183 6570 5089 8010 8035 6047 1274 3012 8994 1125
376 9007 3830 5483 2030 1846 7056 935 8231 2994 521 1675 6086 4562 3710 2907 7275 9859 3659 6007 2327 7077 5451 8134
377 2458 5270 955 7575 7720 6683 5362 4307 1272 2820 5906 2818 7179 5250 4542 5209 6966 6632 7410 8193 2240 2962
378 9604 858 3792 353 9338 9167 8630 8457 2536 5763 4694 4215 4457 1079 6327 7787 6428 5869
379 2426 4068 3425 6234 4905 719 2369 9903 8890 1422 4502 3366 8808 2955 2900 4824 3842 6153 437 1557 1668 1238 3074 8491 2121
380 518 5349 1889 9751 1464 674 183 9544 8752 7901 6410 4999 9819 2134 6014 762 5715 5299 1252 3203 9301 3079 8130
381 5702 8634 4302 3520 7951 7903 1955 9794 4413 8248 129 79 9461 8560 3564 4609 7629 9086 3877 5715
382 6470 9043 3533 6487 8893 3610 1781 2586 3069 931 3767 6892 4441 6278 4390 991 5054 1505 5788 8910 979
383 935 2679 6855 372 1156 1296 7765 3141 1010 8284 8919 7554 3623 4296 3860 2148 7608 5880 6178 9301 450 5390 2611 6082
384 6528 79 1181 5054 7347 6970 1878 1941 5182 6774 8746 8264 9519 5220 3996 2422 6324 2458 9215 4855 935
385 4340 9224 3602 755 660 8189 1570 6677 8994 6362 2095 5676 1769 8535 6429 3976 9867 6934 9778 3746 9464 7005 5194 8512 6292 9444 6161
386 6778 208 8387 6717 2633 4095 8456 1252 5402 1277 8564 9432 2270 5848 2426 8212 9067 2566 8266 2760 1125 9027 6550 7762 9968
387 8212 7629 1164 5365 6829 8928 5515 301 5264 88 28 3132 7362 7226 9331 7850 183 6771 1774 1238 3432 8994 7699 7153
388 8150 9216 1579 3521 8360 2540 8367 2093 721 6818 879 7359 162 2962 730 8188 9666 9533 6534 8487 2240 9968
389 8406 7049 4399 6836 7749 6891 2542 2844 9301 2524 6040 7693 4820 6917 1113 6474 1152 3885 6920 5917 2288
390 3937 8188 2239 4705 8392 8994 6218 8800 7751 5643 9802 6174 8140 2115 233 2630 7857 7340 2 79 6986 4181 8830 208 7483 8125
391 6967 1252 2943 2409 2794 9821 4721 1961 893 5972 4152 1679 4828 5990 6820 7782 1383 9007
392 3575 2175 3496 3819 2674 5458 933 7227 3936 9611 8440 3296 300 8916 4650 7242 7055 2437
393 7736 1731 1174 756 5177 7261 4572 8286 2 6367 5682 6044 739 5107 7495 8064 8713 6859 3823 427 3894 3982
394 3541 9607 132 2543 2 3806 5082 2452 9224 1185 2194 6576 3325 9906 1956 7121 7032 7332 7491 321 3079 4636 2773 745 5762
395 6737 8958 8491 1981 4692 3656 5161 7192 4522 297 948 2271 817 702 8459 4332 3316 321 3894 7762 7949 2555
396 4234 4965 1719 8681 5795 8994 2946 6736 4154 9883 5370 3293 8996 2080 8088 5677 7088 6075 8671
397 2109 3468 8644 1050 5443 3657 5214 8841 5145 3134 4449 522 9318 8196 1376 5267 7050 7709 7039 5758 1871 7699 3023 2288
398 3285 673 5457 5995 2569 4602 8116 5355 9130 5638 9381 9138 5877 5956 3825 580 8011 919 4326 7709 8387 8406 4035
399 745 9600 3597 283 9348 3515 1805 8084 4035 6518 2192 3680 4434 2769 6944 3592 8756 6467 2643 8284 8005
400 4527 1557 9720 6669 9594 4658 5216 7141 3159 2954 474 96 1177 5439 4195 3423 1799 4581 4400
401 427 5902 9480 3164 8790 6388 8722 4257 8119 2050 7503 1652 9743 1446 9197 4246 6082 1229 6465
402 9659 9085 4199 1238 2746 5248 2580 7337 6968 6133 9453 7009 6375 6119 5533 9076 7748 1228 8794 4786 2263 9075 420
403 7413 7429 925 6938 5446 5090 1227 5433 3434 3025 8170 3267 7780 553 4411 6862 6667 6644 780 7233 2394 2749 9795 4302 4060 2555
404 3783 5857 4755 9208 6973 8177 2097 8033 2231 4917 6065 3541 6708 1022 2 2555 8092 5307 8663 9573 7296 9224
405 5326 3079 7085 9003 683 2139 3093 1436 276 7008 8935 1959 8388 3415 2799 1957 2434 8946 9399 3436 6613
406 8439 6486 8259 9467 8628 3375 1233 2988 5317 3395 4938 6873 1565 3822 5063 1275 6347 9010 9137 5175 5412 321
407 4108 3074 2554 4021 4047 1449 5468 6594 9043 4218 6025 3422 737 6923 2263 4646 8991 5155 9560 4619 8600 8894 1956 925 6101
408 1774 6324 9684 3670 3562 3244 5223 4266 9869 1616 2996 9568 9415 808 2121 2858 4199
409 9533 910 9806 1117 5166 4728 4901 273 4054 3417 2533 7969 3337 4763 3446 3894 6819 1853 1194 9139 8908 9565 5340 6482 2962 4855
410 8105 1256 6196 6503 5122 513 4180 6311 6883 6049 2552 1263 3948 1548 9615 2099 2924 9177 1514 5311 4062 5446 9129
411 4091 450 3364 3797 9391 7549 6898 6918 1834 5565 2872 6602 7552 9225 4001 4401 7219 6676 7120 8105 4377 2327
412 6588 9004 8900 3895 2938 8658 5695 4671 9833 3537 9566 2864 3939 4435 6731 5247 2003 7699 8812
413 1979 3958 9032 6269 6075 4684 1833 6610 5889 2265 4444 2643 6984 9268 3871 7256 206 8922 7732 9355 4812 7824 5699 352 4045 9968 9007 4199
414 3106 4134 2673 2589 6739 1305 7123 227 9608 4591 8899 2066 2729 9066 4558 3202 1496 9123 3009 7964 7583 8623 7519 1476 1289
415 5656 3225 7949 6141 1680 4805 4134 9681 6478 4565 1880 1650 9968 7049 1541 1202 7327 3104 8763
416 3982 8157 5065 9007 7356 243 1992 2389 3376 3690 7801 5276 9314 7012 5093 452 5304 8733 9129 843 3144 3830
417 6584 783 4159 5178 8252 167 7088 3885 240 8660 8204 7180 634 5663 8246 9222 4501 9008 3545 6359 8994
418 8618 108 5307 2038 1749 9609 9352 8453 7034 1026 7781 9296 1715 1424 6939 4042 7122 3932 1173 8797 8062 7652
419 7949 6021 205 9230 246 8195 8854 2335 6701 4821 4013 5836 6150 328 7656 1002 694 1066
420 7153 9637 7304 7151 4766 714 9920 6225 8519 7028 6793 1419 4480 4093 1223 3216 3961 782 5849 2013 6739 5917 1668 7699
421 3427 4893 8043 1948 8815 3474 9901 1773 1072 1118 4741 1851 4286 5040 3560 1540 761 1595 5273 5869 5677 1348 5386 6547
422 4340 5359 7641 1956 4203 6840 6928 8224 8289 5450 9366 3531 3763 5056 802 4886 2652 3541 5962 5307 7285
423 6153 4760 9007 4928 3316 9842 1538 9332 979 352 6584 7939 7296 9638 1694 6534 9460 3096 3742 8711 1061 2283 5296 4032 6726 753 7880 5962
424 7883 2240 2175 457 5029 7280 6296 3821 9688 3146 6034 7893 9430 4985 1765 2233 7810 7887 4663 2563 979 935 4664 925
425 1647 652 6437 3465 7178 2462 7063 2546 2549 5438 5880 2655 1690 5833 6583 321 347 7246 432 2892 7615 3111 6549 1979 6692
426 254 551 3095 7177 5738 7244 3991 7713 6116 8009 4920 449 593 3466 2847 7895 5895 7153 3012
427 2666 3379 7457 4888 4462 7448 1034 2294 2878 8062 7118 3613 8079 3774 7806 7997 3745 2555 7153 7762 6613
428 8116 8343 776 1510 1292 6842 3923 4627 7302 1381 9543 9008 1536 3616 4191 2962 4632 7150 4678 3240
429 5307 6141 79 3784 6280 7521 4913 8649 4036 8036 9023 9309 8809 9176 6547 2255 7702 7436 5074 6021 6737 7268 6522 5167 937 1091 7652
430 6549 6427 33 8156 514 8526 8202 4689 8558 5530 6879 2078 6294 4199 2288 79 2 2986
431 2846 3865 2744 5162 953 1412 9145 7836 3574 67 1527 8846 7732 3172 1668
432 2555 9290 7138 4586 6260 6274 2906 8738 3975 6940 4340 8175 2350 8655 4940 6803 4901 935
433 9139 8428 9903 3576 6338 2161 5103 4039 8853 9534 4553 4762 1042 6101 9310 5643 458 7856 9775 6486 4801 5097 7736 7852 2962 3982
434 3703 9709 8049 456 6729 4420 3307 8180 878 8501 1178 7033 6447 652 9653 5705 4668 7085 267 9520 2707 8687 1546 6054 2155 1668
435 1025 2274 4178 1937 5728 507 4020 6722 4906 8701 8463 725 849 4615 860 8251 8462 7438
436 9731 155 3119 5445 6250 1130 9091 6768 5441 1794 3638 5692 2701 3900 3752 7816 1222 932 8826
437 6101 1117 7126 7634 524 2962 190 5026 690 6015 1369 1426 235 9097 2368 21 8423 5130 6315 6060 8848 7997 6692 9244
438 3894 4749 1299 6853 2783 5793 9162 2532 5905 9886 5754 3473 4044 38 726 1842 1429 9842
439 6611 2100 8711 5104 4730 3863 4612 7597 6082 7207 9868 2422 8742 7987 4512 4536 2490 8132 8551 4912 1790 8396 8125 7153
440 7053 1942 2327 7459 6011 691 8060 3154 4511 8712 2887 7862 5890 3169 2043 2969 5915 3146 56 3783 1774 2480 7949 2555
441 9842 917 9487 3707 7253 7108 592 8610 3845 1182 6837 5154 7949 8921 2162 279 6336
442 6802 9206 8978 102 8461 7978 6356 5743 9931 2920 4437 6899 658 6624 8611 9148 9972 9842 8830
443 447 527 5815 6938 9256 4580 9805 7438 4293 7490 4199 8250 2264 8764 6613 2337 2812 6746 8043 8183 9199 7874 4526 8130 79 9244
444 1571 3792 9822 670 9837 2879 2911 646 3012 4824 979 6173 2870 4926 1832 8914 3083 2166 6299 3926 8987 2240 1383 5715
445 8431 5752 2806 4973 7652 2135 7500 9971 1876 142 9595 1432 7301 827 979 321
446 3753 9260 4463 8134 675 1323 8686 7336 4529 1121 6809 4389 6414 7736 2555 6603 9198 4990 7162 4915 2225 4523 8370 1248 3077 8116 6613 7732 9244
447 2060 4528 9265 5668 218 792 4365 987 6103 8077 6636 7650 6249 5900 2957 1922 3914 2340 352
448 4341 7569 2003 759 7349 3683 8480 4785 779 8147 7307 3250 2129 496 6804 838 8609 5471 4890 3836 2439 3074
449 4912 5132 5747 1855 4299 3495 112 8995 1107 5461 1994 191 8164 8366 7922 2555
450 6608 7147 1167 7048 865 6014 5872 9295 2939 2155 501 5358 5671 1958 9146 1466 3004 8513 3370 8068 5862 1668
451 8716 9178 3914 1572 6786 2513 6859 4645 8748 8337 8350 4173 3508 5817 4478 597 6216 9046 8839 9423 7023 9709 2264 7012 427 935
452 4660 3236 7861 9485 4066 1310 7169 9442 9086 4702 9945 1340 5978 2102 6884 7357 745 9270 5253 7296 9404 4901 8716
453 3728 6778 4567 4294 9364 8574 5416 8054 3936 8967 9691 2947 2438 7381 1609 3140 6889 6732 9037 4870 7713 2121
454 6073 6980 3409 4300 1264 733 9013 5271 1888 7721 331 1111 8134 2823 3869 1602 6250 251 5219 6534 4286
455 5043 6070 1852 3117 5730 6408 6484 7484 9070 6067 2246 7188 5943 5236 6395 8450 5386 7880 2240
456 4664 5389 2828 4491 3460 8097 2449 9069 5928 3318 816 1421 6580 2138 6721 8293 9834
457 3243 7659 6046 1077 6327 3356 77 9954 7819 4176 9388 7022 1012 6394 5208 1134 8185 8487 6611 1079 8406
458 5437 7845 3752 2817 1176 3052 8125 2476 7212 8604 2111 6104 2643 8548 7745 8906 6091 6333 3236 2858 8287 4985 7481 780 6030 5507 7652
459 6281 7899 2158 6327 9354 5997 5474 8925 5884 4527 447 1806 9545 4382 1007 4040 7566 7699 4786 5838 1698 2379 4578 3543 6061 221 9955 6251 3074 6613
460 6467 1066 1962 7604 1651 3956 9149 1262 7209 6203 7651 3183 1945 5353 5749 9139 6258 79
461 9573 8880 1512 7039 8508 9005 9728 3999 166 3292 5415 8093 4706 3694 6547 7985 5547 2951 6049 9848
462 6258 6327 6134 2569 9129 8371 9433 4799 3050 8715 641 7996 2537 6500 1808 3799 5506 5924 9758 7314 952 1353 8994 569 1668
463 523 6731 7568 6054 8822 4193 1016 4742 1646 7771 6487 2599 6433 1459 9529 7966 6228 647 5507 321
464 1657 9014 2202 9569 4341 1407 1052 8191 8301 8432 8717 3786 5869 2615 5748 7949 3553 4129 7699 3543 2288
465 6692 7630 2773 2979 8055 4504 5788 2730 111 1969 3098 150 1668 7773 3518 1434 5734 1984 6926 3014 4928 4317 2340 183 7997 2986
466 3007 6184 707 9041 8113 2313 4169 2222 7234 440 4643 381 9641 1070 7575 8345 9848 2288
467 9023 9933 2565 745 9555 8911 770 601 3255 8125 9986 9254 4891 7562 3722 7382 5635 453 8069 732 6424 7296
468 8644 3781 321 6332 7290 3234 5254 6257 349 7092 1524 5444 7767 633 1237 3830 884 7330 3949 8965 691 5677 745
469 1774 8256 4055 1036 8270 7373 6941 8632 6449 323 7204 9171 2649 7614 6136 1662 9075
470 7984 4252 9815 4771 9507 4455 8061 1337 2137 4557 6983 7976 8924 9301 1605 2146 9718 1668 8193 2327 8812
471 6899 5033 9224 5185 126 7444 9753 5583 3211 5842 6504 4652 8258 9626 6734 2651 2136 8125
472 3507 550 1555 6833 5826 2711 6532 1353 3479 388 9438 2680 2331 6871 6050 9950 6030 2575 1401 9955 9480 9990 8900 8994 9470 6938
473 5962 9107 952 395 937 6134 9281 4340 6053 1569 3596 6473 3330 5356 5770 6448 8469 7715 293 3385 753 6920 1752 1728 2150 3731 1117 2986 4180 3543 5412
474 6650 6024 3586 9885 2692 2292 1997 4505 268 3368 5752 661 5556 42 2273 1128 4765 3106 4326 2904 4035
475 7511 638 6931 9233 915 4369 2890 9731 512 8117 163 7285 195 321 4854 1747 7510 5307 9598 1287
476 8130 8512 1391 1020 2121 648 4798 7949 5655 4464 4644 2117 9592 1752 1571 1342 6821 4386 8023 3163 6584 6215 2685 352 5962
477 6545 9931 1328 6236 6063 232 7202 3371 8949 9712 5897 123 4493 2661 979 3621 5127 3077 8443 3655 8851 3111 7694 9224 8352 1145 456 745 1042 3830 6547
478 4222 2382 5333 6214 8723 4501 2240 8308 6990 6825 3458 5282 3264 1005 3599 2932 1649 9301 8994 6537 5715
479 7880 3377 3190 405 8855 6163 956 1132 8907 2248 9270 4240 9344 6749 5723 147 8206 427 4423 2555 9533 5412
480 6672 8794 8387 3630 5677 352 5400 8005 5045 784 3056 2376 1124 5189 8747 532 3260 9298 9308 8767 4531 8947 9623 1570 5742 9545 2240 3012
481 4314 4728 2685 4787 8445 5397 7361 110 7068 7133 4537 5659 3552 8578 5716 7477 6521 2406 3682 1831 7671 133 677 7642 5921 9834 1625
482 2322 7252 2651 6198 829 7885 7285 2896 4526 1669 4166 8314 8121 5891 6339 7863 2615 5099
483 6404 8841 7806 3251 2847 1345 9887 5418 2512 944 8793 6648 3437 5936 238 4860 2208 4200 9025 6390 1343 6021 79 2 4199
484 9669 5710 7216 9697 2873 1019 3149 8719 9770 7117 2218 789 1180 9349 5573 657 4893 838 1984 4314 5412
485 2790 3074 4801 1736 1293 5768 2156 2144 8478 6633 6728 3901 4566 6041 5689 8759 8315 6064 7949 6537 2589 6044 8883
486 9199 813 6698 687 7952 7259 8644 9711 345 7386 2228 1314 5207 8141 1244 1784 5888 3376 2666 508 3543 5340 3894
487 4343 9083 9425 8451 4925 6773 1522 2136 2235 8107 4024 1037 8788 7478 7480 9907 262 6630 9007
488 450 6258 7919 3352 1685 7537 9087 6059 3967 5031 4531 6229 5341 6839 8999 7295 2282 4381 3507 1293 6699 5880 1429 7880
489 753 5462 6790 8176 1935 934 731 1241 5406 4148 6468 526 4393 2596 9035 563 9490 7732 4909
490 5253 3081 6555 3121 1377 2798 9942 6908 6780 2301 4969 1456 5319 3144 188 6187 687 5193 7864 2643
491 8043 7852 2001 5288 1354 44 786 8889 1120 1168 1198 6329 3382 7544 4343 7791 8986 6528 7355 321 6635
492 7219 7320 5507 2877 3486 744 175 2339 1639 3677 2187 8823 7210 8002 5376 7427
493 2136 4752 7948 8210 2608 6476 7316 412 2747 7777 4442 1236 1817 1982 1657 7840 3955 6331 6063 1984 1510 427 5386 321 3012
494 3395 325 7987 6226 4606 3005 6101 1306 8304 5417 7391 7272 4198 9660 3042 4012 9468 114 6600 5064 321 139 8498 1125 7883 7438
495 5880 1750 7193 7206 46 5993 3795 676 8743 2811 2909 6045 7153 7791 511 701 1080 1561 8207 5874 3740 9079 2870 1289 7438
496 8387 5860 1139 6095 1504 5895 7321 9930 3970 8581 3144 1366 4326 5343 8336 4078 7025 8696 9195 3995 3936 4818 1500 8439
497 4886 7057 8787 329 9315 3987 4027 183 7572 2660 4733 1311 7709 4853 4716 1279 8879 4022 1668 4985
498 6170 6360 2986 4843 2155 259 8690 3013 1624 9803 7880 1209 5109 3336 2366 8732 3002 6711 6764 3713 9848 3675 650 6765 5239 7852 4527 4752 5784 5412
499 935 867 5654 2321 7852 8753 8245 6738 2017 671 1402 8622 104 8685 319 2602 6117 1000 6467 2345 269 9555 6978 6258
