500
0 2340 8711 3261 8343 8332 7105 518 7710 4639 3944 6698 5966 6817 220 3104 1665 3453 6464 4269 1248 2203 7280 5005 6962 1791 358 5756 1583 9807 7198 3262 6953 3935 4337 5552 5913 3969 3811 3486 613 8265 6352
1 2349 2752 8987 1932 9115 1924 3120 548 8203 5688 8604 7160 8699 4010 8416 8242 4031
2 7 1216 3963 9248 5085 3255 4092 9021 6979 578 591 5244 6125 4999 9883 3445
3 7296 1105 2013 3453 4230 5645 3101 8251 6970 4541 9238 4645 2784 5172 2570 6914 8254 8998 8170 987 8154 5300 1697 862 728
4 8209 2413 3950 9993 9470 130 5232 9878 9185 3309 3802 2591 1075 521 5615 6389 3167 1958 2669 4099
5 2760 6676 921 3731 7641 1396 9169 8217 2396 1711 7467 7811 5258 7834 4439 6298 4223 6617 3975 8416 3087 4510 6915 1444
6 4958 3869 5948 6061 2028 5979 2640 9391 6412 5621 7974 7499 7875 7697 7382 3913 5028
7 5880 6296 6187 3158 3468 7077 8022 8386 5194 4494 759 9205 2189 307 8726 2464 385 2318 5177 9609 703 1208 8683 1877 8044 349 8268 8331 8888 4223 6928 7728 2107
8 8994 8125 7997 5783 8487 9733 8696 2209 6226 7842 9837 5138 5228 1452 1615 654 2265 3188 1183 4033 1472 3634 882 1205 5259 1084 8279 3925
9 8498 3113 8423 133 1822 3723 8352 989 8683 622 3743 6062 5407 3199 9505 7463 1377 6103 837 715 4226 6656 5098
10 9852 188 9829 5981 2745 697 6762 883 4299 4065 5178 9094 8938 4569 1303 5131 7946 4949 8095 9761 5876
11 5053 4170 5072 9464 7026 1728 9580 1157 9745 889 3946 1477 5833 4731 5652 4750 1064 7550 8123
12 4367 7077 3073 828 2577 5747 3956 2546 9783 5680 739 9369 6192 6565 6831 9362 8492 1415
13 9129 7732 6049 4787 8600 2735 1962 2458 5365 8089 3048 210 2690 5188 7212 253 1262 1327 5352 2539 3524 5893 658 6461
14 4539 476 3950 88 755 8931 5668 4354 5996 8863 8787 2342 7202 7752 2877 252 703 5171 700 1281 4224 1535 5884 9080 2066 1086 9271 71 4689
15 4765 7782 5451 4151 2182 5993 4907 1898 5946 2652 5406 8058 8874 731 7772 3909 7007 6651 945 2411 7829 4905 8028 7008 4054 4898 1478 3134 6787 2237
16 4151 3700 3251 5772 3673 6833 7365 6453 4007 7888 7447 9969 2468 268 1556 2860 6249 7628 4336
17 6675 1607 1123 8733 9293 5907 950 7095 7431 3349 1264 6381 4946 8592 6758 9194 1745 5041 9664
18 8005 8332 5251 4626 2707 9465 6060 6765 2774 2412 9354 6739 6502 9703 3268 2489 6931 4596 8508 8461 5628 6032 7000 4213 5479 5622 7815 7819 9202
19 4326 3371 2422 9483 4060 3835 8858 5155 3665 6696 4628 2598 9764 5216 8221 1133 6186 2794 5269 1212 8279 2782 9616 2215 4544 3925 7354
20 1358 3320 4437 6331 7856 3020 9273 1031 3679 836 1205 9341 5522 1533 6126 4126 8677 2269 4808 8639 9535
21 1429 8017 1580 5509 9132 6400 4695 8891 1796 1101 8313 8455 9602 3375 3147 5126 4404 3222 4693 7969 4954 4816
22 7165 3173 5679 1574 7605 5514 4237 7745 6461 6375 7444 8996 4334 89
23 420 5483 7252 4517 5288 376 3607 2002 3557 1354 5292 9689 3165 1247 9803 7618 7585 6666 8029 6865 5409 8754 6999 278 462 7765 3566
24 6196 454 1761 2123 5768 3704 1528 5188 8989 2032 1259 5872 4945 2071 6282 1369 9558 1867 6346 1840 8660
25 3584 9008 2001 6652 3022 8210 5758 8831 5668 8863 2037 1282 182 8959 606 8980 624 1408 4026 4778 6518 5721 4666 9276
26 3836 732 6785 5580 5027 8636 4162 689 1788 2449 24 7352 4556 5920 4330 6959
27 5412 7055 8830 4027 5643 9036 6376 9496 9608 9982 5069 8268 3174 6191 2597 4175 8473 8636 9135 7156 7155 5834 4244 9397 2757
28 1429 1125 5341 2858 8344 4356 4784 9004 8531 8931 6144 834 1917 455 4844 4486 9435 5747 8524 3718 9208 5278 699 6148 4840 822 8205 5632 2574
29 8293 6920 7902 2842 3552 6438 6787 6702 3355 2234 8312 3337 67 8471 3550 4240 7716 8853
30 8284 139 7320 9120 7950 8185 4070 6343 3135 8195 3745 6511 3612 5333 5889 6701 9742 5863 1218 9505 8538 1661 2644 2939 9235 7779
31 5887 7710 774 307 6421 2750 3110 9676 7563 115 4831 4551 2627 591 5631 7566 5438
32 4985 9903 2533 4626 652 8174 247 4068 3498 8040 5166 7664 5095 7335 6374 7509 3072 6532 6330 6175 81 9838 2532 7473 5108 3705 8197 8523
33 2630 200 8396 3561 2650 2209 3393 7419 4086 1737 2014 7131 6787 4651 8004 3008 6472 7885 7281 6448 8228 7613
34 79 9930 4176 9659 2263 1799 5413 4606 1796 2392 151 9316 4092 2906 786 2077 362 6485 4513 9241 2680 5321 1772
35 221 5156 2741 5866 857 2454 4710 8137 571 4836 8970 9876 6993 5313 8139 2878 3038 9682
36 7929 8904 9144 9187 9409 7802 5912 4938 8037 5505 9945 4237 9826 3585 5928 6133 9907 66
37 3379 200 1137 8418 802 9640 2232 759 7423 7744 1077 3044 5408 5655 1204 8784 137 2540 2597 5982 1059 7325 8071 9367 1980 1533
38 5219 2475 7162 6445 4354 9476 872 678 2101 9235 7626 353 2860 3017 532 7025 6831
39 1534 7751 476 3958 4234 6060 4717 1642 6699 1345 6198 2736 2016 3476 8455 3080 1953 7980 3579 2199 8798 3525 6956 9707 7033
40 3877 2892 5141 9806 2617 6201 1705 989 8362 1095 4766 1878 5922 6838 873 72 7681 4210 7239 9538 8573 5658 4307 2809
41 574 5548 557 2958 5523 478 1491 9522 2570 5060 3286 5113 4211 1397 2697 5663 4330 7025 4837
42 7055 3584 4824 6099 7740 8593 8605 2791 2653 4709 3403 9918 6479 2411 8905 6222 2580 4054 253 6154 6193 2201 4369 3515
43 199 8212 732 3728 753 4423 9719 7136 9846 8179 7920 7331 708 5735 9296 8336 7591 5594 9495 1893 9577 5207
44 4457 4907 5704 638 22 9780 7939 5356 3392 2844 2055 6964 2421 7433 3151 9372
45 9834 8663 8343 6492 443 5784 7026 2019 8912 9829 3319 8168 3588 3275 5416 7060 82 6560 4148 4583 6919 5536 4819 4505 7572 8384
46 6967 1223 5826 3005 8605 8990 2863 9152 4813 823 3807 1639 9372 7443 724 7415
47 7355 6285 6495 3679 8031 9721 3772 3349 861 9030 3368 6582 4942 6879 2222 5490
48 8062 8325 2871 5224 3814 2465 5384 7938 5998 3233 9063 5367 6849 5432 5180 8529 8095 6205 7124
49 6270 7434 1066 6073 4214 3843 1702 513 276 2781 9605 1773 6984 6587 7972 1789 8042 7496 2680 5399 9708
50 5097 9731 9259 2613 6639 4691 4397 2302 5912 502 6919 5728 9528 5350 5578 6497 6223 3907
51 5762 4967 7992 6899 2768 9191 2589 7833 6071 7922 4401 7485 6301 5961 1439 9407 4966 7253 699 3141 626 8419 5557 7631 2960 6992 1874 9044
52 6938 7699 9244 9930 6216 5038 9349 367 5656 7742 4528 6100 7755 4282 3268 7896 1740 463 82 6925 5581 6123 71 6248 2747 4271 3910 2731 6694
53 6428 2611 8428 2274 8414 7542 3362 1085 2740 6616 8168 3356 7684 8549 4834 2729 5724 3416 9770 1666 4213 4211 1874 1051 8360
54 2892 3586 4765 6712 2109 5885 9836 9623 8579 6354 4888 343 5440 170 234 9535 2206 2279 773 3461 929
55 1710 9120 1110 4804 2070 6623 5135 7855 3756 4802 1411 1419 7562 6010 1919 2134
56 9443 6447 4787 5492 8169 1123 3047 7126 863 668 8702 7749 2464 225 7399 9216 6662 8090 7665 9997 656 1272 9921 5564 1262 519
57 1871 4539 5014 9159 5260 9716 1330 3776 5969 3578 3660 6709 5119 8468 38 2106
58 7762 9178 2480 2263 8756 469 6137 1770 9684 3916 8935 1040 9619 2677 2544 5430 5693 1026 2339 3732 5399 5957 2796
59 443 4356 3104 22 6070 6567 8752 6992 1185 7071 600 7989 6812 9530 69 2205 3469 3807
60 4527 8883 4034 9892 5065 3386 6197 1016 7508 5538 4649 3183 914 6346 6614 777 9833
61 6692 7474 369 9107 8022 6139 2900 5301 2846 4972 1183 1272 1122 6140 8260 4672 7442 6241 5388 3866
62 3232 5821 1900 2060 6305 9684 5224 834 1220 6941 6727 8102 6155 3447 9302 4039 7463 5666 1961 6381 1682 6636
63 250 7629 9518 1175 4333 5390 4788 7056 6541 2568 8523 5497 6427 6224 555 7679 1311 1785 268
64 3144 2128 6744 560 295 4378 6261 7216 8990 2403 9206 3425 3672 1606 5379 2712 7000 7508 8013 7442 6358 4802 5110
65 1546 325 9777 9795 6144 1686 842 1940 6539 1574 9087 713 8582 9048 1769 8813 5078 5135 8242 9264 7501
66 6074 4156 1414 413 2147 7447 1075 5330 1789 5735 5868 4743 5906 7418 6494 51 5876
67 8470 8539 5925 3651 9218 7476 1644 3344 3549 308 7499 2545 5734 6168 3866 7854 884 9405
68 3961 7948 3491 2764 8392 8570 4081 5995 4080 7115 7075 3747 7769 6032 6126 2586 1250 1892 983
69 7699 8134 2052 9114 3964 1430 5895 6802 3195 4077 2910 8894 6898 1918 4951 8684 5755 5816 8729 6844 3634 1781 3210 1016 6131 7209 3003 8668
70 5386 116 4367 6292 5654 6625 3505 7037 8522 624 7826 439 1586 591 2534 6694 7433 23 3648 805
71 4679 4958 8209 8512 921 8887 2897 3673 1227 9330 2863 9917 6747 286 793 6752 8508 945 2298 7131 2066 136 4491 9338 4358 3590 9749
72 9270 4457 2203 7135 5698 3582 6102 3540 6491 4281 685 2522 8898 8117 9954 8159 2500
73 5099 9040 4079 6889 7933 7771 8450 75 8053 1081 1780 3102 2184 7126 5471 5503 4995 3969 5329 168 336 6370 2681 729 6996 6367 4389 5732 2788
74 6075 3714 6499 4880 478 7657 4888 164 2286 1521 410 4193 5911 1776 7127 5923 9241 8762 8243
75 8722 6817 1734 575 8309 9498 9961 7585 2476 3307 7075 6213 6313 5777 4704 835 4271 6759 5369
76 9848 1763 1601 1083 1515 9470 6324 1963 3841 8325 2038 7221 3882 944 5785 7018 6718 6991 4057 3120 4379 8659 3697 1788 4672 3623 8919
77 8671 647 84 3207 4168 7023 4890 6962 2139 2444 5301 6437 3456 8589 284 8151 7432 819 928 8238 1461 1017 3213 8610
78 6470 9138 475 247 269 1505 8986 3049 2176 8776 8290 9957 7477 2873 8784 2911 2008 7004 6623 1678 8085 1160 8924 662
79 374 5193 776 1140 8894 1800 2842 2057 585 5257 6598 9317 2417 6659 3510 7849 411 7205 1908
80 8169 1319 9172 6829 5992 9722 7938 1255 3515 214 4831 3169 2043 7186 3604 1177
81 7153 9677 133 7606 7615 9290 4011 3567 1439 3048 9055 1860 9667 3747 3417 6640 804 5441 6035 5456 4796 7930 4993
82 2662 1934 1542 255 6963 4514 9798 3946 5124 4242 1407 3457 4674 4991 1595 9872
83 7709 9299 7434 8022 1780 9548 456 6615 7683 7078 7834 168 6952 72 6248 4257 4320 8025 5682 6641 1179
84 3982 2615 3113 4760 1572 7521 3022 7956 5212 9025 1583 3186 3864 5052 4842 1528 5742 6334 239 1929 1141 5889 4847 1987 9605 283 9021 1044 9741 5124 2144
85 1625 8248 4350 2485 1106 2032 1757 1040 296 5004 2047 8477 9306 8327 893 7443 5303
86 8812 4286 4385 6797 9050 3504 6734 9704 2393 465 3173 5117 5061 2097 2568 5268 8639 6110 8408 5020 777 8272
87 9464 496 557 5871 5580 2307 2344 5825 6952 1218 8493 6653 626 4100 2496 9741 8736 2295 1003 2468
88 7486 4401 5780 8352 358 2016 4858 9135 1004 5034 9953 6850 5125 303 2373 2421 142
89 2263 8831 9293 2139 9407 1414 5258 8753 8306 1428 8373 9820 9397 3992 2468 5680 4147 6934
90 5880 6547 8644 9483 1642 3684 1554 7602 8904 7998 7752 6254 1208 8683 5555 4847 2266 4175 4244 605 7777 8502 9289 474 9873
91 447 8345 9713 583 5547 3053 2600 3545 7321 3092 8081 8836 1585 6403 6519 8294 8586 4455 8604 2160 1356 9805 9761 7530 152 9097
92 9265 4180 6737 6359 7233 3843 4971 3553 4629 4699 6551 5468 8516 6035 9624 8496 408 1810 8327 5040
93 183 6187 4507 1923 8157 5901 1528 9377 9563 3278 517 8465 787 3717 5777 1233 4293 6393 1309 6232 4403
94 2052 4056 9256 164 6532 2112 5816 9745 7432 9252 4293 3506 9292 7090 6038 658 1455
95 1091 2927 7233 4264 9338 7203 1098 8443 788 8444 7627 2004 5450 4762
96 329 7971 7881 3469 7550 7024 2997 6789 9809 662 9438 6583 66
97 5715 2175 477 8267 7183 3820 4429 4977 4224 6570 3831 1267 1806 3394 6241 6674 8692 7108 7458 9826
98 5359 876 9014 6631 2404 955 6301 6734 9692 4277 4974 6218 168 6578 257 4898 567 758 3904 9954 2377 2222
99 188 5504 7333 4423 2856 8104 3723 1323 4402 7634 5639 9621 9995 4823 6499 7336 4504 3727 1615 7041 1472 299 9838 5442 6045 6176 2524
100 4985 2615 4501 1739 3119 7615 5194 1498 1702 2212 4280 1749 2143 4224 1192 3610 9861 2088 9252 5558 287 5708 34 4364 4160
101 8307 7439 9757 4346 7276 2604 6566 3276 5800 6849 9681 6083 6825 1007 8666 5151 2438 1492 8163 1675
102 2327 4679 6630 225 2647 3755 8074 9271 9124 6695 8329 1407 7312 4915 8036 7875 7813 6456
103 3936 7234 3932 6347 3241 2383 3567 9598 145 1077 5526 7556 564 4327 9787 4710 5432 4796 969 4474 1411 2808 2822
104 5762 6537 1383 2136 2595 977 3022 1260 5149 9451 9579 8256 5365 7369 5802 7888 3909 9357 1169 9943 5933 8939 7796 6491 8156 3054 174 5240 13 5894 3214 5421
105 7240 7806 8105 1552 7742 7586 1043 4957 4418 5857 7720 7975 7670 5384 8465 786 3290 8809 122 5334 8452 9312 7767 1829 2635
106 1668 6101 8145 1571 1375 9467 7361 267 3303 5896 8111 4444 3265 6230 1059 3481 4226 287 1972 9130 7626 8304 3984 1778
107 6082 5783 1831 6771 9027 9137 7039 9632 9395 5138 7335 3987 8179 7977 3254 1351 8586 9606 1640 6113 8391 4908 8065
108 5006 9947 5704 8649 2828 6126 529 540 1971 8961 2043 2997 3292 8159 2602
109 6251 9031 2877 3718 3100 716 8862 7637 3416 7858 701 5396 1461 8488 9481 8084 1695 1385
110 2904 5053 1252 5141 3504 1581 8598 3095 3025 1112 7034 6576 462 7563 206 5584 8351 7284 9411 6989 1865
111 3936 2422 5458 7481 9979 5483 866 3937 4959 3101 738 8300 8245 9593 1860 7822 9449 2644 5894 4546 7228 8019 4671 4474 4589
112 6331 6949 3225 2176 8932 4823 2634 2278 9846 6034 2018 6373 4750 9610 7621 5 2868 5438
113 6251 1071 1839 9645 8800 882 6459 278 4102 3145 7921 4865 1003 2433 5754 3193
114 79 7874 7266 518 5063 4886 8167 9723 9485 6323 8700 1633 9616 4577 5399 4266 6346 4915 9683 326 1539
115 7736 5966 8146 538 7889 8441 1204 6496 9515 8870 9124 3813 8652 7045 8765 2415 9111 2320 3485 8483
116 1134 6467 7379 102 1056 9746 3530 6034 3116 5355 9481 1441 6005 2508 1470 1540 78
117 935 7120 2013 4558 5014 2692 5605 8803 8340 3024 6516 1226 2918 1605 3293 8444 2722
118 3894 9086 4317 1904 246 3835 1479 9965 5636 6261 8027 2318 7896 7399 6643 4939 4840 6434 7154 4963 8295 2586 904 3058 7679
119 2537 496 8908 863 2739 176 6961 2876 5254 4616 7291 6752 3797 2570 4873 505 5836 5466 8153 2206 297 4726
120 6369 3184 8342 9065 2982 3538 134 2550 6410 4478 8481 6993 4556 7577 6212 8668
121 1984 6534 6153 6611 7234 7610 9025 5247 2817 1265 9192 4277 1364 1142 4720 6566 4285 6163 4243 8578 1961 1682 8203 3036 178 2432
122 4311 5917 9178 7669 468 2932 668 5245 4086 7912 6560 5342 4633 5318 9912 6515 3451 474 9685 9950 3329 2805
123 5788 7133 1476 3158 300 4526 8307 2857 7511 9988 7706 8891 9431 6578 1593 6691 1478 6313 178 5929 3689 24 4726 4744 9426
124 8431 3981 4884 1479 7072 1933 6896 152 8171 2808 1722 7574 3565 8489 7746 3959
125 9545 9301 6482 9040 1647 9260 4056 2577 3081 5662 8106 9982 4232 6750 5052 9780 3154 8562 8282 5679 6184 441 9786 5201 8154 6518 8674 1587
126 1238 552 3050 726 4941 2171 4780 9649 5500 3364 4804 8131 6401 9255 5555 4798 2165 7684 8803 501 956 1290 366 5442 744 9874
127 6178 6376 9451 9073 5746 1122 2731 2248 8464 7414 1724 1885 9125 9738
128 6827 2595 1223 4948 2607 218 6262 960 9055 5316 1850 118 3876 6743 6954 5564 6018 3157 3631 9904 4493 2445 3997 8977
129 9404 8233 7622 385 8441 118 6417 1408 965 8408 1645 359 7632 2138 2997 328
130 8125 4901 9615 6978 2345 6785 3241 9089 8146 5198 9807 8985 1295 5316 6302 9174 713 487 5330 4481 2185 6619 2353 8410 6124
131 4176 8794 8423 4450 9989 4977 5519 6155 6282 2926 4573 3441 4814 9123 4198 1201 4762
132 259 2668 9380 7579 4188 4087 5593 4078 1834 4474 8827 1144 6892 1911 9738 8724
133 8062 5752 2150 545 9555 5413 9576 7536 7425 9323 4015 4672 7124 6168 2796 3151 4835 2227 6212 5891
134 3528 6115 7513 2335 2088 3481 6427 7639 4511 7789 7263 8365 8159 5203 7487 2391
135 847 9461 6332 9940 7820 3653 7318 6718 9861 7247 7769 9416 1317 2728 308 25 1775 2034 7567 1148
136 4107 2426 6797 9428 6592 1721 2202 6896 8515 5369 9327 7930 5153 4777 7621 446 8110
137 1562 9031 4880 8967 4610 7979 281 5367 2788 9911 7702 5186 8548 8823 6809 9462
138 3074 4901 8193 6236 90 8017 176 9192 8710 5773 9887 1282 6924 7920 8056 9152 9728 7708 9096 3736 5180 8181 1197
139 5748 8883 8609 5245 4470 2014 4805 6937 3263 7197 7258 8975 929 7628 6821 9037 737
140 3664 7526 4037 4365 4924 6617 854 3590 571 1469 1907 5582 8768 2878 1470
141 3261 6545 5899 133 1512 4069 1846 2212 7069 5467 6555 7868 6048 3308 5126 6653 1434 1303 8197 600 1186 8211 3035
142 8713 6387 6544 2736 1156 8673 4614 7472 7408 6089 4731 5145 4891 2205 6329 9543
143 1979 8116 7179 476 7180 1195 977 1130 8743 9368 7936 2476 169 6303 2431 5293 6724 4145 7551 1708
144 2555 6982 5710 1491 3476 878 973 2669 8585 270 6628 4791 9426 7288 240 2805
145 2569 4647 6139 7101 6748 5607 1570 6961 6909 6750 8168 2393 3044 5323 8044 4720 5687 7708 417 2960 4099 7507 3411
146 3012 6020 3703 88 1195 5462 6385 6355 2342 4036 5846 5030 8885 1133 5638 6191 4667 5409 7316 3831 6367 4029 3460 8260 1971
147 9968 1042 782 7694 9654 1963 7146 1762 820 5605 7351 7822 5825 8425 8554 9791 6728 5658 9111 6113 9207 6205
148 2240 1383 2183 1085 9652 355 9583 2512 3054 7325 2194 3157 4707 1696 2215 4053 6518 1426 5393 1098
149 5507 1287 2670 6592 7599 6859 5798 4407 8358 4803 9710 7631 5817 7547 8766 9794 3060 900 5275 7671 8129
150 8910 6744 5401 3061 3249 3812 5323 6523 8263 3580 8025 6341 2697 2169 8228 359 3189 1810
151 427 4340 9733 6630 2732 7151 1719 307 7706 3672 6321 3222 283 6919 9247 4571 904 9102 5558 1489 5020 1864
152 7864 7133 7379 937 3720 7426 5660 8775 1912 372 8532 3297 4043 18 6283 2452 1335 159 4347 5300 8403 402 8852 7695 7860
153 7709 1454 7001 367 8439 8386 9777 3883 6338 9692 8358 6473 8425 4699 9751 9831 9305 8862 9164 5086 9538 8427 8298 1958 8668
154 8193 2414 3158 2439 3184 9014 9795 4941 6257 7293 8583 9316 5840 5086 2965 5721 5347 6291 7385 7860 9682 5303
155 2288 7517 4923 6390 4093 2171 9965 1736 7610 6305 3052 7960 1142 2855 6283 8980 4382 7154 7765 281 8966 2415 4289 3776 3525
156 569 3885 3023 4129 8092 6895 5492 4717 4348 9351 7971 6477 9522 3629 3128 5280 8714 5068 8715 7979 9418 3084 140 1637 8348
157 135 8344 3007 9723 2256 5467 3743 3596 7541 1567 9466 4674 1237 9372 926 6119
158 6044 7852 7759 780 3869 7688 1950 1157 9917 5989 6057 7961 4834 9056 6777 854 1049 304 2398 7400 9344 4908 1395
159 1625 5451 6281 5784 5122 6460 5477 1175 993 5674 7673 871 145 9593 4844 5335 33 3036 8591 9650 4140 4814 3469
160 3521 6269 6875 2603 8780 7221 8552 365 4241 4150 1471 1531 729 3494 8805 9732 1092 1867 667 2550
161 6672 2773 7367 1195 8651 5726 5713 3576 2190 1056 4866 9060 2341 8086 3422 914 8214 69 9577 4502
162 9197 4378 5502 718 3963 2855 1169 1290 2674 9289 2179 4319 2930 7186 2167 9872
163 7949 1299 925 4311 8910 2630 6020 8069 9219 3331 6509 9398 9632 1405 3935 6408 6928 8803 8998 1471 6260 3634 6388 7173 7127 3259 6516 4559 398
164 9075 1871 2847 6675 560 3326 7861 7163 7183 7932 9132 7365 7410 917 5389 9476 6680 8815 5465 1987 8936 2319 9048 9668 5688 4505 9198 3108 4762
165 2892 3343 9463 6604 6321 3998 9874 2682 5868 1394 1441 7566 2279 8964 6242 6881
166 935 3630 3926 3383 5525 5867 2423 6925 4188 5732 2323 1381 5444 3202 2874 6989 6192 5134
167 5775 7519 7439 7213 9463 6359 7064 4106 6377 5875 6476 6539 3772 2286 3880 4635 4983 6 2590 684 3058 2329
168 2437 7087 437 340 467 9671 6254 2792 5589 4277 4730 6401 6567 1680 1608 6087 7541 6140 973 1548 5317 1007 8367
169 2662 1868 863 2676 7807 5082 1032 9015 5044 4799 1363 3967 642 2446 9528 3368 5186 9736 1407
170 9669 7791 5251 3089 3926 6652 2752 5211 7733 397 6705 3486 9606 260 9254 5839 9549 7504 1785 8464 1556 7482
171 7652 3163 1904 9036 2486 3731 1495 8780 4622 3374 2938 5609 1341 4797 58 6622 6861 5218 2326 9789 3015 6092 9501 8738 6741 5040
172 3012 3163 7874 3752 2239 2299 6364 9511 1866 5396 757 8421 7721 2004 5891 7482 4336
173 3050 5401 8844 1515 4354 4698 9843 9740 6627 2696 354 5552 4529 836 9858 7071 9591 4266 5647 8173 4712 8773
174 3316 6608 8958 2698 1365 9621 1585 1019 1619 1972 3638 5631 3415 2210 2418 1973 7096
175 8716 2595 9970 5767 2698 8040 8710 6409 7737 6651 8870 7435 4100 6843 5440 7156 6176 8103 2515 3677
176 1343 9443 2898 7193 5961 1800 9449 3429 765 4236 4532 2079 233 1064 8975 8502 9862 5582
177 8994 4400 3781 6699 4232 4359 6320 5719 5269 4610 8829 8236 4379 5368 3808 1848 835 4002 7294 8514 8977 6716
178 3240 5921 1246 8982 2693 3612 1869 1606 8133 2890 4975 5538 2329 5096 8834 4391 1645 1637 3433
179 8841 7456 9230 2867 8507 5946 4520 8918 3121 3088 9305 5831 3116 7353 2417 7197 7561 3129 2390 1674
180 183 7968 650 5520 6188 3656 4337 6416 8442 1776 5331 7859 6795 9392 4649 5321 2796 4094 2874
181 2288 2790 5775 9510 8881 3665 9649 5737 7290 2444 7889 5933 9348 2008 6834 8630 4589 5664 393 3904 1994 3529
182 2643 4531 719 5921 6503 1741 5260 4033 6743 4013 9825 203 4487 2529 1213 6358 8773 7675 7182 7310
183 2 6270 3432 2346 7210 2732 1043 9991 7833 3820 3812 5494 3309 8824 7547 7739 8585 4687 5153 3522 7352 1415
184 5445 7575 7902 8947 971 6953 1276 1147 499 666 2516 7045 4102 5738 4284 2096 3213 7192 1907 4565
185 2818 1641 355 2923 1457 1393 9650 8046 8400 431 6086 7483 1596 5953 6888 7186
186 7883 4107 876 1607 1628 7598 857 1658 4974 9499 6867 2343 861 6843 3167 6850 4559 4808 6933 605 1587
187 6161 6454 7950 2404 2651 1495 866 6616 6798 1579 6555 2278 794 2505 2115 3566 966 3910 8230 3391 507 9661 249
188 139 4362 9444 7023 5030 7040 7110 1209 1550 8714 2116 7678 7027 559 7582 3536 5606 4991 6050
189 1117 3507 6326 1583 7683 6334 5418 1129 8313 7807 1367 2885 4253 8824 5240 7775 1892 5652 4795 2757
190 9800 3942 2647 3269 4866 9831 1332 1930 6623 5164 7489 6274 5309 734 728 4949 1010
191 7864 9023 7688 7072 3666 2223 950 7136 5651 9188 9675 5022 7689 9037 5203 9557
192 6101 1986 8078 9313 7476 5117 6417 6042 771 3220 3233 3497 1463 9661 9186 5302 546 2868 8065
193 3111 9160 4624 8484 6687 3207 2064 7454 1396 7788 4567 3072 1154 3766 8658 7099 8224 5481 689 5293 8391 5388 6256 3035
194 1134 2304 9219 8008 5005 7078 6727 5666 5060 8388 6177 6724 3661 8327 4767 5450 3959 4689
195 9615 3077 2904 5322 625 1552 1868 5636 1495 6509 2198 6554 6453 5771 9311 915 4963 4858 2446 8966 4573 9656 1144 2804 8569 1090
196 8814 6201 3853 1352 8331 1978 3314 5482 2612 5280 417 7611 734 9896 3721 2246 7227
197 1353 7474 2074 7622 2010 2298 2540 6674 5151 1159 7582 2233 8653 2141 662 3977
198 9842 4362 1601 4828 7485 3226 5277 8930 3493 770 1932 8859 1067 7409 4929 3897 8254 3109 5581 2186 9101 6224 3756 4989
199 1375 9144 7526 8533 6186 1154 2237 9416 3330 4293 9657 9558 5101 7042 5606 1595
200 420 7204 3240 2491 2192 3757 5383 6875 454 4783 5662 7788 6415 3135 2113 3005 2745 7607 1219 4241 7177 8782 3345 8556 1924 6148 2186 5904 3530 249
201 8140 8235 2611 1728 774 9580 7602 3745 7570 8342 8973 9791 8429 6883 8754 8864 3176 7686 2539 725 2495 9362
202 6584 1956 6021 6920 3320 718 9351 1641 4622 2423 1793 519 1060 9102 3609 5125 6125 3046 5313 7753 2924
203 3376 2005 7933 1150 7419 2424 944 2894 9279 4878 819 8871 2562 5041 8444 1237 3445 3414 2293
204 2735 177 8220 9988 3203 1705 6869 3403 9918 792 2865 2062 3114 1623 6051 4468 7841 6933 1236 5157
205 8599 8507 1791 7410 4431 9493 272 3479 7030 5162 4693 6213 5947 8013 6667 6641 9384 7501
206 1534 9374 2533 9652 4520 4037 3080 1608 5863 2612 4210 5391 8632 8252 6498 6429 8093 7560 1893 4534
207 4035 7049 8121 6351 2668 2740 8300 4709 9236 1366 7364 9858 3098 985 8712 4289 1481 8672 2294 7530 4177 7061
208 4377 5322 1149 2707 4034 7929 726 4418 269 5566 3305 4065 6302 8453 4544 2827 1590 9432 8481 4763 3457
209 3012 2413 8150 4912 3795 7254 3195 469 3863 8030 1835 4080 5218 273 5730 3535 6267 1849 5275 6897 23
210 3877 6584 2349 1611 3842 3944 8982 5304 4230 828 4313 9633 6768 7618 8959 9668 2988 4084 2199 2432 9412 3086 4254 9530 900
211 6054 8293 8284 3602 9465 8881 2125 3362 9281 2781 1241 4680 3290 6059 9247 7564 9867 7027 1944 2050 1742 7263 3115
212 7545 1153 6063 9248 8287 7904 6295 3762 394 6479 6860 296 5861 6915 8705 3777 1178 6520
213 1784 3243 8251 2603 9238 7007 5719 2305 9432 5217 3028 7065 6531 1746 2391 7636 6119
214 9453 5849 3409 790 613 8571 9721 3581 244 4737 933 1781 2111 1424 4162 9994 6468 3687
215 1246 6639 7665 4799 5358 4192 5596 8046 1055 5179 2713 2933 4814
216 8671 9374 311 9404 6292 1538 7038 4658 1341 9385 2223 1877 8077 1097 4110 9317 362 8676 1964 1985 3506 4906 1805
217 6049 7266 7641 9586 4414 6729 883 9029 3729 3702 4218 1775 5647 3084 9618 3847 7483 2231
218 9007 8069 4967 9050 8185 7698 8733 3362 5546 9169 6913 5773 4238 5061 7261 296 8673 6154 2255 1197 9186 3129 9359
219 412 9075 5677 2407 7790 5239 3870 8267 2189 4636 9283 1852 4007 5534 157 4192 2271 138 598 2055 2079 7393 9883 4272
220 4786 4129 1401 6621 5885 3750 4402 5500 9395 2810 6451 3681 2938 8223 6298 6042 8856 3976 5813 4548 8670 6365 2973 2907 7946 1864
221 4786 177 1150 6415 3165 7302 4916 3128 410 698 5454 5080 7205 2803 96 5203 8175 9749
222 2856 8601 1167 9172 8939 1373 4029 1876 2072 326 7909 4744 2214 7601 2141 2621
223 7 4494 6391 9398 2737 8855 190 5026 8807 3297 6330 6418 1097 9969 5615 1060 8798 8278 7406 1253 6448
224 5445 7426 2900 5095 9755 6544 6767 1931 1097 1059 9581 4857 9511 2553 6077 2313 7617 3060 7813 6173
225 5448 4928 9607 3932 5981 6909 1405 9671 678 2299 1370 2373 9618 7745 140 5560 3660 6644 6693
226 2264 8832 3905 7987 850 5504 4541 3557 7142 6214 8838 4238 5897 2275 4015 211 6176 202 6124 1847 542 4813
227 4824 6067 8484 1560 8092 2085 4077 5088 9604 3801 207 5794 1566 8859 4797 2797 8549 1255 4514 5189 8706 150 4179 9832 2234 7849
228 9931 7786 2990 3821 1793 4349 8429 402 1536 7118 2655 6706 3325 5637 9405
229 1348 3395 8685 9215 8450 425 1562 9666 9646 3262 9364 1142 354 3670 9377 1826 767 8263 2244 2018 6582 5266 6644 2887
230 6465 2699 949 6492 2158 4843 4561 8188 8375 2895 7396 3681 3356 6143 2990 7185 3956 7970 606 5904 642 5206 760 3381 8098 5671
231 2699 5295 8728 5543 8418 1329 3726 102 6398 9440 3066 5693 851 1389 6379 2333 805 8191 7270
232 7429 1353 5341 523 8227 3958 6922 4957 2951 930 2842 3186 6320 5526 742 4249 3276 4614 6373 3397 7844 8840 8564 9163 6005 9369
233 8332 9138 6889 828 2232 8377 1916 946 7851 2454 554 9710 1980 5557 2576 5592 9309 5393 1840 4453 1778
234 5099 6141 8140 1256 3700 9215 2650 4948 2670 5583 9758 9623 7213 6391 1242 5247 5604 2972 871 4497 9364 3666 5700 9582 6867 271 6954 503 7316 8419 206 8052
235 4314 663 3053 8015 4959 5896 5523 8532 9816 4586 4043 9133 2474 4464 83 8837 8810 2185 53 8252 3817 3689 1675
236 8491 4093 8912 6326 1835 7099 2553 8238 1327 5743 9168 4851 630 6266 6709
237 4020 2537 5295 9010 9211 8693 5801 7912 8532 3603 1367 8589 441 4057 8037 2516 203 3579 6975 2384 5865 5541 6981
238 8227 8733 3597 4705 5429 9521 1737 9071 5348 752 7473 7247 609 4358 6393 34 1048 2365 8365 7642
239 843 8848 8858 8900 5129 2125 4984 9302 4031 8351 8057 8249 215 1973 1614 9557
240 4199 7575 3006 7088 208 8580 3827 2876 5525 239 5192 2696 9115 4416 2744 9997 9094 5042 5308 5142 4534 6595 2226
241 3074 7204 1287 7454 6731 1050 9273 5277 2113 6677 3117 1889 6815 1905 6604 8571 796 3715 4612 5687 1985 55 9845 2713 3235
242 719 3533 9480 3405 2972 1032 3109 8133 5522 2017 3176 3260 6722 6223 2289 9627 9683
243 5340 1731 3106 5156 6676 901 2783 703 7970 39 7754 954 514 4564 7352 2047 4837 8624
244 1524 4501 1216 7200 8233 6061 3343 5471 7202 3479 1757 4361 6244 7215 8400 1674 7354 5744 7344 7574 215
245 3758 1956 7333 7771 3842 1025 2753 489 7086 9964 553 6530 1944 3585 1346 5664 3293 3034 705
246 3726 4470 7018 3015 6018 1849 9130 5183 8214 8494 6219 2701 8468 7270
247 8830 3751 3750 1430 2412 7392 295 9735 4822 3454 9871 3153 2601 8533 9357 8949 6963 8538 8516 6414 117 3392 5770 8129
248 6635 7759 6067 4784 6802 3249 9640 3547 683 6962 4282 912 3188 5651 8320 8275 9324 5839 3721 1055 451 5244 2246
249 5003 3354 4698 4333 6354 10 7509 7696 5362 9181 5863 4123 7747 1661 656 4193 666 964 1369 1226 9202
250 2608 997 3441 8768 8477 7121 4274 2418 7487 8175 4189
251 3543 7545 7053 3781 5090 901 279 7347 9521 8698 1680 880 9734 4372 3313 3696 2431 8591 1065 7955 1370 6800 3242
252 1058 1670 8183 6428 4060 5902 3827 5339 2345 8844 3463 7167 2143 9487 5329 714 9109 9080 6963 8790 3998 9798 5831 9942 7160 6083 2262 1397
253 2986 1496 780 4619 7756 3203 1174 8934 528 141 485 3811 9523 9133 1845 5818 1880 9942 1848 411 6300 4851 5920
254 6082 399 761 3561 5003 8386 90 6469 5742 190 3814 5109 7977 6673 928 9253 5824 4865 9418 3322 6256 2169
255 1934 9995 8570 798 1041 3270 3563 6425 7059 2872 3616 2137 3028 2368 7601
256 7791 3380 5849 1137 130 6129 1644 4697 1332 3702 9830 7090 3856 6530 2992 8876 735 1344 4604
257 6029 5163 220 1242 2203 9800 4822 6401 264 4898 77 6977 6040 7170 8252 9116 9051 7203 4949 1952 8594
258 1790 7922 3229 3839 3895 5589 2690 4803 4372 8889 5351 5634 5804 2152 5170 408
259 5507 3073 5286 9898 1273 8089 7664 9073 7452 6406 8177 400 7564 6759 4687 8948 2946 7383 823 4024
260 8406 6458 6675 5063 1986 5896 2002 2292 2489 4574 8371 9295 1794 6996 6485 1330 117 4010 6287 7499 5893 2545
261 9453 2704 952 4400 5548 5149 5696 6195 7127 5309 5621 765 2747 9130 5370 7405 8744 7567 6290
262 2340 4027 4071 8600 2902 8566 7304 4011 8109 5794 7772 5630 1969 7881 2474 616 2463 590 6274 5824 3342 2105 7894 9884
263 2962 4664 9197 1079 3509 7289 4870 9795 9273 6445 9957 219 1219 4574 4997 3244 713 8236 6691 13 760 8732 2985 1014 9275
264 7790 7355 2189 7373 4602 7448 505 8239 8137 4319 1178 6242 9939 2508 5338
265 4377 3757 1323 1206 930 397 9010 3989 1613 8503 9325 9655 6918 8320 7681 1118 14 2323 671 6506 2657 8526
266 1121 3304 2927 444 9428 340 3493 3352 5910 2578 7276 7692 4714 8805 3691 9650 8471 8198 291 1596 8384
267 7153 1496 8832 3043 1083 8053 9380 3714 9764 8111 141 9540 8058 1807 3657 4238 6680 4216 1247 6670 6195 567 32 8427 8889 9820 875
268 7899 640 6922 730 3539 8506 895 8131 5816 5103 3199 4349 5515 8810 4819 5692 2717 1632 1455 3742
269 6613 8722 4909 8183 4071 5821 9510 1948 6511 7198 9238 8290 5429 8552 5913 6398 5407 9015 4811 8265 8770 4455 9770 1413 9832 6267 6429
270 5869 3144 5661 4069 8014 8598 4361 2968 3697 7884 644 3550 6041 2896 9781 94 4767
271 2898 3751 4988 1339 3236 2693 3354 7749 5390 7984 3582 2966 3637 7040 6057 5567 6189 601 7244 2544 5105 3813 5861 4757 1501 4607
272 352 8130 2856 2260 8257 9654 1923 3498 6084 349 8708 873 3494 9101 8180 1602 2034 2324 6725 8924
273 5064 3103 1710 9114 9594 8973 3596 789 3669 3510 7921 5096 7097 3458 7137 8447 5338 2645
274 7669 4923 3491 6024 7570 3576 6808 5867 272 8782 6190 2879 462 7391 4548 5569 3524 3984 735 8119 5827
275 5248 3043 4045 5887 9898 790 5531 5798 6143 4727 8236 83 8969 8514 1159 6905 7309 8247 4686
276 7413 148 311 9032 6306 730 3172 5019 9414 5373 5241 609 2358 6264 8530 6010 1717 78 4914 6805 1103
277 3521 4180 7992 1348 6029 813 5607 686 1259 5373 5998 2164 8087 7356 9175 2105 9051 4644 8483 3322 9907
278 3758 8014 9583 2161 1905 3748 6838 9582 616 1036 898 5703 9750 5957 7789 630 5804 6647
279 5412 8618 7553 9470 6592 6334 7868 6551 5855 6459 3965 4807 6412 5034 4179 5505 9116 8736 9938 2295 644
280 3023 7105 5548 3064 4077 7163 7542 865 3153 310 8361 6924 503 4937 1049 6942 5271 5187 234 7561 4564
281 843 3004 4399 9114 991 7180 6765 5810 7553 5702 917 8405 8309 219 798 9065 6622 8486 1132 1335 169 9717 5352 542 6780 8961
282 979 2121 5097 9758 3837 8702 2598 8930 1319 7165 3970 2071 7821 8153 7993 5622 3176 8529 3337 6287
283 4385 1358 2346 5838 4356 8188 6336 5501 912 610 9581 159 2201 8338 4295 6229 1048 9610 3852 9939 1598
284 3914 7077 4345 9565 7314 3505 7740 9493 5172 4916 2191 4929 6512 8989 6507 1809 8148 5479 3470 1489 2635 4254 2226
285 6547 7653 3331 3706 1248 9598 5690 6105 8042 7262 6497 9761 3215 2135 2918 54
286 2240 4801 8068 5899 7423 7036 7369 9487 2416 898 7841 8853 2804 43 9840 3660 2214 9738
287 7438 7285 9852 6216 4619 3823 6374 2416 7980 2305 299 2644 3286 2355 1309 1051 2433 2218 1840 8198
288 7481 1739 5772 1542 1665 8579 5502 9414 9865 6323 6747 3256 9268 2681 8981 1469 7716 7237 5908 8954 1499
289 6464 3405 1916 8612 5942 4258 7747 6190 9716 2795 6619 7884 6232 8211 8085 4025 9303
290 7285 8920 7029 6285 5838 5767 8142 9655 4245 3804 3260 1159 8302 9685 7382 9276 4051 7024 7272
291 6134 2304 850 9565 3104 6071 437 1963 2791 9056 4878 4937 2389 3997 598 667 3183 451 1098 7414
292 6360 6525 9804 3880 9994 1004 2127 965 2553 5369 5870 578 2682 7009 2883
293 4531 6424 5997 5509 1292 8935 1352 7537 6851 1841 3313 4944 5454 804 2499 6933 5157 8477 129
294 6712 6528 5964 2929 1734 8838 4342 5740 1095 6175 5482 5257 8205 3808 6224 1966 8421 8376 3017 5790
295 6296 221 369 5383 7036 7318 3121 9742 2917 5481 2160 578 8488 9675 7383 7550 114 89
296 84 5448 2192 2538 842 8090 4407 1959 2806 3178 3708 7829 5368 6112 9335 8312 9168 4891 4462 1724
297 3172 4106 365 1930 9173 3631 8699 9275 4391 8505 1675 9123 4950 3648 9753
298 2003 8269 2183 2198 1181 6188 3052 2923 9216 8885 4150 3265 2677 5430 4117 3840 2767 7059 1014 8230 7848
299 1668 3077 647 838 8880 4962 6903 5211 1935 5385 5910 1933 2526 6921 8949 8658 182 4583 4714 3210 32 7363 3687 101 8762 6515
300 8145 7029 5948 4962 8687 2617 4691 3386 6022 1423 8282 6683 8499 8234 6519 7086 6865 390 1964 2384 1035
301 3146 1638 7050 971 4591 9109 6418 1301 4300 6738 1451 2236 3616 3907 4272 7577 5276
302 374 6351 7146 3651 1436 4212 8842 1315 8981 1903 5754 9783 5075 3045 6888 2365 2193
303 7762 9244 1670 7267 7787 4214 2256 3159 4719 7169 6496 3766 8340 3312 5541 5101 6038 7617 9873 1539 504 5207 8991
304 8495 847 1149 761 8345 8922 9347 5175 7956 5553 8863 1762 1133 2382 8688 13 3149 4126 55 8308 3710 5744 3329 6873 8843
305 9834 6635 3326 5349 9259 9478 5418 1929 9645 8837 5738 9896 5751 9335 6410 2933 5347 3169
306 7699 2870 75 5212 8531 5645 6748 3226 8816 7037 1106 1380 5241 7556 1363 8004 8119 532 2722 4274 9438
307 7438 2114 707 9349 2486 6115 7698 4507 1164 9757 9579 2810 9712 9755 5901 9187 5232 9332 5294 9026 7331 4243 1961 172 9928 9867 165
308 3103 4286 3537 8445 3160 6385 4450 2970 131 1711 6526 5802 2601 8331 18 4584 6736 5268 997 202 2355 862 5538 3042
309 1105 7997 1750 3432 5503 8918 2784 2866 1569 8789 822 3642 1622 8615 2616 7227 3616 9028 2193
310 4855 7630 4442 8693 2123 4047 7399 4995 2401 8478 2319 4117 6406 5728 3227 7362 2456 7054 9309 5596 2339 8840
311 8711 6458 2005 4108 1260 7895 1336 9548 2676 8686 695 3319 3789 7068 6863 2552 8878 5793 2452 8535 2127 2018 7770 1697 8275 4845
312 6014 6336 130 3231 2037 5534 2244 3016 1586 6695 4796 7329 4147 4942 8494 96 2187
313 6538 6170 847 8462 7044 7486 2074 663 5543 2929 1761 6696 6554 3434 7525 6615 4842 7178 895 463 9295 6651 6062 4612 4110 4584 3683 2787 8758 6979
314 6538 6030 3304 712 30 2867 3409 8223 1940 6477 3603 7822 2721 2837 8770 4258 3535 3669 53 2925 5514 9495 5179
315 3961 5572 6130 9523 613 3284 6666 6058 1849 3034 7415 1743 2399 9517
316 7795 9083 9704 695 1009 5700 2711 8265 603 2107 9367 8067 5587 4487 5941 4712 4511 4933
317 1289 3146 9444 8687 5737 4970 5875 5950 6777 5587 7566 9474 9466 6959 3045 2930 2757
318 2480 2983 7013 1364 1464 4879 2168 7657 2639 1978 3991 6956 1609 8518 5388 4604 7988 9743
319 2327 6537 4909 1238 5917 220 1858 376 9083 6681 2764 6859 4081 9159 310 9255 6512 4310 742 8294 8071 4926 4742 8864 6543 4549 1745
320 7713 8145 9347 8797 2958 6945 1465 4661 3092 1425 2737 4616 1031 7965 2344 3743 4832 2591 5391 4774 8582 101 2353 6058 851
321 2407 1657 9637 3135 5234 585 4695 8363 9376 4951 5150 7647 1220 829 2746 379 6736 1271 7393 8163 3151 6375
322 979 5848 8498 896 5085 2483 8748 7117 9945 5947 3348 4453 1368 9359 120 3038 6565 9285
323 76 7456 6949 7013 2383 5111 3607 7725 5294 3308 7244 5678 2101 9676 3522 4950 6725 4613 5790 3433
324 4091 9211 5481 6229 4533 5055 6934 1838 2399 96 9743 3433
325 4352 1289 1091 7569 6671 2464 1779 9498 5785 137 6352 4256 7562 3148 393 8898 9125 4490
326 183 7293 8583 3174 39 6997 5623 4778 4211 4510 6881 2840 2368 8468 5490 5203 8348
327 5340 1125 5248 105 8487 5193 8539 4884 6250 8049 6001 3230 9281 7673 790 1798 7975 8684 8306 2029 2744 7431 3889 4925 77 7170 8403 2709 6724
328 427 6538 9551 4988 709 4294 3864 3839 4159 2771 8700 1296 9499 1859 278 8239 6543 3485 8662 5734 9664 2551
329 4783 6953 2029 2302 6166 1678 400 5375 2195 4903 6249 1838 4767 9097
330 6770 8414 1365 7733 2978 2000 2884 356 7414 4475 5022 7415 5181 7924 7487 2187
331 5962 2155 3032 8908 6771 2232 6084 3238 6525 7191 5348 7356 6498 3003 170 7831 7436 8214 8302 9262 9303
332 9013 6550 7210 5758 358 7199 5795 1523 255 7110 6092 1501 9636 8086 3691 9090 1908 2683 7033
333 2439 2491 1206 9775 9646 7647 345 9804 9315 4924 8905 9056 7337 390 8113 1772 8122 2390 3913 8709
334 3885 477 2870 3675 7064 3699 3066 7435 6670 1901 4411 6264 2211 2177 1307 5908 6005 773 1960
335 8470 7513 8135 5690 6434 889 6197 9787 559 6897 788 78 3021 4914 2369 9809
336 7296 1752 7088 3905 4222 4893 4670 8218 7069 4036 9936 1276 3231 1740 3496 7696 7409 7961 2343 6370 9164 1859 2376 751 360 868
337 3061 6343 6423 575 1423 4667 722 4084 380 328 1376 7951 8175 2106 817
338 7200 1900 3408 5780 2895 524 9261 5992 7185 9717 3381 7663 3560 7955 8594 6379 8843 1746 3414
339 4624 9688 2533 7044 6895 5112 1555 4517 8651 9337 9436 1248 4252 3699 9325 5797 3275 7092 6222 4633 8758 5973 7372 1903 6436 1148 104
340 3363 8685 9027 6625 3465 6149 1917 1686 2247 643 9440 8888 5062 3889 8572 5379 1086 767 881 5628 8676 5929
341 9160 8663 583 4561 9991 7895 5661 3190 4670 4497 9667 7452 7972 4926 9984 1851 6290 7846 9959 3852 2616 1103
342 250 5898 8797 8015 465 8136 4310 2552 4327 2674 1567 3532 6981 1092 3992 8827 7281 8117
343 1774 6482 3835 9089 9496 3843 3229 8377 8060 4063 3555 8829 8519 3992 969 1307 5842 9884 546 291 7143
344 6327 9301 8896 2275 7796 3532 8530 5833 976 4051 9028 1982 5170 2803 3872
345 5677 3051 2951 4070 5546 5604 8927 6640 446 54 1400 8954 8247 4736 7642 4024
346 3363 3720 3653 2307 7291 7041 8729 1041 4669 1651 6991 6834 5724 7639 9207 3422 5041 1960
347 1454 3006 3870 7135 5996 126 3256 2149 9091 487 4954 8113 9876 631 6010 5906 7418 1376
348 951 9908 2465 7851 2865 1351 81 9096 3818 2211 8098 6177 1271 7405 7406 9336 3428 6122
349 7012 2114 511 155 3 5726 9901 1920 9026 1841 9370 7395 3344 6077 9235 303 7844 8278 9627
350 321 238 7105 5166 2483 3456 3110 6189 4546 3397 5098 1477 1957 8084 9200 2152 5461 8012
351 5869 5307 1121 5660 3064 993 7243 8405 8333 1610 7115 5442 6123 7489 1884 4171 3818 868 9392 9060 757 3391
352 6534 8812 9955 5572 896 6903 6705 7598 5385 2877 1009 7965 2325 9167 6880 1682 2077 1463 7395 6490 2456 4242 9336 4024
353 8599 712 6011 4628 8614 2634 4253 2926 1034 3705 3697 9886 6758 8242 2167 4613 9306
354 9990 5163 2518 7254 3383 1505 4269 6945 4661 254 5756 3883 9936 756 4055 455 1310 9045 7637 8442 1317 9400 4677 6960 9912 6131 4845 878 4989
355 3537 977 6681 5818 4249 6051 8110 1177 1743 6821 2701 1973 6583 5250
356 8907 3509 7333 7314 2608 7278 5980 9385 3798 7802 4997 4404 8789 6893 8659 4087 5031 966 5497 7496 1451 7054
357 1391 8908 8220 1336 9908 6810 4788 8938 4635 2712 7605 214 5135 4808 2717 5941 1311
358 7038 1141 9218 5755 212 5634 7182 4625 7981 9743 5250 4189 9557
359 7732 6986 574 9713 2064 1219 8031 5342 5670 3508 3736 5578 2269 8852 6456 3832 3825 106
360 1611 2209 6178 4345 6347 1942 5925 6914 4739 1337 1901 2767 8286 4946 5597 5682 7974 5035 4565 3742
361 9979 2085 6955 252 2604 3876 708 7192 9591 602 4662 4793 51 3977 38 7061
362 5112 6469 6946 4104 5815 7260 7095 3562 6425 758 398 5351 2728 4127 1231 2657 7258 3524
363 1145 6413 467 8362 8524 7611 5870 4127 5035 6472 3046 8376 1160 8443 8709 4643
364 6230 1218 3447 8936 1373 4145 6800 4588 3458 4743 2833 4533 6873
365 4045 2100 7568 6772 9337 8927 1920 9746 1550 7239 5678 733 5402 2515 1179 8555 3661 1966 1631
366 8922 4437 475 1638 3160 1628 2396 8081 5434 6815 8124 1380 6768 4938 8706 4415 9904 9911 8732 5597 3215 380 812
367 8713 30 6413 7243 2660 5421 8272 3296 7627 9125 6789 9946 2222 9557
368 2666 7085 6028 2774 7048 8106 2652 3553 8136 3345 5062 1072 1866 9207 324 7719 3872 2333 8492 1649
369 8134 9903 76 6454 4004 6390 8078 405 8836 8027 1101 4888 9236 4173 5113 2398 7858 1715 268 3461 4490 4274
370 2128 4134 8248 6550 332 5230 8885 7537 4260 9722 7116 3999 1884 1481 5890 9292 5183 4295 8948 2293
371 2058 2875 541 3020 6460 3547 3 3704 8030 4063 9961 5067 4641 9656 5708 7507 4993 6614 1919 6936 6219
372 3111 9688 640 3545 5387 7607 5292 6808 4324 3219 1297 2149 6844 4123 2559 7616 6015 172 5201 1769 4393 5271
373 9129 8580 9933 6001 7998 8681 9085 8807 4916 8562 1855 9368 7323 5855 7337 494 482 8672 4836 8720 6436 6086
374 5072 3513 6130 1306 6914 2885 8319 4571 1344 631 6266 7344 3148 6628
375 5219 1956 5862 2858 468 2583 6099 4970 9892 872 7811 5230 4966 815 4133 6570 5565 2925 535 7894 5183 9090 6160
376 9007 3830 2264 9688 1145 5483 6982 110 687 7349 9703 1846 438 2030 7056 345 4972 2994 8231 3056 521 5628 6990 2907 507 9736 816
377 5270 955 2458 7720 485 5362 1281 6683 3748 7323 1272 7386 3451 8172 4319 6173 6706 166 6839
378 1020 9604 5433 858 9167 6840 8630 3348 2596 9562 353 2621 2602 2887
379 8462 2426 4068 3425 9370 6234 4905 2070 8052 7597 8518 5142 9868 7551 3366 4330
380 518 5339 1831 5349 9436 1889 1387 9751 2505 7173 5331 674 9544 954 4177 4999 166 2134 7288
381 4828 4302 5702 5033 8634 3520 5982 1084 2883 2833 2049 1955 4662 7981 7951 4189 1385
382 6470 9043 3533 6487 8893 676 4433 9802 7372 3069 931 1632 9200 9163 1879 6892 2366 4475
383 8068 2679 6855 2600 3723 7123 3823 738 1345 372 8932 8135 5740 9442 1296 5922 4702 7554 5533 1010 8919 3860 4296
384 447 650 545 2897 5054 6970 7347 8874 2392 1941 5182 489 6968 6999 1627 6774 3623 7490 7097 976 8795
385 4340 8043 9224 3602 6161 7795 755 6790 6817 7101 56 9735 6677 1570 8189 7082 8614 639 2156 660 6767 6022 5676 7670 6362 345 9348 9431 2095 7728 3798 7141 3976 136 8535
386 6778 208 6980 951 4647 3393 3699 6717 9045 2633 6403 2463 6598 2496 8456 9507 6773 4095 5402 4815 1277 5042 2529 4219
387 8212 1058 7629 6671 7459 1665 1164 5365 6863 6829 5515 5800 3267 7362 2827 28 1724 6221 7065 9946
388 4314 8150 2260 5400 1579 4680 2540 8360 2495 5951 2210 6805 6494 38 1973
389 8406 4399 7049 6836 1912 3789 7278 5192 3610 6891 2542 6040 2524 8813 7693 3342 2844 7831 8250 4403
390 8848 2171 1465 3937 4705 2239 131 8392 9936 1445 4977 8800 6218 554 6174 2115 9802 233 6110 3291 3021
391 3316 6967 1252 2943 2794 3178 8350 5454 5569 1017 1444 8555 7875 3913 6231 893
392 3427 3575 3496 3819 933 488 7408 9408 2102 28 7385 3296 6879 7096
393 7736 1731 9025 1174 5177 4572 7261 2164 7004 8286 6975 5098 5682 739 4736 8624 4334 2924
394 3541 9607 132 5385 2543 1523 3806 2452 6576 3580 1185 6104 3325 43 9840 1865 7121 1614
395 2 5788 625 116 6737 1981 8958 1227 4692 3117 3656 796 6112 5670 5161 2271 4320 7294 6716 7192 948 297 9462 6050
396 4234 8269 7756 4965 2979 5054 5520 3364 8176 5795 9865 7364 1124 9279 6541 9657 3394 5370 4154 9610 2574
397 2109 3468 7050 3731 1050 8775 6201 5443 5214 3657 1685 2968 3134 9825 7363 8720 5145 4449 2534 4744
398 6613 3285 5006 2707 6549 673 5457 670 6502 1839 1918 5995 4264 8688 5638 4602 5164 4757 9253 6774 2116 5703 5355 9381 2655
399 745 9600 8756 3597 8593 8605 3454 7351 151 9606 1805 3732 4666 5594 3832 6595 3046 7753 3578
400 1343 4527 1557 9720 6100 6669 4692 1719 551 9594 5216 7138 4658 697 3159 61 2954 9185 9633 1156 7141 8592 1213 4577 100 3948 3875 875
401 205 5902 9480 3164 6786 934 413 946 4580 648 4416 6918 8790 1212 6388 8373 4257 2050 7503
402 552 9659 5198 1581 227 9085 2771 700 4324 2580 2746 6968 2965 512 3549 7989 4218 5533 6410
403 7413 7429 925 5446 5090 4890 3434 5433 5185 3025 3762 5082 1826 7780 8170 8747 4411 5334 3267 6364 553 6667 1649
404 3783 5857 9137 9208 4755 2097 6973 379 8177 6389 6104 8705 8615 431 2231 1090
405 9199 5326 3079 9003 7085 232 3093 1140 683 5609 8935 1436 276 6129 1959 8554 8028 7008 8388 2799 529 4513 2973 1957
406 9467 8439 6486 8259 8628 5150 3375 9711 4938 502 163 8752 2988 4026 1233 5317 8483 3428
407 199 5862 4108 2554 3463 4021 4047 7425 2190 1449 6653 6594 4133 5468 6581 134 9096 7893 5080 165 9182 6862
408 4199 1774 2902 4343 6324 3841 1770 3670 2325 3562 953 5223 9830 9042 2120 8469 748 6892 5055
409 9533 9806 910 9236 273 4054 7969 3417 6819 488 3337 1360 1253 1708 3825 4763
410 3586 838 8105 1256 6196 2146 5122 6503 3051 8628 61 513 6311 3715 6883 6659 9412 8871 106 9781 1500 5951 3604
411 3792 4091 9261 6898 3297 3797 8878 271 5565 6973 7549 9391 6618 3642 1640 8181 1834 2324 1500
412 2768 9993 9004 6588 7856 8900 6610 3895 2653 8658 5695 9341 4671 7695 1346 2655 9833 4903 1385
413 412 1979 2058 9032 5504 6269 6075 1833 6853 6610 8649 4684 1939 8363 4308 4444 5980 5143 5889 2265 6984 5027 9047 9268 2194 3871 1809 7643 206 304
414 6054 9990 1557 3106 4134 2673 6739 2589 110 7123 1305 9608 2057 3319 227 4591 8899 9602 9619 2066 2729 9047 3134 3099 8969 1393 9066 7779
415 8495 4442 5656 132 1833 7659 8634 3225 4212 8268 1680 5044 8473 4805 5466 4607 1880 7693 1541 9681 6478 7746
416 3982 8157 5065 7356 5343 8148 1992 5308 6506 1035 7613 4219 5028 5276
417 5129 783 4159 4939 257 5178 14 3417 167 5187 7560 152 8660 5663 3291 8204
418 8618 3380 108 9940 2038 910 1749 9609 9409 2750 9352 7034 1424 8734 4171 9296 2709 1026 1715 7781 6647
419 7949 1105 6021 205 9008 9230 246 8195 9330 8854 9487 2335 6701 1845 5356 5836 4821 4013 4983 8416 6150 2096 5973
420 9637 7304 7151 3102 4766 1878 714 9920 6225 646 8519 2590 2177 8260 1419 9950 1631
421 9139 3427 4893 1948 3474 9901 8815 6087 1773 1118 7006 1072 4741 5536 1250 9327 3560 1851 2822
422 3830 450 4526 5359 2760 7641 3664 4203 5742 5913 4572 6928 6840 8224 5911 5300 9707 5744 4025 6231 7988
423 6153 8920 9600 4928 4760 1538 5477 756 9332 6421 1067 3100 7939 111 9789 6942 7500 1694 7554 9638 2683 9460
424 7883 2175 7751 5029 457 5583 7280 3821 6166 6174 8493 3460 7893 2992 8853 4502 6133 2233 6221 5983
425 6044 9086 1647 652 5547 2577 9205 3465 2403 6437 7178 2462 7063 8361 2639 5335 9433 3901 243 4733 2546 3563 8670 6303 2549
426 782 6631 3047 551 4280 3882 2690 3095 2401 4420 8676 3991 1646 6490 6116 3069 7551 6905 3742
427 2666 3379 1273 7457 7448 1034 243 674 571 2294 4462 2802 3777 7118 2878 94
428 8116 6978 8343 776 2943 3528 2485 5871 2565 1510 6842 1292 4627 3923 7302 3897 4029 1381 8410 324 7591 3550 1536 6041 1368
429 1984 5307 6141 6280 6528 3784 1904 7521 860 4913 4036 9071 3219 8809 2255 7702 9544 7436 9176 8662 8036 7854 6520 9589
430 9551 6549 8156 7325 33 3227 7472 514 2236 8526 7697 3565 4791 2369
431 9842 7845 3784 2846 3865 1452 5162 953 3086 67 7677 7137 8272 8012 6531 2701
432 6537 3032 9290 6810 7138 3474 4586 9803 6260 8822 4807 3214 4960 3975 1080 8738 6940 7256 9460 3790
433 2962 8005 9139 238 1763 5053 6621 2983 2475 8428 9518 8174 2932 802 3093 2817 6338 8978 2161 6717 4342 9352 5103 3819 4245 517 6225 4039 2661 9734 2799 4192 6960 8798
434 3703 8049 9709 802 456 1293 4684 6729 4150 4420 3307 2798 439 138 8180 6478 5375 2279 1943 1873 6939
435 1025 2274 5713 4178 1937 4960 4906 6722 2289 4391 9708 725 8447 9682
436 7219 9731 155 108 3119 6250 3706 2910 1130 5171 3755 2721 1794 9091 284 722 3638 7719 3189 2137 916 3529
437 6101 1117 9586 7126 7634 524 1721 9376 9871 190 5026 1937 690 8371 8572 8114 9021 3099 9964 9175 6015 5632 6702 9986
438 8711 8896 4965 6853 4749 4313 8612 7536 2783 6643 2112 8556 5793 2532 592 7978 9886 9162 8103 7770 115 6449
439 6611 2100 8887 8912 4913 5104 3989 4414 3863 4730 1147 482 7739 2985 7597 9381 3202 9868 1379 2618
440 7053 7459 1942 691 6011 2895 5387 2409 8060 5676 3154 3088 4629 1112 8712 5890 3856 6160 2627 4242 4511
441 3013 3707 4439 8793 592 9953 2320 8610 388 9562 6793 926 4793 7636
442 1137 8978 9206 7041 874 8461 6356 2640 3729 7978 4641 2985 3008 9042 2562 5743 6300
443 527 5815 9256 4580 6048 757 1277 9805 7490 8250 5028 7924 9517 8175
444 8644 84 3792 8528 1571 7206 8121 9120 7606 9822 9837 670 1613 8486 2326 2911 2906 2879 1786 646 4677 7991 1065 8046 8548
445 8431 5752 5239 6464 6495 2806 2797 4973 3802 2406 7500 1876 2135 3948 3411 142 5 5983
446 3753 135 9260 4463 7162 5155 1323 675 5909 1898 8686 7336 7960 4529 3679 8124 4727 6633 4389 6414 535 9198 3167 2445 9821
447 5848 8601 2060 4528 5668 5132 218 6102 4429 8681 6931 792 9435 4365 8077 4285 987 6103 6636 8747 3145 4053 8677
448 4341 2003 7569 7856 7349 550 1153 759 8480 4785 3683 6521 779 1590 7237 5157 9028 4686
449 1752 4912 8894 5132 2168 1855 4299 3495 112 8995 6656 1014 685 931 735 7458 3990 5461 4689
450 9545 6608 7147 1167 5553 7048 865 6662 9635 5872 5358 7484 6999 2939 1541 1958 8515 1694 7991 6939
451 8716 3914 7367 267 1572 9947 332 2513 4636 6786 3352 4645 9740 8748 3486 3629 815 8337 8350 9063 7826 4944 4173 5817 3508
452 4660 3236 7233 5434 9485 5045 1310 7169 2624 343 7350 4066 9442 8029 3717 5068 4702 3817 3108 360
453 3728 3089 3684 4294 4567 8574 5416 8054 8967 9264 1609 2438 9691 8172 4933 602 1400 1717 4643
454 6980 6073 5278 1264 733 4300 7859 1602 5456 1888 8173 6694 1742 7721 916
455 300 5286 5043 1852 6070 5531 1445 6408 6484 4697 5730 7484 4742 1952 4364 9862 7675 309 1756
456 4664 949 9970 6696 2828 3581 8097 4491 3460 2449 100 816 3990 5928 2138 8996 3115
457 6465 3243 3408 5253 7659 6046 10 2424 1077 7819 9388 8469 1879 1389 6628 2447 3038
458 5437 4558 7845 3752 1176 2970 2817 1265 3230 3052 5674 8287 8044 4537 7212 9563 1040 771 8928 2894 2111 9953 9400 3214 3115
459 6281 7899 2158 583 425 5997 9354 8167 6262 6859 8925 4486 5474 8451 5884 4382 4040 1806 5350 7663 2262 1622
460 6467 1066 4004 1950 1962 4333 7604 1651 4832 9149 751 9066 7209 1829 9188 3464 3292 3959
461 9573 8880 1512 7039 6627 9005 9728 3999 5067 8093 6341 8367 9474 9388 1722 7309 89
462 6258 745 6327 6134 2322 2569 9775 6798 4984 9433 548 8715 6741 114 1756 3415 2645 8653 5181 2377
463 9848 523 6487 7568 6731 279 4302 7842 1905 2730 8822 1623 1646 2120 1459 5637 6192 6936 1885
464 1657 9014 6074 5698 2202 3429 9569 8569 8964 8489 7627 1052 1201 8191
465 2643 6692 2773 3079 7630 4350 4317 2979 8055 4504 1969 111 874 2730 915 3220 3098 150 1434 981 715 4307 8061 7633
466 3007 8854 4178 6184 8295 5200 2313 1778 3096 1911 3445 724 2500 3235
467 9023 6369 9933 9555 2565 7457 3575 770 9689 6295 8221 4397 2191 8911 3255 601 157 3722 4737 9986 9928 8338 9254
468 8644 3781 6332 3234 691 7290 5254 6257 349 7092 6673 1301 5223 7767 5692 5444 7846 9691 884
469 2613 8256 4055 7373 6941 1036 8632 6449 6256 4557 3536 8249 7272 9285 8795
470 9573 1287 7289 4870 131 4252 9843 9815 7737 8708 4771 716 8234 1337 9507 1619 8061 6472 6983 4557 6125 1605
471 6899 5033 5185 2147 126 5842 9959 7009 3193 748 9781 7444 9753 7689 3986
472 3783 3371 3113 3950 3507 1555 8257 6833 5826 550 6669 5216 2711 1953 4785 4704 964 6871 5004 6116 7633 4256 9845
473 5962 952 9107 4437 937 395 9822 6053 4433 1569 6473 3596 8097 8114 3722 5356 9149 5259 4741 5770 4393 3330 7993 3336
474 8491 1079 6650 7755 5234 1181 6024 2292 7604 2692 9885 1997 9878 4766 1521 2787 2466 2358 5078 6150 1394 5302
475 9955 2673 7511 3453 1858 9666 2607 638 7183 8816 7904 2966 2032 3278 6587 915 2982 9233 1315 7391 163 7155 4369 2890 9904
476 8130 6280 8512 1391 1020 1329 8506 9187 660 2753 2526 8270 4798 5655 648 5459 4464 4857 4975 2117 4644 7677 7108 4762
477 6986 9931 6545 1328 5964 4168 6236 232 4348 6063 7202 9712 1220 8270 5897 1297 8949 4669 8928 7692 8319 2661 4281 7215 4493 123
478 5748 7713 6778 4222 6526 7336 6214 5333 643 5989 8723 2382 2624 7977 6594 6507 6990 8308 4566 356 6825 1908
479 4855 7880 3377 6739 3190 405 8855 956 336 6163 1132 9344 7262 4240 2248 2946 2195 1994 2377
480 6672 8794 8907 991 3630 2028 5400 8947 7599 7082 5045 9920 5189 3056 1124 2376 784 3260 3464 5827 4272 2447
481 4314 4728 2685 7361 8445 5397 3125 3675 6423 7068 3552 7477 4537 6851 5659 8538 8578 2406 5716 8622 9636 4549 6521 212
482 2322 7252 2651 3923 829 9005 4815 7228 8674 270 779 388 8057 2896 28
483 6404 7806 8841 4079 3251 2847 8217 5418 944 2512 9887 5465 8793 3141 9030 555 4140 4835 3860 2840
484 6030 9669 5386 1560 8728 527 8814 5710 7216 639 9697 2873 3147 1019 789 7117 8734 3149 8719 2269 2218 4237 309
485 569 2790 2414 4801 8528 5860 1736 1293 5768 2321 7142 2156 2543 8451 3804 3901 6685 6728 6633 7353 2144 6795 3677 9971 4566 9182
486 321 9199 1476 5038 813 6698 1081 687 6355 8109 1807 7259 7952 6105 9711 7386 698 9312 1666 7256 4588 8505
487 2146 4343 1510 9425 7984 3853 4308 3269 3114 4925 4774 6773 5161 9732 4551 948 2289 8564 5953
488 7240 450 7012 707 3541 7919 867 5801 8628 528 8142 3352 2871 6377 2247 5907 3637 7191 9026 1685 9087 6666 5105 3806 366 7821 8151 6059 3967
489 753 6790 5462 1935 8176 934 5406 731 8522 1610 1241 4148 6468 4821 2596 4993 2802 2049
490 9013 3081 5253 1305 207 3942 2578 3121 6174 2798 1377 8329 6780 8171 773 7671 2522 5790 9543
491 4326 8043 7852 6014 2001 5288 1425 1354 3916 2462 5552 285 4771 44 9624 6809 6329 2102 2227 1499 120 4625
492 7219 8528 7320 5443 960 8056 744 3312 512 175 6812 8823 1459 9411 1943 1639 7574
493 2136 4752 7948 8210 56 9425 2608 6476 2747 7686 7777 1236 1982 3034 8492 5119 9682
494 8722 3395 511 7987 6226 4639 325 4606 3005 1306 6860 3530 7391 167 3042 8304 2872 9408 2551 8469
495 5880 2155 1750 7206 7193 5993 3795 46 676 8743 2811 2107 7006 6045 1080 2909 701 4078 3348 4094 1865 3986
496 8387 5860 8696 1139 6095 6855 1504 5895 7321 210 3970 1464 1366 8581 5343 8336 4078 983 9384 9794 6862 9430 6291 1500
497 5326 6296 4886 7087 7057 329 8787 3987 9315 5459 1457 4733 7572 2795 2660 4284 6983 4478 6448 2179 7632
498 6170 6360 4843 8690 2741 3013 686 1169 5109 1209 1624 7042 8876 3710 6793 1955 1540 8443 2366
499 2818 867 7694 5654 2321 8245 8753 1129 4755 2516 4347 2389 2017 6738 5441 2117 3470 8622 671 1402 7504
