100
0 8 27 155 120 236 56 47 146 39 100 339 95 43 115 288 129 105 91 250 935 720 3299 2212 180 210 207 59 64 108 81 511 257 160 104 422 789
1 8 0 1290 9 7 2 1 27 5 176 14 6 28 19 4 3 120 15 1572 126 121 485 11 63 23 199 869 37 65 21 404 3198 13 17 549 62 16 12 20 57 10 309 72 22 1089 1679 30 74 164 18 253 35 38 102 55 44 135 145 940 58 26 268 24 61 45 5367 1597 8734
2 8 0 2264 9 7 2 1 3244 27 14 6 28 4 3 120 69 15 485 11 23 21 482 148 252 355 17 3774 62 16 20 10 114 22 243 329 131 18 35 102 78 44 940 58 26 24 45 117 371 54 25 751 331 70 332 112 1106 103 1756 737 1506 637 1799 8761 927 342 132 1604 6668 5659
3 3097 725 907 249 1734 73 92 87 49 95 43 118 599 240 715 67 115 136 156 71 125 245 68 487 735 195 129 144 105 273 720 2348 776 180 170 3884 1005 1251 204 168 207 501 1114
4 115 111 68 890 162 195 129 144 105 1521 91 122 519 429 503 444 2348 4157 390 180 170 7687 210 2431 168 59 64 511 257 160 66 2052 1073 235 218 3348 3999
5 1263 1958 621 869 1173 3849 549 6698 1184 2614 41 29 728 25 84 158 161 112 31 1283 110 52 36 97 249 40 612 32 83 34 147 42 285 650 566 342 132 47 73 277 146 51 178 33 46 88 50 552 48 7537 747 3467 3870
6 0 1310 7 1 176 6 19 1334 859 37 65 21 13 12 20 10 1122 72 1184 30 442 18 38 78 44 145 82 41 29 1065 161 332 112 31 110 1106 36 1476 280 60 56 96 40 632 83 34 211 595 585 80 47 146 5514
7 8 0 9 7 2 1 14 6 28 19 4 3 15 1315 11 63 23 37 21 197 355 13 303 139 184 17 62 16 12 20 57 10 725 309 107 22 30 131 4371 18 253 35 316 102 55 410 1452 78 229 44 145 58 5429 24 224 61 45 82 41 4023 29 187 737 2045
8 252 290 41 117 29 54 187 25 84 158 31 110 52 36 97 280 56 96 40 32 83 34 147 42 299 301 1388 815 73 277 484 51 178 33 46 88 50 53 123 513 1468 92 849
9 0 138 6729 7 27 176 6 3 69 121 1077 63 199 869 948 17 62 16 2955 468 114 725 72 107 442 74 78 1554 5862 145 290 731 686 45 4390 41 653 29 25 84 158 70 161 332 110 1106 494 103 1270 899 1756 60 56 96 637 249 40 1510 32 34 42 299 650 1412 157 79 206 1388 1638 342 211 815 624 80 47 5200 2216 552 2170 6304
10 0 1737 2848 2 1 27 176 14 28 4 3 120 5926 708 11 23 199 65 482 13 17 62 16 20 10 309 30 131 18 35 410 290 24 61 45 82 41 117 29 187 25 158 331 70 161 110 52 36 60 56 1506 3477 1395 4090 211 595 624 609 850
11 709 13 139 236 114 1122 72 6656 356 442 2614 55 41 117 653 371 372 29 54 671 3457 161 332 112 494 36 103 97 83 34 301 650 79 206 585 4281 73 51 659 48 389 267 90 2261 86 375 432 3182 7559 339 231 49 95 43 198 240 439 542 715 67 382 1183 726 8139
12 8 0 138 1310 9 7 2 554 1 1502 27 5 155 1263 176 14 6 28 19 4 3 120 69 2153 15 126 121 11 1077 63 23 199 65 21 252 13 303 139 184 17 62 16 12 20 57 10 114 72 22 30 131 74 164 2371 18 253 152 1591 35 38 316 55 78 229 44 135 290 58 26 731 24 61 2291 2148 751
13 249 595 48 389 53 513 1524 119 140 267 1350 86 106 432 849 538 87 49 95 43 118 240 3398 542 136 156 71 125 245 137 68 487 129 105 91 122 250 273 390 572 2768 1981
14 708 1387 6577 6979 119 3441 3514 106 1627 39 3046 339 87 6087 98 71 1601 245 9559 137 68 992 238 7918 1575 735 1521 91 122 346 935 429 720 2240 1587 503 390 180 408 2521 4478 2126 1251 3839 168 59 64 108 81 4895 257 1132
15 8 0 138 9 7 2 1 27 5 968 14 6 28 19 4 3 120 15 126 1495 11 709 23 199 65 21 404 3198 13 17 3774 62 16 12 20 468 10 309 72 107 193 22 243 356 131 74 6459 164 18 152 35 38 316 102 55 5482 44 135 145 58 5429 26 268 24 224 61 686 45 372 2291 187 9365
16 659 288 9225 2983 170 2768 207 3054 66 2052 377 274 142 327 149 3759 2296 1447 216 707 85 825 843 393 841 264 94 246 933 76 196 2048 130 151 183 77 461 2205 275 3502 1762 256 370 258 5069 2857
17 583 6049 356 164 1591 1554 3923 731 4607 1270 879 1395 79 815 665 510 92 86 1352 4291 339 300 439 4063 561 1862 6378 245 68 1000 4343 346 1420 180 210 168 207 59 64 108 81 257 160 104 66 1073 377 142 327 3977 75 2296 189 638 1584 9927
18 138 583 355 13 12 38 229 1052 29 3158 187 161 52 280 879 32 83 147 157 1070 211 80 178 33 46 50 48 389 53 123 119 92 140 267 979 1350 86 1352 106 39 3053 175 100 339 231 87 95 3398 4102 7984
19 31 40 32 34 42 299 79 80 47 51 33 46 88 50 659 48 53 957 123 480 1524 4226 86 106 39 100 6379 849 87 49 95 300 517 118 599
20 8 1290 9 2 5526 28 4 2591 2153 15 797 11 709 199 21 3198 148 4171 13 12 20 10 107 22 18 35 44 1052 58 26 24 41 3497 70 161 332 97 280 3172 249 32 299 7347 1412 1225 1638 132 624 73 8454 1151 178 33 451 3706 389 123 3483 119 140 3441 1256 2659 39 432 2930 175 339 849 7048 3412 300 382
21 8 0 2264 9 7 2 1 27 5 176 14 28 4 3 69 15 797 11 63 23 199 65 21 252 1482 13 17 62 16 236 5661 12 57 10 114 977 107 22 7242 1089 30 131 74 164 18 35 1610 919 38 55 5482 78 166 44 1554 26 731 1888 24 45 82 4247 41 117 29 3158 158 494
22 8 0 1290 138 1310 9 7 2 1 27 5 155 14 7624 6 28 19 4 3 69 583 15 2818 126 121 9517 11 709 63 23 859 37 65 21 404 1173 148 197 355 13 303 139 184 17 16 236 12 20 57 468 10 114 977 1122 72 107 193 22 243 356 30 442 74 164 18 253 35 38 102 55 78 166 44 135 58 26 2402 268 731 24 1930
23 482 252 243 152 909 3700 671 84 70 52 56 426 32 1412 47 46 3706 1524 2198 1429 611 7658 95 4994 2579 881 43 118 2169 115 136 98 71 4336 172 3600 125 159 111 245 137 7918 288 1959 2653 545 195 129 144 105 273 4864 684
24 8 554 27 900 2060 621 1334 1572 708 121 948 184 17 16 236 725 977 309 6698 1184 74 253 8450 78 940 82 54 679 25 110 60 56 426 612 632 83 42 285 681 211 1428 80 47 6138 51 1151 178 33 451 1152 88 50 3706 53 6238 123 878 6347 3483 7086 1930 1468 5333 92 267 979 1256 90 86 2168 375 611 39 873 3046 175 961 231 538 2430 2444
25 6 19 120 37 20 72 54 25 84 70 161 112 31 52 36 103 60 56 96 40 32 83 34 147 301 157 79 566 342 132 80 47 73 51 178 33 46 850 88 50 4397
26 27 485 17 16 107 193 329 131 102 655 24 45 5959 187 25 84 1656 112 1106 907 6577 40 612 4090 147 299 157 206 1388 4497 342 132 80 47 2073 46 747 513 119 92 2067 267 1350 1429 1352 106 39 100 1850 171 87 49 43 118 240 715 3008
27 27 5 176 14 28 15 23 1954 482 252 139 184 17 2780 62 16 20 57 107 164 35 44 909 24 45 82 41 29 54 679 187 25 84 158 331 70 161 31 52 36 1476 60 1506 96 249 40 32 1395 83 8761 34 42 1734 299 524 1412 157 79 206 1225 211 815
28 2 6 4 621 11 148 1583 17 12 10 114 1917 164 253 35 78 44 61 82 41 653 29 914 84 70 1656 112 31 1106 103 1506 612 285 301 681 132 51 1151 552 48 53 123 267 2659 1352 611 175 1344 782 49 6092 95 300 881 43 198 2819 1643 125 5603
29 27 65 139 236 329 442 290 331 31 330 147 650 48 513 727 231 517 880 599 156 137 68 1000 162 91 250 5667 180 204 1401 59 1697 64 108 81 1673 257 496 160 104 271 501 66 255 1023 8034
30 2076 1610 268 330 625 2385 389 2973 517 240 67 424 98 6097 125 1183 5634 111 1332 68 487 992 162 195 144 105 91 122 273 2292 503 444 5667 2348 574 170 408 8938 2196 1826 7325 5626 1401 64 108 928 81 1771 1132 496 104 271 501 3054
31 8 0 138 9 7 2 554 1 27 5 176 14 6 28 19 4 3 120 15 621 797 126 11 63 23 199 869 37 65 21 197 867 13 139 184 17 549 16 12 20 10 114 72 22 356 30 131 74 18 253 35 38 102 55 229 44 1052 135 58 26 268 24 45 82 117
32 138 5921 3110 968 176 120 69 1315 797 11 709 65 197 13 139 184 2076 12 20 10 72 442 2614 131 74 253 38 102 2700 58 2486 4364 655 2402 24 686 82 41 5051 2841 29 728 25 84 331 70 112 31 110 52 36 97 1597 1200 60 56 426 96 40 632 32 83 34 42 285 524 301 1412 157 206 5448
33 3097 138 120 69 63 482 1384 1583 57 1951 1917 22 229 41 29 2291 54 25 84 331 70 5091 161 112 31 110 494 52 36 103 97 1597 1756 60 56 96 40 32 83 5150 34 42 1734 301 342 211 915 132 1604 80 47 73 277 51 609 178 46 3514 7585
34 8 9 2 27 14 28 4 2153 6604 121 11 63 23 37 17 16 20 10 164 18 35 58 26 268 24 2713 45 41 9894 25 60 40 83 34 42 285 301 206 9886 342 681 211 47 73 51 178 33 46 5659
35 829 7709 59 64 108 81 257 104 66 1721 235 142 3977 638 85 212 454 94 1440 246 76 173 500 77 310 594 646 448 343 227 89 1017 154 3215
36 164 751 301 48 979 86 2612 961 727 95 118 198 240 2274 136 98 71 1601 2019 125 111 1783 137 68 1027 162 144 105 91 1365 519 3358 4688 619 180 574 2196 2521 204 168 59 64 108 511 4953 5974
37 3097 0 7 1 5 968 176 6 19 3 120 126 859 37 252 184 236 114 243 1089 356 30 253 152 55 410 166 5862 61 82 41 371 54 158 36 60 56 6577 96 40 34 524 79 681 585 146 51 609 2073 88 50 48 53 395 1256 90 325 375 106 2612 175 3222 3412 2444 5603
38 59 64 108 81 257 66 1073 255 235 142 327 1321 75 216 707 459 85 2334 212 94 1541 76 173 130 183 225 77 461 6166 256 1549 7977 739 2717
39 138 1671 5921 27 968 176 120 797 5381 37 148 184 17 62 16 468 977 22 74 164 2889 102 55 166 686 45 82 728 54 25 4768 84 158 70 31 110 52 36 103 97 280 1597 60 56 96 40 632 32 1395 83 34 42 299 524 301 5546 79 1171 566 595 47 146 51 1296 88 747 878 1930 2383 7104
40 155 482 907 157 915 50 513 92 267 86 39 432 231 538 87 49 95 300 517 880 43 118 439 67 115 136 156 561 2444 98 71 172 4225 2208 125 159 5973 111 245 1332 137 68 1027 487 2120
41 0 7 554 1 5 900 6 19 3 120 15 121 21 1173 148 197 13 139 549 62 2076 12 57 309 6656 4142 193 22 329 1679 30 442 131 74 253 152 38 55 78 229 166 44 145 4364 268 224 82 117 371 29 54 84 112 31 110 52 36 103 97 1756 737 1408 330 426 96 32 83 79 625 2504 665 873
42 8 0 138 9 7 2 1 27 5 1263 176 14 6 28 19 4 3 69 15 708 126 121 9517 1495 11 63 23 37 65 21 482 252 13 184 17 62 16 12 20 10 114 72 22 1184 356 30 131 74 164 18 35 38 55 78 229 166 44 135 145 58 26 24 224 61 45 1387 914
43 1876 48 119 111 238 162 129 144 105 122 346 250 429 5860 619 390 180 574 3884 210 5603 168 59 64 108 81 257 496 160 104 6057 271 1131 66 596 235 142 1321 2296 1667
44 52 1070 595 277 178 1413 4226 119 4977 1809 375 39 175 100 339 171 49 95 880 43 118 4551 67 115 136 156 98 4336 172 159 111 245 1783 137 68 1027 238 288 162 144 519 5860 4869
45 8 0 138 9 7 2 554 1 5 155 14 6 28 19 4 3 120 69 15 7055 126 121 11 63 23 37 1954 65 21 252 1482 2513 197 355 13 184 17 5661 12 20 10 1714 114 309 1122 6698 193 22 243 30 131 6459 164 18 35 38 102 55 78 166 44 135 290 5990 58 26 655 24 61 45 82 371 1387 3158 187 1881 7850
46 8 0 138 9 7 2 1 1502 27 5 155 968 14 6 28 19 4 3 15 121 485 11 63 23 37 65 21 482 148 13 17 549 62 16 12 20 57 10 309 72 107 22 243 329 30 74 164 18 152 38 102 55 410 78 166 44 145 58 26 24 224 45 41 2291 873
47 138 27 5 583 139 1434 1184 316 3106 5990 26 82 728 54 494 1200 9054 249 42 157 79 1171 206 1638 73 625 146 484 51 33 451 46 88 659 48 53 123 662 3379 3483 480 140 395 443 267 90 4977 3514 86 106 39 2612 348 4291 175 100 339 231 171 87 95 517 4063 5182
48 8 0 138 9 7 1 968 6 19 3684 3 120 583 37 404 1384 148 252 13 184 2955 20 72 356 30 164 102 55 410 1554 58 26 61 4247 54 2148 914 1065 25 751 84 70 4799 31 1283 110 52 36 103 97 60 56 330 426 96 249 40 1510 632 32 83 34 147 285 4497
49 1671 7 3 120 69 37 21 482 13 62 1122 22 131 74 8450 316 1452 166 3923 61 2148 1065 84 70 4613 31 110 899 32 1395 566 1604 665 7537 9957 106 7559 118 439 4551 715 156 98 111 137 68 238 1959 162 195 144 91 122 346 519 720 503 3299 444 390 5895 1826 2741 572 3839
50 69 485 63 859 148 1482 2513 303 30 919 25 84 70 112 31 110 52 36 103 60 96 40 632 32 83 34 42 301 157 79 211 585 132 5295 80 73 51 33 46 50 513 1524 92 140 443 267 86 2825 171 2430 880 4178
51 8 0 138 9 7 2 1 27 5 155 14 6 28 19 4 3 15 2818 121 11 63 23 37 21 197 13 17 16 12 20 468 10 725 977 72 22 329 30 74 18 35 38 102 55 78 44 3923 58 26 268 24 61 45 82 41 117 371 1387 3046
52 105 122 4589 2983 170 408 1401 207 59 64 108 81 1132 160 104 271 501 66 255 1023 377 789 142 327 1153 75 1702 5313 216 8955 85 409 825 212 2162 228 391 173 196 310
53 583 1958 1495 1077 1434 74 38 45 6126 679 7712 70 161 332 110 52 899 3102 1408 249 1510 32 5150 6035 927 1171 211 625 1296 665 552 123 510 662 8660 4848 5773 92 2744 4977 325 611 873 100 171 49 6092 1894 517 118 2169 67 115 382 4525 2316 98 71 1704 159 1027 238 1959 545 195 476 129 144 1571 91 999
54 0 9 7 1 14 3 69 23 21 482 13 17 62 16 57 468 309 193 243 164 35 78 61 45 41 29 54 25 84 158 331 70 332 31 110 52 36 103 280 60 1506 96 40 32 83 34 147 1734 1171 2383
55 8 0 138 1737 9 7 2 554 1 1502 3244 27 5 155 900 1263 176 14 6 6887 28 19 4 3 15 797 126 121 1495 485 11 63 23 199 869 37 65 21 404 252 867 13 303 139 17 3774 16 12 20 57 468 10 114 725 72 107 193 22 1089 1434 1184 356 30 131 164 18 253 152 35 38 316 102 55 410 78 229 166 44 145 58 909 26 268 731 61 82 2112 4148 3477
56 3756 5276 948 8402 117 728 52 342 624 46 878 92 395 90 2659 106 100 6379 95 880 715 67 136 382 156 98 4514 159 1183 5634 111 137 68 1000 162 144 105 91 122 250 273 519 720 503 444 574 8992 5895 2177 3057
57 3975 5 968 19 1334 126 37 404 197 20 114 30 38 55 2700 135 26 268 3831 82 41 54 671 25 158 4301 161 110 36 103 907 97 1408 56 1506 96 40 83 34 42 6979 132 3613 47 73 146 484 33 50 659 53 480 1468 140 2744 90 375 118 2120
58 41 29 54 187 25 84 158 70 161 112 31 52 36 103 97 60 56 426 1799 40 32 34 42 299 285 5546 79 1171 206 342 585 80 47 51 609 178 33 451 46 850 88 50 389 2120
59 91 250 519 180 210 204 64 81 160 104 271 66 274 142 327 218 75 149 189 1119 216 1385 85 94 246 933 183 225 77 256 646 1745 343
60 19 15 107 38 229 54 52 36 5554 5985 1799 40 83 33 451 88 50 53 123 747 878 92 2612 100 6379 538 87 95 43 118 198 240 2169 67 115 424 2316 71 159 111 137 68 2526 476
61 121 63 468 193 131 731 103 60 42 566 342 815 2976 80 47 119 90 106 39 348 87 95 2430 7672 300 43 118 198 240 67 115 136 156 98 71 4510 172 125 159 1183 2683 111 245 137 487 7918 6616 1365 6051 9584
62 0 138 7 1 155 176 7624 3 121 65 16 236 114 309 1122 74 1591 919 102 61 45 117 2841 25 84 1881 112 31 1283 110 103 907 9502 60 56 34 79 6668 47 484 46 48 53 662 5773 92 443 90 1429 106 348 100 6379 231 2616 95 4982
63 8 0 138 9 7 2 1 27 5 155 900 176 14 6 28 19 4 3 69 583 15 1495 11 23 859 37 21 148 13 17 16 12 20 57 468 10 1714 977 72 107 22 243 356 30 131 74 164 18 35 38 316 102 55 44 135 145 58 26 4364 268 24 8402 61 45 82 7892
64 14 63 23 1384 236 57 72 164 35 44 117 9305 671 679 2433 158 1283 110 56 524 3211 53 123 1930 4291 100 538 171 87 49 95 43 240 542 67 1601 172 125 245 238 129 105 91 273 503 2983 574 8334 170 408 1005 829 2126 210 2177 1251 1771 8270 6769
65 69 65 139 72 1679 74 253 410 166 135 82 117 54 158 4148 110 36 103 97 1270 280 1597 56 330 96 632 83 34 147 285 157 206 132 80 47 73 277 484 51 178 33 46 88 50 552 389 53 662 119 1468 395 443 979 90 1429 86 106 432 175 849 4178 4288
66 27 485 17 549 62 16 236 468 4347 309 6656 22 74 1610 166 44 135 224 45 82 41 117 25 4148 161 3477 1395 42 524 301 79 1171 342 681 211 815 132 80 51 178 33 46 88 50 659 48 53 1413 123 747 662 119 92 140 443 267 375 106 39 3053 432 9933 8751
67 8 0 1290 9 7 2 1 5 155 14 6 28 19 4 3 69 15 126 11 63 23 37 65 21 13 3389 12 20 57 10 114 107 193 1434 3767 356 30 18 152 35 38 316 2700 78 229 1052 145 58 26 24 61 117 4023 29 1387 54 671 2148 187 158 1881 112 31 1270 899 8080
68 62 468 1888 41 372 2112 25 331 112 36 899 60 426 1506 40 5350 612 1395 83 34 42 299 79 3160 1638 342 681 132 1428 47 51 2216 33 46 50 48 53 123 4266 7584 513 4226 140 90 2487 86 1352 39 100 3591
69 1757 829 204 207 59 64 108 81 257 496 160 104 422 501 66 274 142 3266 218 1155 335 75 149 189 1119 216 85 212 264 94 933 76 1522 196 151 1294 8271
70 176 253 410 29 332 56 146 46 48 53 90 86 106 39 432 100 339 782 2973 87 49 95 880 43 118 198 240 67 136 382 1862 424 98 71 4510 172 4225 3600 125 159 5973 1332 487 1365
71 3684 2591 15 1384 252 355 977 290 655 4656 728 4148 566 624 6668 51 451 46 510 3424 119 9957 395 90 86 39 87 6018 49 95 881 43 439 715 67 4881 115 561 71 172 125 726 288 129 105 273 2240 3299 2348 2212 390 8992 8334 170 2360 408 2431 1131 3142
72 1384 948 2433 599 136 156 125 890 162 105 250 3358 1420 800 7862 104 271 501 1131 66 2052 1073 255 1721 377 789 235 142 327 218 75 3038 149 3759 189 1119 216 707 85 409 825 393 2334 212 1320 962 228 264 3032
73 69 22 80 47 8454 46 3706 510 140 443 2198 267 1256 39 348 782 95 300 2579 43 118 240 136 156 424 98 71 172 111 137 68 487 162 476 129 105 1571 91 122 1195 2240 776
74 8 9 2848 2 1 968 5526 28 4 15 11 199 65 21 13 12 10 243 131 18 38 102 24 112 110 97 9543 32 34 147 42 595 80 47 73 51 33 88 665 50 957 123 7086 395 443 267 325 1627 432 2274 4881
75 2 27 5 155 14 6 28 19 4 120 69 583 15 11 63 23 37 65 148 1482 139 17 62 12 20 57 10 977 356 30 442 38 55 410 229 145 224 82 371 29 679 751 161 52 36 426 40 147 42 8734 211 132 277 146 51 178 1296 850 88 50 48 4848 325 873 2616 2136 6930 6165
76 8 0 9 7 2 1 27 5 155 900 14 6 28 19 4 3 2060 15 126 121 11 63 23 199 869 37 21 404 148 355 867 13 3849 184 17 549 62 3992 16 236 12 20 57 10 114 107 22 30 164 18 6402 152 35 38 55 78 166 44 145 26 4364 24 224 61 45 117 371 372 8095 4500 737 1388
77 59 64 81 104 271 66 377 235 142 75 85 212 228 264 94 246 76 173 130 151 183 77 1221 256 604 1549 233 647 403 1442 343 495 896 6163
78 1502 1597 32 1734 2282 285 850 48 53 119 443 3676 90 1350 325 106 961 231 171 87 49 43 198 240 715 67 115 1643 1862 424 71 1601 172 125 245 487 238 162 476 4421 91 122 2292 429 444 619 390 7895 170 8702
79 8 0 9 1 121 485 16 57 107 329 18 102 58 26 24 45 372 54 25 112 103 97 60 96 83 34 157 206 80 47 73 277 484 33 46 119 140 443 86 106 39 782 538 3071
80 8 0 138 9 7 2 1 27 5 968 14 6 28 19 4 3 120 69 2060 15 1572 126 121 11 63 23 869 37 65 21 148 252 197 355 13 303 139 184 17 62 16 12 20 10 309 107 22 329 30 442 131 18 35 919 38 316 102 44 3106 145 3923 58 909 26 268 24 224 61 686 45 82 653 371 1065 6337
81 138 63 355 253 102 7234 41 29 158 5091 161 332 60 40 147 42 301 79 681 211 4281 80 47 73 277 146 51 178 33 451 1296 46 88 50 957 662 513 119 140 267 3441 325 375 1627 432 175 100 727 231 171 87 49 3398 2136 8094
82 155 126 199 252 54 25 3457 112 494 52 36 56 426 1506 96 83 2282 80 277 484 389 747 39 339 7677 198 67 136 288 999 444 390 9551 4478 572 204 168 59 64 684 81 496 160 104 271 3142 1989 978 235 142 335 9542
83 8 0 9 7 2 1 3244 27 5 155 968 900 14 6 28 19 4 3 120 15 126 121 11 23 199 37 21 404 13 184 17 2780 549 16 12 20 57 10 72 329 442 131 18 152 35 38 55 78 44 58 26 24 61 45 82 41 117 371 372 54 2433 751 1225 3807
84 8 138 1737 9 7 5 155 176 6 19 15 621 63 37 65 5276 21 6049 13 139 62 12 57 468 4347 114 72 107 22 442 74 38 102 55 78 229 44 135 145 940 58 26 224 117 653 29 54 914 84 70 161 332 112 31 52 103 97 280 56 330 96 249 40 32 83 34 147 301 157 915 9047
85 139 74 31 330 524 73 510 513 119 267 611 1344 231 171 49 95 881 715 67 68 238 288 162 195 144 105 4421 91 122 429 720 503 4864 390 574 170 408 2741 1757 210 204 207 59 64 2651
86 0 9 7 2 1 27 5 968 14 6 28 19 4 3 15 708 126 11 23 199 37 21 404 252 13 303 139 17 62 16 12 20 10 72 193 30 131 74 164 18 152 1591 35 38 102 55 410 44 135 145 58 26 24 61 45 117 914 187 84 1270 879 1395
87 17 62 22 18 152 909 82 371 679 84 70 249 632 32 3160 2045 624 625 178 33 88 50 552 53 123 119 1809 2825 3053 348 538 87 300 43 599 115 71 159 3489 726 137 2526 663 545 476 129 250 519 4589 1420 170 1005 210 800 1251 995 2757 928 9542
88 554 1263 869 4171 549 7117 4841 224 54 52 4500 330 96 83 34 5546 73 51 33 7727 957 510 480 1468 9957 5668 90 9593 7559 231 171 49 5778 118 198 542 2169 67 136 382 561 424 2316 98 1704 172 3600 125 1183 1896 111 1736 1332 137 1027 238 545 162 195 476 1571 273
89 1495 867 22 44 268 41 29 914 161 31 110 52 36 56 330 40 5350 32 42 1734 79 595 4281 625 146 51 178 33 88 665 50 48 53 2170 7584 480 5773 92 267 1809 325 348 9514 100 87 49 95 300 8978
90 138 27 5 14 28 63 23 65 1384 184 20 72 2371 38 55 1052 135 290 2899 26 655 686 372 679 25 3457 751 158 331 31 110 36 907 1476 60 56 9054 32 147 42 157 79 5448 132 80 51 46 88 50 48 53 4266 92 140 395 90 1809 86 175 727 3222 3248
91 3244 97 1070 663 2212 619 180 2871 170 408 2741 210 204 168 207 59 1437 64 108 511 104 501 66 2052 255 2138 142 327 218 1155 335 75 189 1119 216 707 85 409 825 843 962 841 228 2492 1522 196 1287 2304
92 1958 121 1583 16 57 1714 107 1434 356 74 2371 316 166 9138 45 41 54 187 25 36 97 1799 42 299 206 595 815 915 132 80 2385 51 451 659 48 92 2067 3676 86 106 611 175 100 231 49 7776 715 7373 1862 98 4336 8801 245 137 68 144 122 346 2572 7777 2705
93 549 1951 31 60 42 915 1152 49 122 503 3839 7325 207 59 108 81 257 496 160 422 501 66 2185 377 142 327 218 1155 75 149 2296 1702 459 85 4919 409 393 212 962 841 264 454 2492
94 451 46 659 48 53 1930 119 140 2744 90 375 3053 348 100 599 67 382 156 98 172 159 1783 137 68 1000 663 735 162 129 144 105 5725 4421 91 122 273 720 503 444 4157 619 180 574 408 2707
95 33 88 50 389 53 510 480 119 92 140 90 2659 2383 86 2825 106 39 339 231 87 49 95 300 43 240 439 67 136 156 561 2444 98 71 172 125 159 3199 111 3489 7173 487
96 2 155 4 2818 11 63 184 12 57 10 131 74 18 229 145 29 25 1766 84 70 112 31 52 2003 737 60 56 249 40 32 42 301 80 73 51 609 178 33 88 50 53 123 92 140 6222
97 8 0 138 9 7 2 1 27 5 14 6 28 19 4 3 120 69 15 126 121 11 63 5381 23 37 65 5276 21 148 6102 197 13 17 62 16 12 20 57 10 114 72 4142 22 1434 329 30 131 18 152 35 38 2889 102 55 78 44 290 58 26 24 61 45 82 9691
98 8 3097 0 9 7 2 1 27 5 14 6 28 19 4 3 120 69 15 797 121 11 63 23 37 65 21 355 13 303 139 17 62 16 236 12 20 57 10 114 72 193 22 329 30 2478 18 35 38 55 410 78 229 166 44 145 58 26 24 224 45 82 117
99 138 3110 69 583 15 1334 63 199 482 252 139 62 22 2478 152 166 44 7234 224 61 686 29 54 187 1065 25 84 331 70 161 332 31 110 52 36 103 1476 280 1756 60 56 96 637 249 40 32 34 147 42 1734 299 285 79 211 915 132 80 47 73 146 51 2504 609 389 5851 4397
